[2024-04-22T04:30:43.187+0000] {taskinstance.py:1957} INFO - Dependencies all met for dep_context=non-requeueable deps ti=<TaskInstance: get_Data_Submission_Reddit_pipeline.get_Data_Submission_Reddit scheduled__2024-04-22T01:00:00+00:00 [queued]>
[2024-04-22T04:30:43.215+0000] {taskinstance.py:1957} INFO - Dependencies all met for dep_context=requeueable deps ti=<TaskInstance: get_Data_Submission_Reddit_pipeline.get_Data_Submission_Reddit scheduled__2024-04-22T01:00:00+00:00 [queued]>
[2024-04-22T04:30:43.215+0000] {taskinstance.py:2171} INFO - Starting attempt 1 of 1
[2024-04-22T04:30:43.254+0000] {taskinstance.py:2192} INFO - Executing <Task(PythonOperator): get_Data_Submission_Reddit> on 2024-04-22 01:00:00+00:00
[2024-04-22T04:30:43.261+0000] {standard_task_runner.py:60} INFO - Started process 896 to run task
[2024-04-22T04:30:43.273+0000] {standard_task_runner.py:87} INFO - Running: ['***', 'tasks', 'run', 'get_Data_Submission_Reddit_pipeline', 'get_Data_Submission_Reddit', 'scheduled__2024-04-22T01:00:00+00:00', '--job-id', '36', '--raw', '--subdir', 'DAGS_FOLDER/GetPost.py', '--cfg-path', '/tmp/tmpg5xqalyq']
[2024-04-22T04:30:43.281+0000] {standard_task_runner.py:88} INFO - Job 36: Subtask get_Data_Submission_Reddit
[2024-04-22T04:30:43.421+0000] {task_command.py:423} INFO - Running <TaskInstance: get_Data_Submission_Reddit_pipeline.get_Data_Submission_Reddit scheduled__2024-04-22T01:00:00+00:00 [running]> on host d4c97f52cb78
[2024-04-22T04:30:43.567+0000] {taskinstance.py:2481} INFO - Exporting env vars: AIRFLOW_CTX_DAG_OWNER='***' AIRFLOW_CTX_DAG_ID='get_Data_Submission_Reddit_pipeline' AIRFLOW_CTX_TASK_ID='get_Data_Submission_Reddit' AIRFLOW_CTX_EXECUTION_DATE='2024-04-22T01:00:00+00:00' AIRFLOW_CTX_TRY_NUMBER='1' AIRFLOW_CTX_DAG_RUN_ID='scheduled__2024-04-22T01:00:00+00:00'
[2024-04-22T04:30:43.570+0000] {logging_mixin.py:188} INFO - True
[2024-04-22T04:30:44.659+0000] {logging_mixin.py:188} WARNING - /home/***/.local/lib/python3.8/site-packages/***/utils/context.py:315 AirflowContextDeprecationWarning: Accessing 'execution_date' from the template is deprecated and will be removed in a future version. Please use 'data_interval_start' or 'logical_date' instead.
[2024-04-22T04:30:44.660+0000] {taskinstance.py:2699} ERROR - Task failed with exception
Traceback (most recent call last):
  File "/home/airflow/.local/lib/python3.8/site-packages/airflow/models/taskinstance.py", line 433, in _execute_task
    result = execute_callable(context=context, **execute_callable_kwargs)
  File "/home/airflow/.local/lib/python3.8/site-packages/airflow/operators/python.py", line 199, in execute
    return_value = self.execute_callable()
  File "/home/airflow/.local/lib/python3.8/site-packages/airflow/operators/python.py", line 216, in execute_callable
    return self.python_callable(*self.op_args, **self.op_kwargs)
  File "/opt/airflow/dags/GetPost.py", line 46, in _get_Data_Submission_Reddit
    json.dump(data, f)
NameError: name 'data' is not defined
[2024-04-22T04:30:44.671+0000] {taskinstance.py:1138} INFO - Marking task as FAILED. dag_id=get_Data_Submission_Reddit_pipeline, task_id=get_Data_Submission_Reddit, execution_date=20240422T010000, start_date=20240422T043043, end_date=20240422T043044
[2024-04-22T04:30:44.687+0000] {standard_task_runner.py:107} ERROR - Failed to execute job 36 for task get_Data_Submission_Reddit (name 'data' is not defined; 896)
[2024-04-22T04:30:44.697+0000] {local_task_job_runner.py:234} INFO - Task exited with return code 1
[2024-04-22T04:30:44.715+0000] {taskinstance.py:3281} INFO - 0 downstream tasks scheduled from follow-on schedule check
[2024-04-22T04:33:14.545+0000] {taskinstance.py:1957} INFO - Dependencies all met for dep_context=non-requeueable deps ti=<TaskInstance: get_Data_Submission_Reddit_pipeline.get_Data_Submission_Reddit scheduled__2024-04-22T01:00:00+00:00 [queued]>
[2024-04-22T04:33:14.556+0000] {taskinstance.py:1957} INFO - Dependencies all met for dep_context=requeueable deps ti=<TaskInstance: get_Data_Submission_Reddit_pipeline.get_Data_Submission_Reddit scheduled__2024-04-22T01:00:00+00:00 [queued]>
[2024-04-22T04:33:14.556+0000] {taskinstance.py:2171} INFO - Starting attempt 1 of 1
[2024-04-22T04:33:14.573+0000] {taskinstance.py:2192} INFO - Executing <Task(PythonOperator): get_Data_Submission_Reddit> on 2024-04-22 01:00:00+00:00
[2024-04-22T04:33:14.580+0000] {standard_task_runner.py:60} INFO - Started process 1093 to run task
[2024-04-22T04:33:14.584+0000] {standard_task_runner.py:87} INFO - Running: ['***', 'tasks', 'run', 'get_Data_Submission_Reddit_pipeline', 'get_Data_Submission_Reddit', 'scheduled__2024-04-22T01:00:00+00:00', '--job-id', '65', '--raw', '--subdir', 'DAGS_FOLDER/GetPost.py', '--cfg-path', '/tmp/tmpnnff0ujs']
[2024-04-22T04:33:14.587+0000] {standard_task_runner.py:88} INFO - Job 65: Subtask get_Data_Submission_Reddit
[2024-04-22T04:33:14.641+0000] {task_command.py:423} INFO - Running <TaskInstance: get_Data_Submission_Reddit_pipeline.get_Data_Submission_Reddit scheduled__2024-04-22T01:00:00+00:00 [running]> on host d4c97f52cb78
[2024-04-22T04:33:14.728+0000] {taskinstance.py:2481} INFO - Exporting env vars: AIRFLOW_CTX_DAG_OWNER='***' AIRFLOW_CTX_DAG_ID='get_Data_Submission_Reddit_pipeline' AIRFLOW_CTX_TASK_ID='get_Data_Submission_Reddit' AIRFLOW_CTX_EXECUTION_DATE='2024-04-22T01:00:00+00:00' AIRFLOW_CTX_TRY_NUMBER='1' AIRFLOW_CTX_DAG_RUN_ID='scheduled__2024-04-22T01:00:00+00:00'
[2024-04-22T04:33:14.731+0000] {logging_mixin.py:188} INFO - True
[2024-04-22T04:33:15.990+0000] {logging_mixin.py:188} WARNING - /home/***/.local/lib/python3.8/site-packages/***/utils/context.py:315 AirflowContextDeprecationWarning: Accessing 'execution_date' from the template is deprecated and will be removed in a future version. Please use 'data_interval_start' or 'logical_date' instead.
[2024-04-22T04:33:15.990+0000] {taskinstance.py:2699} ERROR - Task failed with exception
Traceback (most recent call last):
  File "/home/airflow/.local/lib/python3.8/site-packages/airflow/models/taskinstance.py", line 433, in _execute_task
    result = execute_callable(context=context, **execute_callable_kwargs)
  File "/home/airflow/.local/lib/python3.8/site-packages/airflow/operators/python.py", line 199, in execute
    return_value = self.execute_callable()
  File "/home/airflow/.local/lib/python3.8/site-packages/airflow/operators/python.py", line 216, in execute_callable
    return self.python_callable(*self.op_args, **self.op_kwargs)
  File "/opt/airflow/dags/GetPost.py", line 46, in _get_Data_Submission_Reddit
    json.dump(list_datareddit, f)
  File "/usr/local/lib/python3.8/json/__init__.py", line 179, in dump
    for chunk in iterable:
  File "/usr/local/lib/python3.8/json/encoder.py", line 429, in _iterencode
    yield from _iterencode_list(o, _current_indent_level)
  File "/usr/local/lib/python3.8/json/encoder.py", line 325, in _iterencode_list
    yield from chunks
  File "/usr/local/lib/python3.8/json/encoder.py", line 405, in _iterencode_dict
    yield from chunks
  File "/usr/local/lib/python3.8/json/encoder.py", line 438, in _iterencode
    o = _default(o)
  File "/usr/local/lib/python3.8/json/encoder.py", line 179, in default
    raise TypeError(f'Object of type {o.__class__.__name__} '
TypeError: Object of type datetime is not JSON serializable
[2024-04-22T04:33:15.998+0000] {taskinstance.py:1138} INFO - Marking task as FAILED. dag_id=get_Data_Submission_Reddit_pipeline, task_id=get_Data_Submission_Reddit, execution_date=20240422T010000, start_date=20240422T043314, end_date=20240422T043315
[2024-04-22T04:33:16.017+0000] {standard_task_runner.py:107} ERROR - Failed to execute job 65 for task get_Data_Submission_Reddit (Object of type datetime is not JSON serializable; 1093)
[2024-04-22T04:33:16.051+0000] {local_task_job_runner.py:234} INFO - Task exited with return code 1
[2024-04-22T04:33:16.078+0000] {taskinstance.py:3281} INFO - 0 downstream tasks scheduled from follow-on schedule check
[2024-04-23T09:47:17.093+0000] {taskinstance.py:1957} INFO - Dependencies all met for dep_context=non-requeueable deps ti=<TaskInstance: get_Data_Submission_Reddit_pipeline.get_Data_Submission_Reddit scheduled__2024-04-22T01:00:00+00:00 [queued]>
[2024-04-23T09:47:17.149+0000] {taskinstance.py:1957} INFO - Dependencies all met for dep_context=requeueable deps ti=<TaskInstance: get_Data_Submission_Reddit_pipeline.get_Data_Submission_Reddit scheduled__2024-04-22T01:00:00+00:00 [queued]>
[2024-04-23T09:47:17.150+0000] {taskinstance.py:2171} INFO - Starting attempt 1 of 1
[2024-04-23T09:47:17.308+0000] {taskinstance.py:2192} INFO - Executing <Task(PythonOperator): get_Data_Submission_Reddit> on 2024-04-22 01:00:00+00:00
[2024-04-23T09:47:17.331+0000] {standard_task_runner.py:60} INFO - Started process 403 to run task
[2024-04-23T09:47:17.346+0000] {standard_task_runner.py:87} INFO - Running: ['***', 'tasks', 'run', 'get_Data_Submission_Reddit_pipeline', 'get_Data_Submission_Reddit', 'scheduled__2024-04-22T01:00:00+00:00', '--job-id', '283', '--raw', '--subdir', 'DAGS_FOLDER/GetPost.py', '--cfg-path', '/tmp/tmpu74z7av8']
[2024-04-23T09:47:17.381+0000] {standard_task_runner.py:88} INFO - Job 283: Subtask get_Data_Submission_Reddit
[2024-04-23T09:47:17.606+0000] {task_command.py:423} INFO - Running <TaskInstance: get_Data_Submission_Reddit_pipeline.get_Data_Submission_Reddit scheduled__2024-04-22T01:00:00+00:00 [running]> on host 694ea5737885
[2024-04-23T09:47:18.213+0000] {taskinstance.py:2481} INFO - Exporting env vars: AIRFLOW_CTX_DAG_OWNER='***' AIRFLOW_CTX_DAG_ID='get_Data_Submission_Reddit_pipeline' AIRFLOW_CTX_TASK_ID='get_Data_Submission_Reddit' AIRFLOW_CTX_EXECUTION_DATE='2024-04-22T01:00:00+00:00' AIRFLOW_CTX_TRY_NUMBER='1' AIRFLOW_CTX_DAG_RUN_ID='scheduled__2024-04-22T01:00:00+00:00'
[2024-04-23T09:47:18.291+0000] {logging_mixin.py:188} INFO - True
[2024-04-23T09:47:20.245+0000] {logging_mixin.py:188} WARNING - /home/***/.local/lib/python3.8/site-packages/***/utils/context.py:315 AirflowContextDeprecationWarning: Accessing 'execution_date' from the template is deprecated and will be removed in a future version. Please use 'data_interval_start' or 'logical_date' instead.
[2024-04-23T09:47:20.265+0000] {python.py:201} INFO - Done. Returned value was: /opt/***/dags/staging/Submission_Reddit_Data_2024-04-22T01:00:00+00:00.json
[2024-04-23T09:47:20.438+0000] {taskinstance.py:1138} INFO - Marking task as SUCCESS. dag_id=get_Data_Submission_Reddit_pipeline, task_id=get_Data_Submission_Reddit, execution_date=20240422T010000, start_date=20240423T094717, end_date=20240423T094720
[2024-04-23T09:47:20.603+0000] {local_task_job_runner.py:234} INFO - Task exited with return code 0
[2024-04-23T09:47:20.643+0000] {taskinstance.py:3281} INFO - 0 downstream tasks scheduled from follow-on schedule check
