[2024-04-22T05:00:01.729+0000] {taskinstance.py:1957} INFO - Dependencies all met for dep_context=non-requeueable deps ti=<TaskInstance: get_Data_Submission_Reddit_pipeline.get_Data_Submission_Reddit scheduled__2024-04-22T04:00:00+00:00 [queued]>
[2024-04-22T05:00:01.736+0000] {taskinstance.py:1957} INFO - Dependencies all met for dep_context=requeueable deps ti=<TaskInstance: get_Data_Submission_Reddit_pipeline.get_Data_Submission_Reddit scheduled__2024-04-22T04:00:00+00:00 [queued]>
[2024-04-22T05:00:01.736+0000] {taskinstance.py:2171} INFO - Starting attempt 1 of 1
[2024-04-22T05:00:01.751+0000] {taskinstance.py:2192} INFO - Executing <Task(PythonOperator): get_Data_Submission_Reddit> on 2024-04-22 04:00:00+00:00
[2024-04-22T05:00:01.756+0000] {standard_task_runner.py:60} INFO - Started process 2745 to run task
[2024-04-22T05:00:01.759+0000] {standard_task_runner.py:87} INFO - Running: ['***', 'tasks', 'run', 'get_Data_Submission_Reddit_pipeline', 'get_Data_Submission_Reddit', 'scheduled__2024-04-22T04:00:00+00:00', '--job-id', '75', '--raw', '--subdir', 'DAGS_FOLDER/GetPost.py', '--cfg-path', '/tmp/tmpcooi_uxu']
[2024-04-22T05:00:01.761+0000] {standard_task_runner.py:88} INFO - Job 75: Subtask get_Data_Submission_Reddit
[2024-04-22T05:00:01.801+0000] {task_command.py:423} INFO - Running <TaskInstance: get_Data_Submission_Reddit_pipeline.get_Data_Submission_Reddit scheduled__2024-04-22T04:00:00+00:00 [running]> on host d4c97f52cb78
[2024-04-22T05:00:01.876+0000] {taskinstance.py:2481} INFO - Exporting env vars: AIRFLOW_CTX_DAG_OWNER='***' AIRFLOW_CTX_DAG_ID='get_Data_Submission_Reddit_pipeline' AIRFLOW_CTX_TASK_ID='get_Data_Submission_Reddit' AIRFLOW_CTX_EXECUTION_DATE='2024-04-22T04:00:00+00:00' AIRFLOW_CTX_TRY_NUMBER='1' AIRFLOW_CTX_DAG_RUN_ID='scheduled__2024-04-22T04:00:00+00:00'
[2024-04-22T05:00:01.879+0000] {logging_mixin.py:188} INFO - True
[2024-04-22T05:00:02.959+0000] {logging_mixin.py:188} WARNING - /home/***/.local/lib/python3.8/site-packages/***/utils/context.py:315 AirflowContextDeprecationWarning: Accessing 'execution_date' from the template is deprecated and will be removed in a future version. Please use 'data_interval_start' or 'logical_date' instead.
[2024-04-22T05:00:02.960+0000] {python.py:201} INFO - Done. Returned value was: None
[2024-04-22T05:00:02.967+0000] {taskinstance.py:1138} INFO - Marking task as SUCCESS. dag_id=get_Data_Submission_Reddit_pipeline, task_id=get_Data_Submission_Reddit, execution_date=20240422T040000, start_date=20240422T050001, end_date=20240422T050002
[2024-04-22T05:00:03.014+0000] {local_task_job_runner.py:234} INFO - Task exited with return code 0
[2024-04-22T05:00:03.046+0000] {taskinstance.py:3281} INFO - 0 downstream tasks scheduled from follow-on schedule check
[2024-04-23T09:47:19.347+0000] {taskinstance.py:1957} INFO - Dependencies all met for dep_context=non-requeueable deps ti=<TaskInstance: get_Data_Submission_Reddit_pipeline.get_Data_Submission_Reddit scheduled__2024-04-22T04:00:00+00:00 [queued]>
[2024-04-23T09:47:19.410+0000] {taskinstance.py:1957} INFO - Dependencies all met for dep_context=requeueable deps ti=<TaskInstance: get_Data_Submission_Reddit_pipeline.get_Data_Submission_Reddit scheduled__2024-04-22T04:00:00+00:00 [queued]>
[2024-04-23T09:47:19.425+0000] {taskinstance.py:2171} INFO - Starting attempt 1 of 1
[2024-04-23T09:47:19.581+0000] {taskinstance.py:2192} INFO - Executing <Task(PythonOperator): get_Data_Submission_Reddit> on 2024-04-22 04:00:00+00:00
[2024-04-23T09:47:19.641+0000] {standard_task_runner.py:60} INFO - Started process 421 to run task
[2024-04-23T09:47:19.664+0000] {standard_task_runner.py:87} INFO - Running: ['***', 'tasks', 'run', 'get_Data_Submission_Reddit_pipeline', 'get_Data_Submission_Reddit', 'scheduled__2024-04-22T04:00:00+00:00', '--job-id', '288', '--raw', '--subdir', 'DAGS_FOLDER/GetPost.py', '--cfg-path', '/tmp/tmptndqir9d']
[2024-04-23T09:47:19.724+0000] {standard_task_runner.py:88} INFO - Job 288: Subtask get_Data_Submission_Reddit
[2024-04-23T09:47:20.169+0000] {task_command.py:423} INFO - Running <TaskInstance: get_Data_Submission_Reddit_pipeline.get_Data_Submission_Reddit scheduled__2024-04-22T04:00:00+00:00 [running]> on host 694ea5737885
[2024-04-23T09:47:20.648+0000] {taskinstance.py:2481} INFO - Exporting env vars: AIRFLOW_CTX_DAG_OWNER='***' AIRFLOW_CTX_DAG_ID='get_Data_Submission_Reddit_pipeline' AIRFLOW_CTX_TASK_ID='get_Data_Submission_Reddit' AIRFLOW_CTX_EXECUTION_DATE='2024-04-22T04:00:00+00:00' AIRFLOW_CTX_TRY_NUMBER='1' AIRFLOW_CTX_DAG_RUN_ID='scheduled__2024-04-22T04:00:00+00:00'
[2024-04-23T09:47:20.772+0000] {logging_mixin.py:188} INFO - True
[2024-04-23T09:47:23.256+0000] {logging_mixin.py:188} WARNING - /home/***/.local/lib/python3.8/site-packages/***/utils/context.py:315 AirflowContextDeprecationWarning: Accessing 'execution_date' from the template is deprecated and will be removed in a future version. Please use 'data_interval_start' or 'logical_date' instead.
[2024-04-23T09:47:23.279+0000] {python.py:201} INFO - Done. Returned value was: /opt/***/dags/staging/Submission_Reddit_Data_2024-04-22T04:00:00+00:00.json
[2024-04-23T09:47:23.391+0000] {taskinstance.py:1138} INFO - Marking task as SUCCESS. dag_id=get_Data_Submission_Reddit_pipeline, task_id=get_Data_Submission_Reddit, execution_date=20240422T040000, start_date=20240423T094719, end_date=20240423T094723
[2024-04-23T09:47:23.892+0000] {local_task_job_runner.py:234} INFO - Task exited with return code 0
[2024-04-23T09:47:24.002+0000] {taskinstance.py:3281} INFO - 0 downstream tasks scheduled from follow-on schedule check
