[2024-04-23T04:06:39.130+0000] {taskinstance.py:1957} INFO - Dependencies all met for dep_context=non-requeueable deps ti=<TaskInstance: get_Data_Submission_Reddit_pipeline.get_Data_Submission_Reddit scheduled__2024-04-22T23:00:00+00:00 [queued]>
[2024-04-23T04:06:39.142+0000] {taskinstance.py:1957} INFO - Dependencies all met for dep_context=requeueable deps ti=<TaskInstance: get_Data_Submission_Reddit_pipeline.get_Data_Submission_Reddit scheduled__2024-04-22T23:00:00+00:00 [queued]>
[2024-04-23T04:06:39.146+0000] {taskinstance.py:2171} INFO - Starting attempt 1 of 1
[2024-04-23T04:06:39.214+0000] {taskinstance.py:2192} INFO - Executing <Task(PythonOperator): get_Data_Submission_Reddit> on 2024-04-22 23:00:00+00:00
[2024-04-23T04:06:39.320+0000] {standard_task_runner.py:60} INFO - Started process 243 to run task
[2024-04-23T04:06:39.338+0000] {standard_task_runner.py:87} INFO - Running: ['***', 'tasks', 'run', 'get_Data_Submission_Reddit_pipeline', 'get_Data_Submission_Reddit', 'scheduled__2024-04-22T23:00:00+00:00', '--job-id', '168', '--raw', '--subdir', 'DAGS_FOLDER/GetPost.py', '--cfg-path', '/tmp/tmp29zhbgiv']
[2024-04-23T04:06:39.357+0000] {standard_task_runner.py:88} INFO - Job 168: Subtask get_Data_Submission_Reddit
[2024-04-23T04:06:39.531+0000] {task_command.py:423} INFO - Running <TaskInstance: get_Data_Submission_Reddit_pipeline.get_Data_Submission_Reddit scheduled__2024-04-22T23:00:00+00:00 [running]> on host 694ea5737885
[2024-04-23T04:06:39.925+0000] {taskinstance.py:2481} INFO - Exporting env vars: AIRFLOW_CTX_DAG_OWNER='***' AIRFLOW_CTX_DAG_ID='get_Data_Submission_Reddit_pipeline' AIRFLOW_CTX_TASK_ID='get_Data_Submission_Reddit' AIRFLOW_CTX_EXECUTION_DATE='2024-04-22T23:00:00+00:00' AIRFLOW_CTX_TRY_NUMBER='1' AIRFLOW_CTX_DAG_RUN_ID='scheduled__2024-04-22T23:00:00+00:00'
[2024-04-23T04:06:40.043+0000] {logging_mixin.py:188} INFO - True
[2024-04-23T04:06:41.790+0000] {logging_mixin.py:188} WARNING - /home/***/.local/lib/python3.8/site-packages/***/utils/context.py:315 AirflowContextDeprecationWarning: Accessing 'execution_date' from the template is deprecated and will be removed in a future version. Please use 'data_interval_start' or 'logical_date' instead.
[2024-04-23T04:06:41.803+0000] {python.py:201} INFO - Done. Returned value was: None
[2024-04-23T04:06:41.841+0000] {taskinstance.py:1138} INFO - Marking task as SUCCESS. dag_id=get_Data_Submission_Reddit_pipeline, task_id=get_Data_Submission_Reddit, execution_date=20240422T230000, start_date=20240423T040639, end_date=20240423T040641
[2024-04-23T04:06:41.957+0000] {local_task_job_runner.py:234} INFO - Task exited with return code 0
[2024-04-23T04:06:42.017+0000] {taskinstance.py:3281} INFO - 0 downstream tasks scheduled from follow-on schedule check
[2024-04-23T09:47:54.045+0000] {taskinstance.py:1957} INFO - Dependencies all met for dep_context=non-requeueable deps ti=<TaskInstance: get_Data_Submission_Reddit_pipeline.get_Data_Submission_Reddit scheduled__2024-04-22T23:00:00+00:00 [queued]>
[2024-04-23T09:47:54.084+0000] {taskinstance.py:1957} INFO - Dependencies all met for dep_context=requeueable deps ti=<TaskInstance: get_Data_Submission_Reddit_pipeline.get_Data_Submission_Reddit scheduled__2024-04-22T23:00:00+00:00 [queued]>
[2024-04-23T09:47:54.087+0000] {taskinstance.py:2171} INFO - Starting attempt 1 of 1
[2024-04-23T09:47:54.187+0000] {taskinstance.py:2192} INFO - Executing <Task(PythonOperator): get_Data_Submission_Reddit> on 2024-04-22 23:00:00+00:00
[2024-04-23T09:47:54.268+0000] {standard_task_runner.py:60} INFO - Started process 569 to run task
[2024-04-23T09:47:54.319+0000] {standard_task_runner.py:87} INFO - Running: ['***', 'tasks', 'run', 'get_Data_Submission_Reddit_pipeline', 'get_Data_Submission_Reddit', 'scheduled__2024-04-22T23:00:00+00:00', '--job-id', '350', '--raw', '--subdir', 'DAGS_FOLDER/GetPost.py', '--cfg-path', '/tmp/tmp_u3fb58z']
[2024-04-23T09:47:54.343+0000] {standard_task_runner.py:88} INFO - Job 350: Subtask get_Data_Submission_Reddit
[2024-04-23T09:47:54.669+0000] {task_command.py:423} INFO - Running <TaskInstance: get_Data_Submission_Reddit_pipeline.get_Data_Submission_Reddit scheduled__2024-04-22T23:00:00+00:00 [running]> on host 694ea5737885
[2024-04-23T09:47:55.459+0000] {taskinstance.py:2481} INFO - Exporting env vars: AIRFLOW_CTX_DAG_OWNER='***' AIRFLOW_CTX_DAG_ID='get_Data_Submission_Reddit_pipeline' AIRFLOW_CTX_TASK_ID='get_Data_Submission_Reddit' AIRFLOW_CTX_EXECUTION_DATE='2024-04-22T23:00:00+00:00' AIRFLOW_CTX_TRY_NUMBER='1' AIRFLOW_CTX_DAG_RUN_ID='scheduled__2024-04-22T23:00:00+00:00'
[2024-04-23T09:47:55.584+0000] {logging_mixin.py:188} INFO - True
[2024-04-23T09:47:57.338+0000] {logging_mixin.py:188} WARNING - /home/***/.local/lib/python3.8/site-packages/***/utils/context.py:315 AirflowContextDeprecationWarning: Accessing 'execution_date' from the template is deprecated and will be removed in a future version. Please use 'data_interval_start' or 'logical_date' instead.
[2024-04-23T09:47:57.356+0000] {python.py:201} INFO - Done. Returned value was: /opt/***/dags/staging/Submission_Reddit_Data_2024-04-22T23:00:00+00:00.json
[2024-04-23T09:47:57.411+0000] {taskinstance.py:1138} INFO - Marking task as SUCCESS. dag_id=get_Data_Submission_Reddit_pipeline, task_id=get_Data_Submission_Reddit, execution_date=20240422T230000, start_date=20240423T094754, end_date=20240423T094757
[2024-04-23T09:47:57.555+0000] {local_task_job_runner.py:234} INFO - Task exited with return code 0
[2024-04-23T09:47:57.597+0000] {taskinstance.py:3281} INFO - 0 downstream tasks scheduled from follow-on schedule check
