[2024-04-23T04:06:41.618+0000] {taskinstance.py:1957} INFO - Dependencies all met for dep_context=non-requeueable deps ti=<TaskInstance: get_Data_Submission_Reddit_pipeline.get_Data_Submission_Reddit scheduled__2024-04-23T03:00:00+00:00 [queued]>
[2024-04-23T04:06:41.664+0000] {taskinstance.py:1957} INFO - Dependencies all met for dep_context=requeueable deps ti=<TaskInstance: get_Data_Submission_Reddit_pipeline.get_Data_Submission_Reddit scheduled__2024-04-23T03:00:00+00:00 [queued]>
[2024-04-23T04:06:41.665+0000] {taskinstance.py:2171} INFO - Starting attempt 1 of 1
[2024-04-23T04:06:41.704+0000] {taskinstance.py:2192} INFO - Executing <Task(PythonOperator): get_Data_Submission_Reddit> on 2024-04-23 03:00:00+00:00
[2024-04-23T04:06:41.735+0000] {standard_task_runner.py:60} INFO - Started process 253 to run task
[2024-04-23T04:06:41.744+0000] {standard_task_runner.py:87} INFO - Running: ['***', 'tasks', 'run', 'get_Data_Submission_Reddit_pipeline', 'get_Data_Submission_Reddit', 'scheduled__2024-04-23T03:00:00+00:00', '--job-id', '175', '--raw', '--subdir', 'DAGS_FOLDER/GetPost.py', '--cfg-path', '/tmp/tmp6r0gvty8']
[2024-04-23T04:06:41.747+0000] {standard_task_runner.py:88} INFO - Job 175: Subtask get_Data_Submission_Reddit
[2024-04-23T04:06:41.917+0000] {task_command.py:423} INFO - Running <TaskInstance: get_Data_Submission_Reddit_pipeline.get_Data_Submission_Reddit scheduled__2024-04-23T03:00:00+00:00 [running]> on host 694ea5737885
[2024-04-23T04:06:42.213+0000] {taskinstance.py:2481} INFO - Exporting env vars: AIRFLOW_CTX_DAG_OWNER='***' AIRFLOW_CTX_DAG_ID='get_Data_Submission_Reddit_pipeline' AIRFLOW_CTX_TASK_ID='get_Data_Submission_Reddit' AIRFLOW_CTX_EXECUTION_DATE='2024-04-23T03:00:00+00:00' AIRFLOW_CTX_TRY_NUMBER='1' AIRFLOW_CTX_DAG_RUN_ID='scheduled__2024-04-23T03:00:00+00:00'
[2024-04-23T04:06:42.273+0000] {logging_mixin.py:188} INFO - True
[2024-04-23T04:06:43.548+0000] {logging_mixin.py:188} WARNING - /home/***/.local/lib/python3.8/site-packages/***/utils/context.py:315 AirflowContextDeprecationWarning: Accessing 'execution_date' from the template is deprecated and will be removed in a future version. Please use 'data_interval_start' or 'logical_date' instead.
[2024-04-23T04:06:43.550+0000] {python.py:201} INFO - Done. Returned value was: None
[2024-04-23T04:06:43.563+0000] {taskinstance.py:1138} INFO - Marking task as SUCCESS. dag_id=get_Data_Submission_Reddit_pipeline, task_id=get_Data_Submission_Reddit, execution_date=20240423T030000, start_date=20240423T040641, end_date=20240423T040643
[2024-04-23T04:06:43.625+0000] {local_task_job_runner.py:234} INFO - Task exited with return code 0
[2024-04-23T04:06:43.659+0000] {taskinstance.py:3281} INFO - 0 downstream tasks scheduled from follow-on schedule check
[2024-04-23T09:48:25.160+0000] {taskinstance.py:1957} INFO - Dependencies all met for dep_context=non-requeueable deps ti=<TaskInstance: get_Data_Submission_Reddit_pipeline.get_Data_Submission_Reddit scheduled__2024-04-23T03:00:00+00:00 [queued]>
[2024-04-23T09:48:25.259+0000] {taskinstance.py:1957} INFO - Dependencies all met for dep_context=requeueable deps ti=<TaskInstance: get_Data_Submission_Reddit_pipeline.get_Data_Submission_Reddit scheduled__2024-04-23T03:00:00+00:00 [queued]>
[2024-04-23T09:48:25.266+0000] {taskinstance.py:2171} INFO - Starting attempt 1 of 1
[2024-04-23T09:48:25.363+0000] {taskinstance.py:2192} INFO - Executing <Task(PythonOperator): get_Data_Submission_Reddit> on 2024-04-23 03:00:00+00:00
[2024-04-23T09:48:25.462+0000] {standard_task_runner.py:60} INFO - Started process 637 to run task
[2024-04-23T09:48:25.502+0000] {standard_task_runner.py:87} INFO - Running: ['***', 'tasks', 'run', 'get_Data_Submission_Reddit_pipeline', 'get_Data_Submission_Reddit', 'scheduled__2024-04-23T03:00:00+00:00', '--job-id', '364', '--raw', '--subdir', 'DAGS_FOLDER/GetPost.py', '--cfg-path', '/tmp/tmpi85r30es']
[2024-04-23T09:48:25.534+0000] {standard_task_runner.py:88} INFO - Job 364: Subtask get_Data_Submission_Reddit
[2024-04-23T09:48:26.014+0000] {task_command.py:423} INFO - Running <TaskInstance: get_Data_Submission_Reddit_pipeline.get_Data_Submission_Reddit scheduled__2024-04-23T03:00:00+00:00 [running]> on host 694ea5737885
[2024-04-23T09:48:26.950+0000] {taskinstance.py:2481} INFO - Exporting env vars: AIRFLOW_CTX_DAG_OWNER='***' AIRFLOW_CTX_DAG_ID='get_Data_Submission_Reddit_pipeline' AIRFLOW_CTX_TASK_ID='get_Data_Submission_Reddit' AIRFLOW_CTX_EXECUTION_DATE='2024-04-23T03:00:00+00:00' AIRFLOW_CTX_TRY_NUMBER='1' AIRFLOW_CTX_DAG_RUN_ID='scheduled__2024-04-23T03:00:00+00:00'
[2024-04-23T09:48:27.352+0000] {logging_mixin.py:188} INFO - True
[2024-04-23T09:48:29.363+0000] {logging_mixin.py:188} WARNING - /home/***/.local/lib/python3.8/site-packages/***/utils/context.py:315 AirflowContextDeprecationWarning: Accessing 'execution_date' from the template is deprecated and will be removed in a future version. Please use 'data_interval_start' or 'logical_date' instead.
[2024-04-23T09:48:29.381+0000] {python.py:201} INFO - Done. Returned value was: /opt/***/dags/staging/Submission_Reddit_Data_2024-04-23T03:00:00+00:00.json
[2024-04-23T09:48:29.469+0000] {taskinstance.py:1138} INFO - Marking task as SUCCESS. dag_id=get_Data_Submission_Reddit_pipeline, task_id=get_Data_Submission_Reddit, execution_date=20240423T030000, start_date=20240423T094825, end_date=20240423T094829
[2024-04-23T09:48:29.738+0000] {local_task_job_runner.py:234} INFO - Task exited with return code 0
[2024-04-23T09:48:29.902+0000] {taskinstance.py:3281} INFO - 0 downstream tasks scheduled from follow-on schedule check
