[2024-04-22T09:21:47.338+0000] {taskinstance.py:1957} INFO - Dependencies all met for dep_context=non-requeueable deps ti=<TaskInstance: get_Data_Submission_Reddit_pipeline.get_Data_Submission_Reddit manual__2024-04-22T09:20:27.729791+00:00 [queued]>
[2024-04-22T09:21:47.349+0000] {taskinstance.py:1957} INFO - Dependencies all met for dep_context=requeueable deps ti=<TaskInstance: get_Data_Submission_Reddit_pipeline.get_Data_Submission_Reddit manual__2024-04-22T09:20:27.729791+00:00 [queued]>
[2024-04-22T09:21:47.350+0000] {taskinstance.py:2171} INFO - Starting attempt 3 of 3
[2024-04-22T09:21:47.376+0000] {taskinstance.py:2192} INFO - Executing <Task(PythonOperator): get_Data_Submission_Reddit> on 2024-04-22 09:20:27.729791+00:00
[2024-04-22T09:21:47.382+0000] {standard_task_runner.py:60} INFO - Started process 19102 to run task
[2024-04-22T09:21:47.385+0000] {standard_task_runner.py:87} INFO - Running: ['***', 'tasks', 'run', 'get_Data_Submission_Reddit_pipeline', 'get_Data_Submission_Reddit', 'manual__2024-04-22T09:20:27.729791+00:00', '--job-id', '121', '--raw', '--subdir', 'DAGS_FOLDER/GetPost.py', '--cfg-path', '/tmp/tmprwl6k4xi']
[2024-04-22T09:21:47.388+0000] {standard_task_runner.py:88} INFO - Job 121: Subtask get_Data_Submission_Reddit
[2024-04-22T09:21:47.429+0000] {task_command.py:423} INFO - Running <TaskInstance: get_Data_Submission_Reddit_pipeline.get_Data_Submission_Reddit manual__2024-04-22T09:20:27.729791+00:00 [running]> on host d4c97f52cb78
[2024-04-22T09:21:47.509+0000] {taskinstance.py:2481} INFO - Exporting env vars: AIRFLOW_CTX_DAG_OWNER='***' AIRFLOW_CTX_DAG_ID='get_Data_Submission_Reddit_pipeline' AIRFLOW_CTX_TASK_ID='get_Data_Submission_Reddit' AIRFLOW_CTX_EXECUTION_DATE='2024-04-22T09:20:27.729791+00:00' AIRFLOW_CTX_TRY_NUMBER='3' AIRFLOW_CTX_DAG_RUN_ID='manual__2024-04-22T09:20:27.729791+00:00'
[2024-04-22T09:21:47.539+0000] {logging_mixin.py:188} INFO - True
[2024-04-22T09:21:51.184+0000] {logging_mixin.py:188} WARNING - /home/***/.local/lib/python3.8/site-packages/***/utils/context.py:315 AirflowContextDeprecationWarning: Accessing 'execution_date' from the template is deprecated and will be removed in a future version. Please use 'data_interval_start' or 'logical_date' instead.
[2024-04-22T09:21:51.188+0000] {taskinstance.py:2699} ERROR - Task failed with exception
Traceback (most recent call last):
  File "/home/airflow/.local/lib/python3.8/site-packages/airflow/models/taskinstance.py", line 433, in _execute_task
    result = execute_callable(context=context, **execute_callable_kwargs)
  File "/home/airflow/.local/lib/python3.8/site-packages/airflow/operators/python.py", line 199, in execute
    return_value = self.execute_callable()
  File "/home/airflow/.local/lib/python3.8/site-packages/airflow/operators/python.py", line 216, in execute_callable
    return self.python_callable(*self.op_args, **self.op_kwargs)
  File "/opt/airflow/dags/GetPost.py", line 47, in _get_Data_Submission_Reddit
    json.dump(list_datareddit, f)
  File "/usr/local/lib/python3.8/json/__init__.py", line 179, in dump
    for chunk in iterable:
  File "/usr/local/lib/python3.8/json/encoder.py", line 429, in _iterencode
    yield from _iterencode_list(o, _current_indent_level)
  File "/usr/local/lib/python3.8/json/encoder.py", line 325, in _iterencode_list
    yield from chunks
  File "/usr/local/lib/python3.8/json/encoder.py", line 405, in _iterencode_dict
    yield from chunks
  File "/usr/local/lib/python3.8/json/encoder.py", line 438, in _iterencode
    o = _default(o)
  File "/usr/local/lib/python3.8/json/encoder.py", line 179, in default
    raise TypeError(f'Object of type {o.__class__.__name__} '
TypeError: Object of type Redditor is not JSON serializable
[2024-04-22T09:21:51.206+0000] {taskinstance.py:1138} INFO - Marking task as FAILED. dag_id=get_Data_Submission_Reddit_pipeline, task_id=get_Data_Submission_Reddit, execution_date=20240422T092027, start_date=20240422T092147, end_date=20240422T092151
[2024-04-22T09:21:51.235+0000] {standard_task_runner.py:107} ERROR - Failed to execute job 121 for task get_Data_Submission_Reddit (Object of type Redditor is not JSON serializable; 19102)
[2024-04-22T09:21:51.255+0000] {local_task_job_runner.py:234} INFO - Task exited with return code 1
[2024-04-22T09:21:51.285+0000] {taskinstance.py:3281} INFO - 0 downstream tasks scheduled from follow-on schedule check
