[2024-04-23T04:06:40.107+0000] {taskinstance.py:1957} INFO - Dependencies all met for dep_context=non-requeueable deps ti=<TaskInstance: get_Data_Submission_Reddit_pipeline.get_Data_Submission_Reddit scheduled__2024-04-23T00:00:00+00:00 [queued]>
[2024-04-23T04:06:40.181+0000] {taskinstance.py:1957} INFO - Dependencies all met for dep_context=requeueable deps ti=<TaskInstance: get_Data_Submission_Reddit_pipeline.get_Data_Submission_Reddit scheduled__2024-04-23T00:00:00+00:00 [queued]>
[2024-04-23T04:06:40.202+0000] {taskinstance.py:2171} INFO - Starting attempt 1 of 1
[2024-04-23T04:06:40.361+0000] {taskinstance.py:2192} INFO - Executing <Task(PythonOperator): get_Data_Submission_Reddit> on 2024-04-23 00:00:00+00:00
[2024-04-23T04:06:40.392+0000] {standard_task_runner.py:60} INFO - Started process 248 to run task
[2024-04-23T04:06:40.411+0000] {standard_task_runner.py:87} INFO - Running: ['***', 'tasks', 'run', 'get_Data_Submission_Reddit_pipeline', 'get_Data_Submission_Reddit', 'scheduled__2024-04-23T00:00:00+00:00', '--job-id', '170', '--raw', '--subdir', 'DAGS_FOLDER/GetPost.py', '--cfg-path', '/tmp/tmp72j3bfzo']
[2024-04-23T04:06:40.435+0000] {standard_task_runner.py:88} INFO - Job 170: Subtask get_Data_Submission_Reddit
[2024-04-23T04:06:40.623+0000] {task_command.py:423} INFO - Running <TaskInstance: get_Data_Submission_Reddit_pipeline.get_Data_Submission_Reddit scheduled__2024-04-23T00:00:00+00:00 [running]> on host 694ea5737885
[2024-04-23T04:06:40.859+0000] {taskinstance.py:2481} INFO - Exporting env vars: AIRFLOW_CTX_DAG_OWNER='***' AIRFLOW_CTX_DAG_ID='get_Data_Submission_Reddit_pipeline' AIRFLOW_CTX_TASK_ID='get_Data_Submission_Reddit' AIRFLOW_CTX_EXECUTION_DATE='2024-04-23T00:00:00+00:00' AIRFLOW_CTX_TRY_NUMBER='1' AIRFLOW_CTX_DAG_RUN_ID='scheduled__2024-04-23T00:00:00+00:00'
[2024-04-23T04:06:40.925+0000] {logging_mixin.py:188} INFO - True
[2024-04-23T04:06:42.415+0000] {logging_mixin.py:188} WARNING - /home/***/.local/lib/python3.8/site-packages/***/utils/context.py:315 AirflowContextDeprecationWarning: Accessing 'execution_date' from the template is deprecated and will be removed in a future version. Please use 'data_interval_start' or 'logical_date' instead.
[2024-04-23T04:06:42.416+0000] {python.py:201} INFO - Done. Returned value was: None
[2024-04-23T04:06:42.424+0000] {taskinstance.py:1138} INFO - Marking task as SUCCESS. dag_id=get_Data_Submission_Reddit_pipeline, task_id=get_Data_Submission_Reddit, execution_date=20240423T000000, start_date=20240423T040640, end_date=20240423T040642
[2024-04-23T04:06:42.466+0000] {local_task_job_runner.py:234} INFO - Task exited with return code 0
[2024-04-23T04:06:42.495+0000] {taskinstance.py:3281} INFO - 0 downstream tasks scheduled from follow-on schedule check
[2024-04-23T09:47:54.318+0000] {taskinstance.py:1957} INFO - Dependencies all met for dep_context=non-requeueable deps ti=<TaskInstance: get_Data_Submission_Reddit_pipeline.get_Data_Submission_Reddit scheduled__2024-04-23T00:00:00+00:00 [queued]>
[2024-04-23T09:47:54.406+0000] {taskinstance.py:1957} INFO - Dependencies all met for dep_context=requeueable deps ti=<TaskInstance: get_Data_Submission_Reddit_pipeline.get_Data_Submission_Reddit scheduled__2024-04-23T00:00:00+00:00 [queued]>
[2024-04-23T09:47:54.406+0000] {taskinstance.py:2171} INFO - Starting attempt 1 of 1
[2024-04-23T09:47:55.356+0000] {taskinstance.py:2192} INFO - Executing <Task(PythonOperator): get_Data_Submission_Reddit> on 2024-04-23 00:00:00+00:00
[2024-04-23T09:47:55.390+0000] {standard_task_runner.py:60} INFO - Started process 572 to run task
[2024-04-23T09:47:55.430+0000] {standard_task_runner.py:87} INFO - Running: ['***', 'tasks', 'run', 'get_Data_Submission_Reddit_pipeline', 'get_Data_Submission_Reddit', 'scheduled__2024-04-23T00:00:00+00:00', '--job-id', '351', '--raw', '--subdir', 'DAGS_FOLDER/GetPost.py', '--cfg-path', '/tmp/tmp1dd1zm7f']
[2024-04-23T09:47:55.432+0000] {standard_task_runner.py:88} INFO - Job 351: Subtask get_Data_Submission_Reddit
[2024-04-23T09:47:55.697+0000] {task_command.py:423} INFO - Running <TaskInstance: get_Data_Submission_Reddit_pipeline.get_Data_Submission_Reddit scheduled__2024-04-23T00:00:00+00:00 [running]> on host 694ea5737885
[2024-04-23T09:47:56.215+0000] {taskinstance.py:2481} INFO - Exporting env vars: AIRFLOW_CTX_DAG_OWNER='***' AIRFLOW_CTX_DAG_ID='get_Data_Submission_Reddit_pipeline' AIRFLOW_CTX_TASK_ID='get_Data_Submission_Reddit' AIRFLOW_CTX_EXECUTION_DATE='2024-04-23T00:00:00+00:00' AIRFLOW_CTX_TRY_NUMBER='1' AIRFLOW_CTX_DAG_RUN_ID='scheduled__2024-04-23T00:00:00+00:00'
[2024-04-23T09:47:56.350+0000] {logging_mixin.py:188} INFO - True
[2024-04-23T09:47:58.157+0000] {logging_mixin.py:188} WARNING - /home/***/.local/lib/python3.8/site-packages/***/utils/context.py:315 AirflowContextDeprecationWarning: Accessing 'execution_date' from the template is deprecated and will be removed in a future version. Please use 'data_interval_start' or 'logical_date' instead.
[2024-04-23T09:47:58.160+0000] {python.py:201} INFO - Done. Returned value was: /opt/***/dags/staging/Submission_Reddit_Data_2024-04-23T00:00:00+00:00.json
[2024-04-23T09:47:58.191+0000] {taskinstance.py:1138} INFO - Marking task as SUCCESS. dag_id=get_Data_Submission_Reddit_pipeline, task_id=get_Data_Submission_Reddit, execution_date=20240423T000000, start_date=20240423T094754, end_date=20240423T094758
[2024-04-23T09:47:58.241+0000] {local_task_job_runner.py:234} INFO - Task exited with return code 0
[2024-04-23T09:47:58.260+0000] {taskinstance.py:3281} INFO - 0 downstream tasks scheduled from follow-on schedule check
