[2024-04-21T12:10:17.594+0000] {taskinstance.py:1957} INFO - Dependencies all met for dep_context=non-requeueable deps ti=<TaskInstance: get_Data_Submission_Reddit_pipeline.get_Data_Submission_Reddit scheduled__2024-04-21T07:00:00+00:00 [queued]>
[2024-04-21T12:10:17.640+0000] {taskinstance.py:1957} INFO - Dependencies all met for dep_context=requeueable deps ti=<TaskInstance: get_Data_Submission_Reddit_pipeline.get_Data_Submission_Reddit scheduled__2024-04-21T07:00:00+00:00 [queued]>
[2024-04-21T12:10:17.641+0000] {taskinstance.py:2171} INFO - Starting attempt 1 of 1
[2024-04-21T12:10:17.994+0000] {taskinstance.py:2192} INFO - Executing <Task(PythonOperator): get_Data_Submission_Reddit> on 2024-04-21 07:00:00+00:00
[2024-04-21T12:10:18.016+0000] {standard_task_runner.py:60} INFO - Started process 353 to run task
[2024-04-21T12:10:18.041+0000] {standard_task_runner.py:87} INFO - Running: ['***', 'tasks', 'run', 'get_Data_Submission_Reddit_pipeline', 'get_Data_Submission_Reddit', 'scheduled__2024-04-21T07:00:00+00:00', '--job-id', '15', '--raw', '--subdir', 'DAGS_FOLDER/GetPost.py', '--cfg-path', '/tmp/tmpmputissf']
[2024-04-21T12:10:18.064+0000] {standard_task_runner.py:88} INFO - Job 15: Subtask get_Data_Submission_Reddit
[2024-04-21T12:10:18.266+0000] {task_command.py:423} INFO - Running <TaskInstance: get_Data_Submission_Reddit_pipeline.get_Data_Submission_Reddit scheduled__2024-04-21T07:00:00+00:00 [running]> on host d4c97f52cb78
[2024-04-21T12:10:18.724+0000] {taskinstance.py:2481} INFO - Exporting env vars: AIRFLOW_CTX_DAG_OWNER='***' AIRFLOW_CTX_DAG_ID='get_Data_Submission_Reddit_pipeline' AIRFLOW_CTX_TASK_ID='get_Data_Submission_Reddit' AIRFLOW_CTX_EXECUTION_DATE='2024-04-21T07:00:00+00:00' AIRFLOW_CTX_TRY_NUMBER='1' AIRFLOW_CTX_DAG_RUN_ID='scheduled__2024-04-21T07:00:00+00:00'
[2024-04-21T12:10:18.727+0000] {logging_mixin.py:188} INFO - True
[2024-04-21T12:10:20.048+0000] {python.py:201} INFO - Done. Returned value was: None
[2024-04-21T12:10:20.066+0000] {taskinstance.py:1138} INFO - Marking task as SUCCESS. dag_id=get_Data_Submission_Reddit_pipeline, task_id=get_Data_Submission_Reddit, execution_date=20240421T070000, start_date=20240421T121017, end_date=20240421T121020
[2024-04-21T12:10:20.117+0000] {local_task_job_runner.py:234} INFO - Task exited with return code 0
[2024-04-21T12:10:20.255+0000] {taskinstance.py:3281} INFO - 0 downstream tasks scheduled from follow-on schedule check
[2024-04-22T04:33:01.107+0000] {taskinstance.py:1957} INFO - Dependencies all met for dep_context=non-requeueable deps ti=<TaskInstance: get_Data_Submission_Reddit_pipeline.get_Data_Submission_Reddit scheduled__2024-04-21T07:00:00+00:00 [queued]>
[2024-04-22T04:33:01.154+0000] {taskinstance.py:1957} INFO - Dependencies all met for dep_context=requeueable deps ti=<TaskInstance: get_Data_Submission_Reddit_pipeline.get_Data_Submission_Reddit scheduled__2024-04-21T07:00:00+00:00 [queued]>
[2024-04-22T04:33:01.154+0000] {taskinstance.py:2171} INFO - Starting attempt 1 of 1
[2024-04-22T04:33:01.334+0000] {taskinstance.py:2192} INFO - Executing <Task(PythonOperator): get_Data_Submission_Reddit> on 2024-04-21 07:00:00+00:00
[2024-04-22T04:33:01.346+0000] {standard_task_runner.py:60} INFO - Started process 1053 to run task
[2024-04-22T04:33:01.417+0000] {standard_task_runner.py:87} INFO - Running: ['***', 'tasks', 'run', 'get_Data_Submission_Reddit_pipeline', 'get_Data_Submission_Reddit', 'scheduled__2024-04-21T07:00:00+00:00', '--job-id', '47', '--raw', '--subdir', 'DAGS_FOLDER/GetPost.py', '--cfg-path', '/tmp/tmpgkxap9w0']
[2024-04-22T04:33:01.438+0000] {standard_task_runner.py:88} INFO - Job 47: Subtask get_Data_Submission_Reddit
[2024-04-22T04:33:01.757+0000] {task_command.py:423} INFO - Running <TaskInstance: get_Data_Submission_Reddit_pipeline.get_Data_Submission_Reddit scheduled__2024-04-21T07:00:00+00:00 [running]> on host d4c97f52cb78
[2024-04-22T04:33:02.146+0000] {taskinstance.py:2481} INFO - Exporting env vars: AIRFLOW_CTX_DAG_OWNER='***' AIRFLOW_CTX_DAG_ID='get_Data_Submission_Reddit_pipeline' AIRFLOW_CTX_TASK_ID='get_Data_Submission_Reddit' AIRFLOW_CTX_EXECUTION_DATE='2024-04-21T07:00:00+00:00' AIRFLOW_CTX_TRY_NUMBER='1' AIRFLOW_CTX_DAG_RUN_ID='scheduled__2024-04-21T07:00:00+00:00'
[2024-04-22T04:33:02.154+0000] {logging_mixin.py:188} INFO - True
[2024-04-22T04:33:03.910+0000] {logging_mixin.py:188} WARNING - /home/***/.local/lib/python3.8/site-packages/***/utils/context.py:315 AirflowContextDeprecationWarning: Accessing 'execution_date' from the template is deprecated and will be removed in a future version. Please use 'data_interval_start' or 'logical_date' instead.
[2024-04-22T04:33:03.914+0000] {taskinstance.py:2699} ERROR - Task failed with exception
Traceback (most recent call last):
  File "/home/airflow/.local/lib/python3.8/site-packages/airflow/models/taskinstance.py", line 433, in _execute_task
    result = execute_callable(context=context, **execute_callable_kwargs)
  File "/home/airflow/.local/lib/python3.8/site-packages/airflow/operators/python.py", line 199, in execute
    return_value = self.execute_callable()
  File "/home/airflow/.local/lib/python3.8/site-packages/airflow/operators/python.py", line 216, in execute_callable
    return self.python_callable(*self.op_args, **self.op_kwargs)
  File "/opt/airflow/dags/GetPost.py", line 46, in _get_Data_Submission_Reddit
    json.dump(list_datareddit, f)
  File "/usr/local/lib/python3.8/json/__init__.py", line 179, in dump
    for chunk in iterable:
  File "/usr/local/lib/python3.8/json/encoder.py", line 429, in _iterencode
    yield from _iterencode_list(o, _current_indent_level)
  File "/usr/local/lib/python3.8/json/encoder.py", line 325, in _iterencode_list
    yield from chunks
  File "/usr/local/lib/python3.8/json/encoder.py", line 405, in _iterencode_dict
    yield from chunks
  File "/usr/local/lib/python3.8/json/encoder.py", line 438, in _iterencode
    o = _default(o)
  File "/usr/local/lib/python3.8/json/encoder.py", line 179, in default
    raise TypeError(f'Object of type {o.__class__.__name__} '
TypeError: Object of type datetime is not JSON serializable
[2024-04-22T04:33:03.945+0000] {taskinstance.py:1138} INFO - Marking task as FAILED. dag_id=get_Data_Submission_Reddit_pipeline, task_id=get_Data_Submission_Reddit, execution_date=20240421T070000, start_date=20240422T043301, end_date=20240422T043303
[2024-04-22T04:33:04.046+0000] {standard_task_runner.py:107} ERROR - Failed to execute job 47 for task get_Data_Submission_Reddit (Object of type datetime is not JSON serializable; 1053)
[2024-04-22T04:33:04.240+0000] {local_task_job_runner.py:234} INFO - Task exited with return code 1
[2024-04-22T04:33:04.610+0000] {taskinstance.py:3281} INFO - 0 downstream tasks scheduled from follow-on schedule check
[2024-04-23T09:46:40.867+0000] {taskinstance.py:1957} INFO - Dependencies all met for dep_context=non-requeueable deps ti=<TaskInstance: get_Data_Submission_Reddit_pipeline.get_Data_Submission_Reddit scheduled__2024-04-21T07:00:00+00:00 [queued]>
[2024-04-23T09:46:40.970+0000] {taskinstance.py:1957} INFO - Dependencies all met for dep_context=requeueable deps ti=<TaskInstance: get_Data_Submission_Reddit_pipeline.get_Data_Submission_Reddit scheduled__2024-04-21T07:00:00+00:00 [queued]>
[2024-04-23T09:46:40.975+0000] {taskinstance.py:2171} INFO - Starting attempt 1 of 1
[2024-04-23T09:46:41.152+0000] {taskinstance.py:2192} INFO - Executing <Task(PythonOperator): get_Data_Submission_Reddit> on 2024-04-21 07:00:00+00:00
[2024-04-23T09:46:41.232+0000] {standard_task_runner.py:60} INFO - Started process 258 to run task
[2024-04-23T09:46:41.271+0000] {standard_task_runner.py:87} INFO - Running: ['***', 'tasks', 'run', 'get_Data_Submission_Reddit_pipeline', 'get_Data_Submission_Reddit', 'scheduled__2024-04-21T07:00:00+00:00', '--job-id', '222', '--raw', '--subdir', 'DAGS_FOLDER/GetPost.py', '--cfg-path', '/tmp/tmpey9occs5']
[2024-04-23T09:46:41.293+0000] {standard_task_runner.py:88} INFO - Job 222: Subtask get_Data_Submission_Reddit
[2024-04-23T09:46:41.750+0000] {task_command.py:423} INFO - Running <TaskInstance: get_Data_Submission_Reddit_pipeline.get_Data_Submission_Reddit scheduled__2024-04-21T07:00:00+00:00 [running]> on host 694ea5737885
[2024-04-23T09:46:42.595+0000] {taskinstance.py:2481} INFO - Exporting env vars: AIRFLOW_CTX_DAG_OWNER='***' AIRFLOW_CTX_DAG_ID='get_Data_Submission_Reddit_pipeline' AIRFLOW_CTX_TASK_ID='get_Data_Submission_Reddit' AIRFLOW_CTX_EXECUTION_DATE='2024-04-21T07:00:00+00:00' AIRFLOW_CTX_TRY_NUMBER='1' AIRFLOW_CTX_DAG_RUN_ID='scheduled__2024-04-21T07:00:00+00:00'
[2024-04-23T09:46:42.820+0000] {logging_mixin.py:188} INFO - True
[2024-04-23T09:46:45.397+0000] {logging_mixin.py:188} WARNING - /home/***/.local/lib/python3.8/site-packages/***/utils/context.py:315 AirflowContextDeprecationWarning: Accessing 'execution_date' from the template is deprecated and will be removed in a future version. Please use 'data_interval_start' or 'logical_date' instead.
[2024-04-23T09:46:45.437+0000] {python.py:201} INFO - Done. Returned value was: /opt/***/dags/staging/Submission_Reddit_Data_2024-04-21T07:00:00+00:00.json
[2024-04-23T09:46:45.640+0000] {taskinstance.py:1138} INFO - Marking task as SUCCESS. dag_id=get_Data_Submission_Reddit_pipeline, task_id=get_Data_Submission_Reddit, execution_date=20240421T070000, start_date=20240423T094640, end_date=20240423T094645
[2024-04-23T09:46:46.597+0000] {local_task_job_runner.py:234} INFO - Task exited with return code 0
[2024-04-23T09:46:46.689+0000] {taskinstance.py:3281} INFO - 0 downstream tasks scheduled from follow-on schedule check
