[2024-04-23T07:00:02.390+0000] {taskinstance.py:1957} INFO - Dependencies all met for dep_context=non-requeueable deps ti=<TaskInstance: get_Data_Submission_Reddit_pipeline.get_Data_Submission_Reddit scheduled__2024-04-23T06:00:00+00:00 [queued]>
[2024-04-23T07:00:02.399+0000] {taskinstance.py:1957} INFO - Dependencies all met for dep_context=requeueable deps ti=<TaskInstance: get_Data_Submission_Reddit_pipeline.get_Data_Submission_Reddit scheduled__2024-04-23T06:00:00+00:00 [queued]>
[2024-04-23T07:00:02.400+0000] {taskinstance.py:2171} INFO - Starting attempt 1 of 1
[2024-04-23T07:00:02.422+0000] {taskinstance.py:2192} INFO - Executing <Task(PythonOperator): get_Data_Submission_Reddit> on 2024-04-23 06:00:00+00:00
[2024-04-23T07:00:02.430+0000] {standard_task_runner.py:60} INFO - Started process 12485 to run task
[2024-04-23T07:00:02.433+0000] {standard_task_runner.py:87} INFO - Running: ['***', 'tasks', 'run', 'get_Data_Submission_Reddit_pipeline', 'get_Data_Submission_Reddit', 'scheduled__2024-04-23T06:00:00+00:00', '--job-id', '181', '--raw', '--subdir', 'DAGS_FOLDER/GetPost.py', '--cfg-path', '/tmp/tmp49vunli2']
[2024-04-23T07:00:02.436+0000] {standard_task_runner.py:88} INFO - Job 181: Subtask get_Data_Submission_Reddit
[2024-04-23T07:00:02.485+0000] {task_command.py:423} INFO - Running <TaskInstance: get_Data_Submission_Reddit_pipeline.get_Data_Submission_Reddit scheduled__2024-04-23T06:00:00+00:00 [running]> on host 694ea5737885
[2024-04-23T07:00:02.593+0000] {taskinstance.py:2481} INFO - Exporting env vars: AIRFLOW_CTX_DAG_OWNER='***' AIRFLOW_CTX_DAG_ID='get_Data_Submission_Reddit_pipeline' AIRFLOW_CTX_TASK_ID='get_Data_Submission_Reddit' AIRFLOW_CTX_EXECUTION_DATE='2024-04-23T06:00:00+00:00' AIRFLOW_CTX_TRY_NUMBER='1' AIRFLOW_CTX_DAG_RUN_ID='scheduled__2024-04-23T06:00:00+00:00'
[2024-04-23T07:00:02.624+0000] {logging_mixin.py:188} INFO - True
[2024-04-23T07:00:03.928+0000] {logging_mixin.py:188} WARNING - /home/***/.local/lib/python3.8/site-packages/***/utils/context.py:315 AirflowContextDeprecationWarning: Accessing 'execution_date' from the template is deprecated and will be removed in a future version. Please use 'data_interval_start' or 'logical_date' instead.
[2024-04-23T07:00:03.933+0000] {python.py:201} INFO - Done. Returned value was: /opt/***/dags/staging/Submission_Reddit_Data_2024-04-23T06:00:00+00:00.json
[2024-04-23T07:00:04.005+0000] {taskinstance.py:1138} INFO - Marking task as SUCCESS. dag_id=get_Data_Submission_Reddit_pipeline, task_id=get_Data_Submission_Reddit, execution_date=20240423T060000, start_date=20240423T070002, end_date=20240423T070004
[2024-04-23T07:00:04.055+0000] {local_task_job_runner.py:234} INFO - Task exited with return code 0
[2024-04-23T07:00:04.081+0000] {taskinstance.py:3281} INFO - 0 downstream tasks scheduled from follow-on schedule check
[2024-04-23T09:48:27.807+0000] {taskinstance.py:1957} INFO - Dependencies all met for dep_context=non-requeueable deps ti=<TaskInstance: get_Data_Submission_Reddit_pipeline.get_Data_Submission_Reddit scheduled__2024-04-23T06:00:00+00:00 [queued]>
[2024-04-23T09:48:27.882+0000] {taskinstance.py:1957} INFO - Dependencies all met for dep_context=requeueable deps ti=<TaskInstance: get_Data_Submission_Reddit_pipeline.get_Data_Submission_Reddit scheduled__2024-04-23T06:00:00+00:00 [queued]>
[2024-04-23T09:48:27.900+0000] {taskinstance.py:2171} INFO - Starting attempt 1 of 1
[2024-04-23T09:48:28.087+0000] {taskinstance.py:2192} INFO - Executing <Task(PythonOperator): get_Data_Submission_Reddit> on 2024-04-23 06:00:00+00:00
[2024-04-23T09:48:28.272+0000] {standard_task_runner.py:60} INFO - Started process 653 to run task
[2024-04-23T09:48:28.297+0000] {standard_task_runner.py:87} INFO - Running: ['***', 'tasks', 'run', 'get_Data_Submission_Reddit_pipeline', 'get_Data_Submission_Reddit', 'scheduled__2024-04-23T06:00:00+00:00', '--job-id', '369', '--raw', '--subdir', 'DAGS_FOLDER/GetPost.py', '--cfg-path', '/tmp/tmpfh7voh8_']
[2024-04-23T09:48:28.348+0000] {standard_task_runner.py:88} INFO - Job 369: Subtask get_Data_Submission_Reddit
[2024-04-23T09:48:29.030+0000] {task_command.py:423} INFO - Running <TaskInstance: get_Data_Submission_Reddit_pipeline.get_Data_Submission_Reddit scheduled__2024-04-23T06:00:00+00:00 [running]> on host 694ea5737885
[2024-04-23T09:48:29.391+0000] {taskinstance.py:2481} INFO - Exporting env vars: AIRFLOW_CTX_DAG_OWNER='***' AIRFLOW_CTX_DAG_ID='get_Data_Submission_Reddit_pipeline' AIRFLOW_CTX_TASK_ID='get_Data_Submission_Reddit' AIRFLOW_CTX_EXECUTION_DATE='2024-04-23T06:00:00+00:00' AIRFLOW_CTX_TRY_NUMBER='1' AIRFLOW_CTX_DAG_RUN_ID='scheduled__2024-04-23T06:00:00+00:00'
[2024-04-23T09:48:29.494+0000] {logging_mixin.py:188} INFO - True
[2024-04-23T09:48:31.794+0000] {logging_mixin.py:188} WARNING - /home/***/.local/lib/python3.8/site-packages/***/utils/context.py:315 AirflowContextDeprecationWarning: Accessing 'execution_date' from the template is deprecated and will be removed in a future version. Please use 'data_interval_start' or 'logical_date' instead.
[2024-04-23T09:48:31.806+0000] {python.py:201} INFO - Done. Returned value was: /opt/***/dags/staging/Submission_Reddit_Data_2024-04-23T06:00:00+00:00.json
[2024-04-23T09:48:31.868+0000] {taskinstance.py:1138} INFO - Marking task as SUCCESS. dag_id=get_Data_Submission_Reddit_pipeline, task_id=get_Data_Submission_Reddit, execution_date=20240423T060000, start_date=20240423T094827, end_date=20240423T094831
[2024-04-23T09:48:32.146+0000] {local_task_job_runner.py:234} INFO - Task exited with return code 0
[2024-04-23T09:48:32.219+0000] {taskinstance.py:3281} INFO - 0 downstream tasks scheduled from follow-on schedule check
