[2024-04-23T04:06:17.520+0000] {taskinstance.py:1957} INFO - Dependencies all met for dep_context=non-requeueable deps ti=<TaskInstance: get_Data_Submission_Reddit_pipeline.get_Data_Submission_Reddit scheduled__2024-04-22T13:00:00+00:00 [queued]>
[2024-04-23T04:06:17.591+0000] {taskinstance.py:1957} INFO - Dependencies all met for dep_context=requeueable deps ti=<TaskInstance: get_Data_Submission_Reddit_pipeline.get_Data_Submission_Reddit scheduled__2024-04-22T13:00:00+00:00 [queued]>
[2024-04-23T04:06:17.592+0000] {taskinstance.py:2171} INFO - Starting attempt 1 of 1
[2024-04-23T04:06:17.646+0000] {taskinstance.py:2192} INFO - Executing <Task(PythonOperator): get_Data_Submission_Reddit> on 2024-04-22 13:00:00+00:00
[2024-04-23T04:06:17.688+0000] {standard_task_runner.py:60} INFO - Started process 194 to run task
[2024-04-23T04:06:17.712+0000] {standard_task_runner.py:87} INFO - Running: ['***', 'tasks', 'run', 'get_Data_Submission_Reddit_pipeline', 'get_Data_Submission_Reddit', 'scheduled__2024-04-22T13:00:00+00:00', '--job-id', '147', '--raw', '--subdir', 'DAGS_FOLDER/GetPost.py', '--cfg-path', '/tmp/tmps2babg9w']
[2024-04-23T04:06:17.733+0000] {standard_task_runner.py:88} INFO - Job 147: Subtask get_Data_Submission_Reddit
[2024-04-23T04:06:18.309+0000] {task_command.py:423} INFO - Running <TaskInstance: get_Data_Submission_Reddit_pipeline.get_Data_Submission_Reddit scheduled__2024-04-22T13:00:00+00:00 [running]> on host 694ea5737885
[2024-04-23T04:06:19.240+0000] {taskinstance.py:2481} INFO - Exporting env vars: AIRFLOW_CTX_DAG_OWNER='***' AIRFLOW_CTX_DAG_ID='get_Data_Submission_Reddit_pipeline' AIRFLOW_CTX_TASK_ID='get_Data_Submission_Reddit' AIRFLOW_CTX_EXECUTION_DATE='2024-04-22T13:00:00+00:00' AIRFLOW_CTX_TRY_NUMBER='1' AIRFLOW_CTX_DAG_RUN_ID='scheduled__2024-04-22T13:00:00+00:00'
[2024-04-23T04:06:20.440+0000] {logging_mixin.py:188} INFO - True
[2024-04-23T04:06:22.840+0000] {logging_mixin.py:188} WARNING - /home/***/.local/lib/python3.8/site-packages/***/utils/context.py:315 AirflowContextDeprecationWarning: Accessing 'execution_date' from the template is deprecated and will be removed in a future version. Please use 'data_interval_start' or 'logical_date' instead.
[2024-04-23T04:06:22.900+0000] {python.py:201} INFO - Done. Returned value was: None
[2024-04-23T04:06:22.986+0000] {taskinstance.py:1138} INFO - Marking task as SUCCESS. dag_id=get_Data_Submission_Reddit_pipeline, task_id=get_Data_Submission_Reddit, execution_date=20240422T130000, start_date=20240423T040617, end_date=20240423T040622
[2024-04-23T04:06:25.408+0000] {local_task_job_runner.py:234} INFO - Task exited with return code 0
[2024-04-23T04:06:25.649+0000] {taskinstance.py:3281} INFO - 0 downstream tasks scheduled from follow-on schedule check
[2024-04-23T09:47:37.012+0000] {taskinstance.py:1957} INFO - Dependencies all met for dep_context=non-requeueable deps ti=<TaskInstance: get_Data_Submission_Reddit_pipeline.get_Data_Submission_Reddit scheduled__2024-04-22T13:00:00+00:00 [queued]>
[2024-04-23T09:47:37.024+0000] {taskinstance.py:1957} INFO - Dependencies all met for dep_context=requeueable deps ti=<TaskInstance: get_Data_Submission_Reddit_pipeline.get_Data_Submission_Reddit scheduled__2024-04-22T13:00:00+00:00 [queued]>
[2024-04-23T09:47:37.024+0000] {taskinstance.py:2171} INFO - Starting attempt 1 of 1
[2024-04-23T09:47:37.051+0000] {taskinstance.py:2192} INFO - Executing <Task(PythonOperator): get_Data_Submission_Reddit> on 2024-04-22 13:00:00+00:00
[2024-04-23T09:47:37.061+0000] {standard_task_runner.py:60} INFO - Started process 495 to run task
[2024-04-23T09:47:37.069+0000] {standard_task_runner.py:87} INFO - Running: ['***', 'tasks', 'run', 'get_Data_Submission_Reddit_pipeline', 'get_Data_Submission_Reddit', 'scheduled__2024-04-22T13:00:00+00:00', '--job-id', '319', '--raw', '--subdir', 'DAGS_FOLDER/GetPost.py', '--cfg-path', '/tmp/tmprgc9sftl']
[2024-04-23T09:47:37.072+0000] {standard_task_runner.py:88} INFO - Job 319: Subtask get_Data_Submission_Reddit
[2024-04-23T09:47:37.172+0000] {task_command.py:423} INFO - Running <TaskInstance: get_Data_Submission_Reddit_pipeline.get_Data_Submission_Reddit scheduled__2024-04-22T13:00:00+00:00 [running]> on host 694ea5737885
[2024-04-23T09:47:37.276+0000] {taskinstance.py:2481} INFO - Exporting env vars: AIRFLOW_CTX_DAG_OWNER='***' AIRFLOW_CTX_DAG_ID='get_Data_Submission_Reddit_pipeline' AIRFLOW_CTX_TASK_ID='get_Data_Submission_Reddit' AIRFLOW_CTX_EXECUTION_DATE='2024-04-22T13:00:00+00:00' AIRFLOW_CTX_TRY_NUMBER='1' AIRFLOW_CTX_DAG_RUN_ID='scheduled__2024-04-22T13:00:00+00:00'
[2024-04-23T09:47:37.319+0000] {logging_mixin.py:188} INFO - True
[2024-04-23T09:47:38.799+0000] {logging_mixin.py:188} WARNING - /home/***/.local/lib/python3.8/site-packages/***/utils/context.py:315 AirflowContextDeprecationWarning: Accessing 'execution_date' from the template is deprecated and will be removed in a future version. Please use 'data_interval_start' or 'logical_date' instead.
[2024-04-23T09:47:38.815+0000] {python.py:201} INFO - Done. Returned value was: /opt/***/dags/staging/Submission_Reddit_Data_2024-04-22T13:00:00+00:00.json
[2024-04-23T09:47:38.899+0000] {taskinstance.py:1138} INFO - Marking task as SUCCESS. dag_id=get_Data_Submission_Reddit_pipeline, task_id=get_Data_Submission_Reddit, execution_date=20240422T130000, start_date=20240423T094737, end_date=20240423T094738
[2024-04-23T09:47:39.364+0000] {local_task_job_runner.py:234} INFO - Task exited with return code 0
[2024-04-23T09:47:39.426+0000] {taskinstance.py:3281} INFO - 0 downstream tasks scheduled from follow-on schedule check
