[2024-04-22T04:30:37.011+0000] {taskinstance.py:1957} INFO - Dependencies all met for dep_context=non-requeueable deps ti=<TaskInstance: get_Data_Submission_Reddit_pipeline.get_Data_Submission_Reddit scheduled__2024-04-21T20:00:00+00:00 [queued]>
[2024-04-22T04:30:37.082+0000] {taskinstance.py:1957} INFO - Dependencies all met for dep_context=requeueable deps ti=<TaskInstance: get_Data_Submission_Reddit_pipeline.get_Data_Submission_Reddit scheduled__2024-04-21T20:00:00+00:00 [queued]>
[2024-04-22T04:30:37.084+0000] {taskinstance.py:2171} INFO - Starting attempt 1 of 1
[2024-04-22T04:30:37.183+0000] {taskinstance.py:2192} INFO - Executing <Task(PythonOperator): get_Data_Submission_Reddit> on 2024-04-21 20:00:00+00:00
[2024-04-22T04:30:37.189+0000] {standard_task_runner.py:60} INFO - Started process 886 to run task
[2024-04-22T04:30:37.216+0000] {standard_task_runner.py:87} INFO - Running: ['***', 'tasks', 'run', 'get_Data_Submission_Reddit_pipeline', 'get_Data_Submission_Reddit', 'scheduled__2024-04-21T20:00:00+00:00', '--job-id', '31', '--raw', '--subdir', 'DAGS_FOLDER/GetPost.py', '--cfg-path', '/tmp/tmptb7v781n']
[2024-04-22T04:30:37.228+0000] {standard_task_runner.py:88} INFO - Job 31: Subtask get_Data_Submission_Reddit
[2024-04-22T04:30:37.586+0000] {task_command.py:423} INFO - Running <TaskInstance: get_Data_Submission_Reddit_pipeline.get_Data_Submission_Reddit scheduled__2024-04-21T20:00:00+00:00 [running]> on host d4c97f52cb78
[2024-04-22T04:30:37.870+0000] {taskinstance.py:2481} INFO - Exporting env vars: AIRFLOW_CTX_DAG_OWNER='***' AIRFLOW_CTX_DAG_ID='get_Data_Submission_Reddit_pipeline' AIRFLOW_CTX_TASK_ID='get_Data_Submission_Reddit' AIRFLOW_CTX_EXECUTION_DATE='2024-04-21T20:00:00+00:00' AIRFLOW_CTX_TRY_NUMBER='1' AIRFLOW_CTX_DAG_RUN_ID='scheduled__2024-04-21T20:00:00+00:00'
[2024-04-22T04:30:37.874+0000] {logging_mixin.py:188} INFO - True
[2024-04-22T04:30:39.310+0000] {logging_mixin.py:188} WARNING - /home/***/.local/lib/python3.8/site-packages/***/utils/context.py:315 AirflowContextDeprecationWarning: Accessing 'execution_date' from the template is deprecated and will be removed in a future version. Please use 'data_interval_start' or 'logical_date' instead.
[2024-04-22T04:30:39.317+0000] {taskinstance.py:2699} ERROR - Task failed with exception
Traceback (most recent call last):
  File "/home/airflow/.local/lib/python3.8/site-packages/airflow/models/taskinstance.py", line 433, in _execute_task
    result = execute_callable(context=context, **execute_callable_kwargs)
  File "/home/airflow/.local/lib/python3.8/site-packages/airflow/operators/python.py", line 199, in execute
    return_value = self.execute_callable()
  File "/home/airflow/.local/lib/python3.8/site-packages/airflow/operators/python.py", line 216, in execute_callable
    return self.python_callable(*self.op_args, **self.op_kwargs)
  File "/opt/airflow/dags/GetPost.py", line 46, in _get_Data_Submission_Reddit
    json.dump(data, f)
NameError: name 'data' is not defined
[2024-04-22T04:30:39.332+0000] {taskinstance.py:1138} INFO - Marking task as FAILED. dag_id=get_Data_Submission_Reddit_pipeline, task_id=get_Data_Submission_Reddit, execution_date=20240421T200000, start_date=20240422T043037, end_date=20240422T043039
[2024-04-22T04:30:39.360+0000] {standard_task_runner.py:107} ERROR - Failed to execute job 31 for task get_Data_Submission_Reddit (name 'data' is not defined; 886)
[2024-04-22T04:30:39.425+0000] {local_task_job_runner.py:234} INFO - Task exited with return code 1
[2024-04-22T04:30:39.526+0000] {taskinstance.py:3281} INFO - 0 downstream tasks scheduled from follow-on schedule check
[2024-04-22T04:33:11.753+0000] {taskinstance.py:1957} INFO - Dependencies all met for dep_context=non-requeueable deps ti=<TaskInstance: get_Data_Submission_Reddit_pipeline.get_Data_Submission_Reddit scheduled__2024-04-21T20:00:00+00:00 [queued]>
[2024-04-22T04:33:11.784+0000] {taskinstance.py:1957} INFO - Dependencies all met for dep_context=requeueable deps ti=<TaskInstance: get_Data_Submission_Reddit_pipeline.get_Data_Submission_Reddit scheduled__2024-04-21T20:00:00+00:00 [queued]>
[2024-04-22T04:33:11.788+0000] {taskinstance.py:2171} INFO - Starting attempt 1 of 1
[2024-04-22T04:33:11.819+0000] {taskinstance.py:2192} INFO - Executing <Task(PythonOperator): get_Data_Submission_Reddit> on 2024-04-21 20:00:00+00:00
[2024-04-22T04:33:11.841+0000] {standard_task_runner.py:60} INFO - Started process 1084 to run task
[2024-04-22T04:33:11.882+0000] {standard_task_runner.py:87} INFO - Running: ['***', 'tasks', 'run', 'get_Data_Submission_Reddit_pipeline', 'get_Data_Submission_Reddit', 'scheduled__2024-04-21T20:00:00+00:00', '--job-id', '60', '--raw', '--subdir', 'DAGS_FOLDER/GetPost.py', '--cfg-path', '/tmp/tmpj8ht7lld']
[2024-04-22T04:33:11.891+0000] {standard_task_runner.py:88} INFO - Job 60: Subtask get_Data_Submission_Reddit
[2024-04-22T04:33:12.081+0000] {task_command.py:423} INFO - Running <TaskInstance: get_Data_Submission_Reddit_pipeline.get_Data_Submission_Reddit scheduled__2024-04-21T20:00:00+00:00 [running]> on host d4c97f52cb78
[2024-04-22T04:33:12.384+0000] {taskinstance.py:2481} INFO - Exporting env vars: AIRFLOW_CTX_DAG_OWNER='***' AIRFLOW_CTX_DAG_ID='get_Data_Submission_Reddit_pipeline' AIRFLOW_CTX_TASK_ID='get_Data_Submission_Reddit' AIRFLOW_CTX_EXECUTION_DATE='2024-04-21T20:00:00+00:00' AIRFLOW_CTX_TRY_NUMBER='1' AIRFLOW_CTX_DAG_RUN_ID='scheduled__2024-04-21T20:00:00+00:00'
[2024-04-22T04:33:12.394+0000] {logging_mixin.py:188} INFO - True
[2024-04-22T04:33:13.920+0000] {logging_mixin.py:188} WARNING - /home/***/.local/lib/python3.8/site-packages/***/utils/context.py:315 AirflowContextDeprecationWarning: Accessing 'execution_date' from the template is deprecated and will be removed in a future version. Please use 'data_interval_start' or 'logical_date' instead.
[2024-04-22T04:33:13.928+0000] {taskinstance.py:2699} ERROR - Task failed with exception
Traceback (most recent call last):
  File "/home/airflow/.local/lib/python3.8/site-packages/airflow/models/taskinstance.py", line 433, in _execute_task
    result = execute_callable(context=context, **execute_callable_kwargs)
  File "/home/airflow/.local/lib/python3.8/site-packages/airflow/operators/python.py", line 199, in execute
    return_value = self.execute_callable()
  File "/home/airflow/.local/lib/python3.8/site-packages/airflow/operators/python.py", line 216, in execute_callable
    return self.python_callable(*self.op_args, **self.op_kwargs)
  File "/opt/airflow/dags/GetPost.py", line 46, in _get_Data_Submission_Reddit
    json.dump(list_datareddit, f)
  File "/usr/local/lib/python3.8/json/__init__.py", line 179, in dump
    for chunk in iterable:
  File "/usr/local/lib/python3.8/json/encoder.py", line 429, in _iterencode
    yield from _iterencode_list(o, _current_indent_level)
  File "/usr/local/lib/python3.8/json/encoder.py", line 325, in _iterencode_list
    yield from chunks
  File "/usr/local/lib/python3.8/json/encoder.py", line 405, in _iterencode_dict
    yield from chunks
  File "/usr/local/lib/python3.8/json/encoder.py", line 438, in _iterencode
    o = _default(o)
  File "/usr/local/lib/python3.8/json/encoder.py", line 179, in default
    raise TypeError(f'Object of type {o.__class__.__name__} '
TypeError: Object of type datetime is not JSON serializable
[2024-04-22T04:33:13.994+0000] {taskinstance.py:1138} INFO - Marking task as FAILED. dag_id=get_Data_Submission_Reddit_pipeline, task_id=get_Data_Submission_Reddit, execution_date=20240421T200000, start_date=20240422T043311, end_date=20240422T043313
[2024-04-22T04:33:14.172+0000] {standard_task_runner.py:107} ERROR - Failed to execute job 60 for task get_Data_Submission_Reddit (Object of type datetime is not JSON serializable; 1084)
[2024-04-22T04:33:14.284+0000] {local_task_job_runner.py:234} INFO - Task exited with return code 1
[2024-04-22T04:33:14.388+0000] {taskinstance.py:3281} INFO - 0 downstream tasks scheduled from follow-on schedule check
[2024-04-23T09:47:02.700+0000] {taskinstance.py:1957} INFO - Dependencies all met for dep_context=non-requeueable deps ti=<TaskInstance: get_Data_Submission_Reddit_pipeline.get_Data_Submission_Reddit scheduled__2024-04-21T20:00:00+00:00 [queued]>
[2024-04-23T09:47:02.779+0000] {taskinstance.py:1957} INFO - Dependencies all met for dep_context=requeueable deps ti=<TaskInstance: get_Data_Submission_Reddit_pipeline.get_Data_Submission_Reddit scheduled__2024-04-21T20:00:00+00:00 [queued]>
[2024-04-23T09:47:02.797+0000] {taskinstance.py:2171} INFO - Starting attempt 1 of 1
[2024-04-23T09:47:03.040+0000] {taskinstance.py:2192} INFO - Executing <Task(PythonOperator): get_Data_Submission_Reddit> on 2024-04-21 20:00:00+00:00
[2024-04-23T09:47:03.156+0000] {standard_task_runner.py:60} INFO - Started process 349 to run task
[2024-04-23T09:47:03.220+0000] {standard_task_runner.py:87} INFO - Running: ['***', 'tasks', 'run', 'get_Data_Submission_Reddit_pipeline', 'get_Data_Submission_Reddit', 'scheduled__2024-04-21T20:00:00+00:00', '--job-id', '261', '--raw', '--subdir', 'DAGS_FOLDER/GetPost.py', '--cfg-path', '/tmp/tmpkms8jngk']
[2024-04-23T09:47:03.228+0000] {standard_task_runner.py:88} INFO - Job 261: Subtask get_Data_Submission_Reddit
[2024-04-23T09:47:03.356+0000] {task_command.py:423} INFO - Running <TaskInstance: get_Data_Submission_Reddit_pipeline.get_Data_Submission_Reddit scheduled__2024-04-21T20:00:00+00:00 [running]> on host 694ea5737885
[2024-04-23T09:47:04.201+0000] {taskinstance.py:2481} INFO - Exporting env vars: AIRFLOW_CTX_DAG_OWNER='***' AIRFLOW_CTX_DAG_ID='get_Data_Submission_Reddit_pipeline' AIRFLOW_CTX_TASK_ID='get_Data_Submission_Reddit' AIRFLOW_CTX_EXECUTION_DATE='2024-04-21T20:00:00+00:00' AIRFLOW_CTX_TRY_NUMBER='1' AIRFLOW_CTX_DAG_RUN_ID='scheduled__2024-04-21T20:00:00+00:00'
[2024-04-23T09:47:04.446+0000] {logging_mixin.py:188} INFO - True
[2024-04-23T09:47:06.942+0000] {logging_mixin.py:188} WARNING - /home/***/.local/lib/python3.8/site-packages/***/utils/context.py:315 AirflowContextDeprecationWarning: Accessing 'execution_date' from the template is deprecated and will be removed in a future version. Please use 'data_interval_start' or 'logical_date' instead.
[2024-04-23T09:47:06.989+0000] {python.py:201} INFO - Done. Returned value was: /opt/***/dags/staging/Submission_Reddit_Data_2024-04-21T20:00:00+00:00.json
[2024-04-23T09:47:07.159+0000] {taskinstance.py:1138} INFO - Marking task as SUCCESS. dag_id=get_Data_Submission_Reddit_pipeline, task_id=get_Data_Submission_Reddit, execution_date=20240421T200000, start_date=20240423T094702, end_date=20240423T094707
[2024-04-23T09:47:07.477+0000] {local_task_job_runner.py:234} INFO - Task exited with return code 0
[2024-04-23T09:47:08.155+0000] {taskinstance.py:3281} INFO - 0 downstream tasks scheduled from follow-on schedule check
