[2024-04-23T04:06:17.227+0000] {taskinstance.py:1957} INFO - Dependencies all met for dep_context=non-requeueable deps ti=<TaskInstance: get_Data_Submission_Reddit_pipeline.get_Data_Submission_Reddit scheduled__2024-04-22T12:00:00+00:00 [queued]>
[2024-04-23T04:06:17.312+0000] {taskinstance.py:1957} INFO - Dependencies all met for dep_context=requeueable deps ti=<TaskInstance: get_Data_Submission_Reddit_pipeline.get_Data_Submission_Reddit scheduled__2024-04-22T12:00:00+00:00 [queued]>
[2024-04-23T04:06:17.320+0000] {taskinstance.py:2171} INFO - Starting attempt 1 of 1
[2024-04-23T04:06:17.470+0000] {taskinstance.py:2192} INFO - Executing <Task(PythonOperator): get_Data_Submission_Reddit> on 2024-04-22 12:00:00+00:00
[2024-04-23T04:06:17.498+0000] {standard_task_runner.py:60} INFO - Started process 191 to run task
[2024-04-23T04:06:17.515+0000] {standard_task_runner.py:87} INFO - Running: ['***', 'tasks', 'run', 'get_Data_Submission_Reddit_pipeline', 'get_Data_Submission_Reddit', 'scheduled__2024-04-22T12:00:00+00:00', '--job-id', '146', '--raw', '--subdir', 'DAGS_FOLDER/GetPost.py', '--cfg-path', '/tmp/tmpbyecl8o7']
[2024-04-23T04:06:17.527+0000] {standard_task_runner.py:88} INFO - Job 146: Subtask get_Data_Submission_Reddit
[2024-04-23T04:06:18.096+0000] {task_command.py:423} INFO - Running <TaskInstance: get_Data_Submission_Reddit_pipeline.get_Data_Submission_Reddit scheduled__2024-04-22T12:00:00+00:00 [running]> on host 694ea5737885
[2024-04-23T04:06:18.750+0000] {taskinstance.py:2481} INFO - Exporting env vars: AIRFLOW_CTX_DAG_OWNER='***' AIRFLOW_CTX_DAG_ID='get_Data_Submission_Reddit_pipeline' AIRFLOW_CTX_TASK_ID='get_Data_Submission_Reddit' AIRFLOW_CTX_EXECUTION_DATE='2024-04-22T12:00:00+00:00' AIRFLOW_CTX_TRY_NUMBER='1' AIRFLOW_CTX_DAG_RUN_ID='scheduled__2024-04-22T12:00:00+00:00'
[2024-04-23T04:06:20.211+0000] {logging_mixin.py:188} INFO - True
[2024-04-23T04:06:22.580+0000] {logging_mixin.py:188} WARNING - /home/***/.local/lib/python3.8/site-packages/***/utils/context.py:315 AirflowContextDeprecationWarning: Accessing 'execution_date' from the template is deprecated and will be removed in a future version. Please use 'data_interval_start' or 'logical_date' instead.
[2024-04-23T04:06:22.623+0000] {python.py:201} INFO - Done. Returned value was: None
[2024-04-23T04:06:22.708+0000] {taskinstance.py:1138} INFO - Marking task as SUCCESS. dag_id=get_Data_Submission_Reddit_pipeline, task_id=get_Data_Submission_Reddit, execution_date=20240422T120000, start_date=20240423T040617, end_date=20240423T040622
[2024-04-23T04:06:23.108+0000] {local_task_job_runner.py:234} INFO - Task exited with return code 0
[2024-04-23T04:06:23.314+0000] {taskinstance.py:3281} INFO - 0 downstream tasks scheduled from follow-on schedule check
[2024-04-23T09:47:31.002+0000] {taskinstance.py:1957} INFO - Dependencies all met for dep_context=non-requeueable deps ti=<TaskInstance: get_Data_Submission_Reddit_pipeline.get_Data_Submission_Reddit scheduled__2024-04-22T12:00:00+00:00 [queued]>
[2024-04-23T09:47:31.102+0000] {taskinstance.py:1957} INFO - Dependencies all met for dep_context=requeueable deps ti=<TaskInstance: get_Data_Submission_Reddit_pipeline.get_Data_Submission_Reddit scheduled__2024-04-22T12:00:00+00:00 [queued]>
[2024-04-23T09:47:31.103+0000] {taskinstance.py:2171} INFO - Starting attempt 1 of 1
[2024-04-23T09:47:31.251+0000] {taskinstance.py:2192} INFO - Executing <Task(PythonOperator): get_Data_Submission_Reddit> on 2024-04-22 12:00:00+00:00
[2024-04-23T09:47:31.351+0000] {standard_task_runner.py:60} INFO - Started process 466 to run task
[2024-04-23T09:47:31.376+0000] {standard_task_runner.py:87} INFO - Running: ['***', 'tasks', 'run', 'get_Data_Submission_Reddit_pipeline', 'get_Data_Submission_Reddit', 'scheduled__2024-04-22T12:00:00+00:00', '--job-id', '310', '--raw', '--subdir', 'DAGS_FOLDER/GetPost.py', '--cfg-path', '/tmp/tmp5sjj5sgi']
[2024-04-23T09:47:31.461+0000] {standard_task_runner.py:88} INFO - Job 310: Subtask get_Data_Submission_Reddit
[2024-04-23T09:47:31.909+0000] {task_command.py:423} INFO - Running <TaskInstance: get_Data_Submission_Reddit_pipeline.get_Data_Submission_Reddit scheduled__2024-04-22T12:00:00+00:00 [running]> on host 694ea5737885
[2024-04-23T09:47:32.616+0000] {taskinstance.py:2481} INFO - Exporting env vars: AIRFLOW_CTX_DAG_OWNER='***' AIRFLOW_CTX_DAG_ID='get_Data_Submission_Reddit_pipeline' AIRFLOW_CTX_TASK_ID='get_Data_Submission_Reddit' AIRFLOW_CTX_EXECUTION_DATE='2024-04-22T12:00:00+00:00' AIRFLOW_CTX_TRY_NUMBER='1' AIRFLOW_CTX_DAG_RUN_ID='scheduled__2024-04-22T12:00:00+00:00'
[2024-04-23T09:47:32.861+0000] {logging_mixin.py:188} INFO - True
[2024-04-23T09:47:34.550+0000] {logging_mixin.py:188} WARNING - /home/***/.local/lib/python3.8/site-packages/***/utils/context.py:315 AirflowContextDeprecationWarning: Accessing 'execution_date' from the template is deprecated and will be removed in a future version. Please use 'data_interval_start' or 'logical_date' instead.
[2024-04-23T09:47:34.565+0000] {python.py:201} INFO - Done. Returned value was: /opt/***/dags/staging/Submission_Reddit_Data_2024-04-22T12:00:00+00:00.json
[2024-04-23T09:47:34.639+0000] {taskinstance.py:1138} INFO - Marking task as SUCCESS. dag_id=get_Data_Submission_Reddit_pipeline, task_id=get_Data_Submission_Reddit, execution_date=20240422T120000, start_date=20240423T094731, end_date=20240423T094734
[2024-04-23T09:47:34.778+0000] {local_task_job_runner.py:234} INFO - Task exited with return code 0
[2024-04-23T09:47:34.813+0000] {taskinstance.py:3281} INFO - 0 downstream tasks scheduled from follow-on schedule check
