[2024-04-23T04:06:28.061+0000] {taskinstance.py:1957} INFO - Dependencies all met for dep_context=non-requeueable deps ti=<TaskInstance: get_Data_Submission_Reddit_pipeline.get_Data_Submission_Reddit scheduled__2024-04-22T19:00:00+00:00 [queued]>
[2024-04-23T04:06:28.161+0000] {taskinstance.py:1957} INFO - Dependencies all met for dep_context=requeueable deps ti=<TaskInstance: get_Data_Submission_Reddit_pipeline.get_Data_Submission_Reddit scheduled__2024-04-22T19:00:00+00:00 [queued]>
[2024-04-23T04:06:28.183+0000] {taskinstance.py:2171} INFO - Starting attempt 1 of 1
[2024-04-23T04:06:29.443+0000] {taskinstance.py:2192} INFO - Executing <Task(PythonOperator): get_Data_Submission_Reddit> on 2024-04-22 19:00:00+00:00
[2024-04-23T04:06:29.518+0000] {standard_task_runner.py:60} INFO - Started process 223 to run task
[2024-04-23T04:06:29.541+0000] {standard_task_runner.py:87} INFO - Running: ['***', 'tasks', 'run', 'get_Data_Submission_Reddit_pipeline', 'get_Data_Submission_Reddit', 'scheduled__2024-04-22T19:00:00+00:00', '--job-id', '159', '--raw', '--subdir', 'DAGS_FOLDER/GetPost.py', '--cfg-path', '/tmp/tmpgt8qcs75']
[2024-04-23T04:06:29.553+0000] {standard_task_runner.py:88} INFO - Job 159: Subtask get_Data_Submission_Reddit
[2024-04-23T04:06:29.890+0000] {task_command.py:423} INFO - Running <TaskInstance: get_Data_Submission_Reddit_pipeline.get_Data_Submission_Reddit scheduled__2024-04-22T19:00:00+00:00 [running]> on host 694ea5737885
[2024-04-23T04:06:30.263+0000] {taskinstance.py:2481} INFO - Exporting env vars: AIRFLOW_CTX_DAG_OWNER='***' AIRFLOW_CTX_DAG_ID='get_Data_Submission_Reddit_pipeline' AIRFLOW_CTX_TASK_ID='get_Data_Submission_Reddit' AIRFLOW_CTX_EXECUTION_DATE='2024-04-22T19:00:00+00:00' AIRFLOW_CTX_TRY_NUMBER='1' AIRFLOW_CTX_DAG_RUN_ID='scheduled__2024-04-22T19:00:00+00:00'
[2024-04-23T04:06:30.358+0000] {logging_mixin.py:188} INFO - True
[2024-04-23T04:06:32.233+0000] {logging_mixin.py:188} WARNING - /home/***/.local/lib/python3.8/site-packages/***/utils/context.py:315 AirflowContextDeprecationWarning: Accessing 'execution_date' from the template is deprecated and will be removed in a future version. Please use 'data_interval_start' or 'logical_date' instead.
[2024-04-23T04:06:32.249+0000] {python.py:201} INFO - Done. Returned value was: None
[2024-04-23T04:06:32.267+0000] {taskinstance.py:1138} INFO - Marking task as SUCCESS. dag_id=get_Data_Submission_Reddit_pipeline, task_id=get_Data_Submission_Reddit, execution_date=20240422T190000, start_date=20240423T040628, end_date=20240423T040632
[2024-04-23T04:06:32.386+0000] {local_task_job_runner.py:234} INFO - Task exited with return code 0
[2024-04-23T04:06:32.436+0000] {taskinstance.py:3281} INFO - 0 downstream tasks scheduled from follow-on schedule check
[2024-04-23T09:47:42.812+0000] {taskinstance.py:1957} INFO - Dependencies all met for dep_context=non-requeueable deps ti=<TaskInstance: get_Data_Submission_Reddit_pipeline.get_Data_Submission_Reddit scheduled__2024-04-22T19:00:00+00:00 [queued]>
[2024-04-23T09:47:43.029+0000] {taskinstance.py:1957} INFO - Dependencies all met for dep_context=requeueable deps ti=<TaskInstance: get_Data_Submission_Reddit_pipeline.get_Data_Submission_Reddit scheduled__2024-04-22T19:00:00+00:00 [queued]>
[2024-04-23T09:47:43.029+0000] {taskinstance.py:2171} INFO - Starting attempt 1 of 1
[2024-04-23T09:47:43.355+0000] {taskinstance.py:2192} INFO - Executing <Task(PythonOperator): get_Data_Submission_Reddit> on 2024-04-22 19:00:00+00:00
[2024-04-23T09:47:43.436+0000] {standard_task_runner.py:60} INFO - Started process 532 to run task
[2024-04-23T09:47:43.490+0000] {standard_task_runner.py:87} INFO - Running: ['***', 'tasks', 'run', 'get_Data_Submission_Reddit_pipeline', 'get_Data_Submission_Reddit', 'scheduled__2024-04-22T19:00:00+00:00', '--job-id', '332', '--raw', '--subdir', 'DAGS_FOLDER/GetPost.py', '--cfg-path', '/tmp/tmpgm9c1wrr']
[2024-04-23T09:47:43.492+0000] {standard_task_runner.py:88} INFO - Job 332: Subtask get_Data_Submission_Reddit
[2024-04-23T09:47:43.784+0000] {task_command.py:423} INFO - Running <TaskInstance: get_Data_Submission_Reddit_pipeline.get_Data_Submission_Reddit scheduled__2024-04-22T19:00:00+00:00 [running]> on host 694ea5737885
[2024-04-23T09:47:44.210+0000] {taskinstance.py:2481} INFO - Exporting env vars: AIRFLOW_CTX_DAG_OWNER='***' AIRFLOW_CTX_DAG_ID='get_Data_Submission_Reddit_pipeline' AIRFLOW_CTX_TASK_ID='get_Data_Submission_Reddit' AIRFLOW_CTX_EXECUTION_DATE='2024-04-22T19:00:00+00:00' AIRFLOW_CTX_TRY_NUMBER='1' AIRFLOW_CTX_DAG_RUN_ID='scheduled__2024-04-22T19:00:00+00:00'
[2024-04-23T09:47:44.330+0000] {logging_mixin.py:188} INFO - True
[2024-04-23T09:47:46.433+0000] {logging_mixin.py:188} WARNING - /home/***/.local/lib/python3.8/site-packages/***/utils/context.py:315 AirflowContextDeprecationWarning: Accessing 'execution_date' from the template is deprecated and will be removed in a future version. Please use 'data_interval_start' or 'logical_date' instead.
[2024-04-23T09:47:46.479+0000] {python.py:201} INFO - Done. Returned value was: /opt/***/dags/staging/Submission_Reddit_Data_2024-04-22T19:00:00+00:00.json
[2024-04-23T09:47:46.574+0000] {taskinstance.py:1138} INFO - Marking task as SUCCESS. dag_id=get_Data_Submission_Reddit_pipeline, task_id=get_Data_Submission_Reddit, execution_date=20240422T190000, start_date=20240423T094742, end_date=20240423T094746
[2024-04-23T09:47:46.786+0000] {local_task_job_runner.py:234} INFO - Task exited with return code 0
[2024-04-23T09:47:46.897+0000] {taskinstance.py:3281} INFO - 0 downstream tasks scheduled from follow-on schedule check
