[2024-04-23T04:06:21.206+0000] {taskinstance.py:1957} INFO - Dependencies all met for dep_context=non-requeueable deps ti=<TaskInstance: get_Data_Submission_Reddit_pipeline.get_Data_Submission_Reddit scheduled__2024-04-22T16:00:00+00:00 [queued]>
[2024-04-23T04:06:21.280+0000] {taskinstance.py:1957} INFO - Dependencies all met for dep_context=requeueable deps ti=<TaskInstance: get_Data_Submission_Reddit_pipeline.get_Data_Submission_Reddit scheduled__2024-04-22T16:00:00+00:00 [queued]>
[2024-04-23T04:06:21.283+0000] {taskinstance.py:2171} INFO - Starting attempt 1 of 1
[2024-04-23T04:06:22.084+0000] {taskinstance.py:2192} INFO - Executing <Task(PythonOperator): get_Data_Submission_Reddit> on 2024-04-22 16:00:00+00:00
[2024-04-23T04:06:22.214+0000] {standard_task_runner.py:60} INFO - Started process 204 to run task
[2024-04-23T04:06:22.290+0000] {standard_task_runner.py:87} INFO - Running: ['***', 'tasks', 'run', 'get_Data_Submission_Reddit_pipeline', 'get_Data_Submission_Reddit', 'scheduled__2024-04-22T16:00:00+00:00', '--job-id', '153', '--raw', '--subdir', 'DAGS_FOLDER/GetPost.py', '--cfg-path', '/tmp/tmp0y486tft']
[2024-04-23T04:06:22.339+0000] {standard_task_runner.py:88} INFO - Job 153: Subtask get_Data_Submission_Reddit
[2024-04-23T04:06:22.799+0000] {task_command.py:423} INFO - Running <TaskInstance: get_Data_Submission_Reddit_pipeline.get_Data_Submission_Reddit scheduled__2024-04-22T16:00:00+00:00 [running]> on host 694ea5737885
[2024-04-23T04:06:24.022+0000] {taskinstance.py:2481} INFO - Exporting env vars: AIRFLOW_CTX_DAG_OWNER='***' AIRFLOW_CTX_DAG_ID='get_Data_Submission_Reddit_pipeline' AIRFLOW_CTX_TASK_ID='get_Data_Submission_Reddit' AIRFLOW_CTX_EXECUTION_DATE='2024-04-22T16:00:00+00:00' AIRFLOW_CTX_TRY_NUMBER='1' AIRFLOW_CTX_DAG_RUN_ID='scheduled__2024-04-22T16:00:00+00:00'
[2024-04-23T04:06:25.130+0000] {logging_mixin.py:188} INFO - True
[2024-04-23T04:06:27.900+0000] {logging_mixin.py:188} WARNING - /home/***/.local/lib/python3.8/site-packages/***/utils/context.py:315 AirflowContextDeprecationWarning: Accessing 'execution_date' from the template is deprecated and will be removed in a future version. Please use 'data_interval_start' or 'logical_date' instead.
[2024-04-23T04:06:27.924+0000] {python.py:201} INFO - Done. Returned value was: None
[2024-04-23T04:06:28.011+0000] {taskinstance.py:1138} INFO - Marking task as SUCCESS. dag_id=get_Data_Submission_Reddit_pipeline, task_id=get_Data_Submission_Reddit, execution_date=20240422T160000, start_date=20240423T040621, end_date=20240423T040628
[2024-04-23T04:06:28.267+0000] {local_task_job_runner.py:234} INFO - Task exited with return code 0
[2024-04-23T04:06:29.467+0000] {taskinstance.py:3281} INFO - 0 downstream tasks scheduled from follow-on schedule check
[2024-04-23T09:47:39.804+0000] {taskinstance.py:1957} INFO - Dependencies all met for dep_context=non-requeueable deps ti=<TaskInstance: get_Data_Submission_Reddit_pipeline.get_Data_Submission_Reddit scheduled__2024-04-22T16:00:00+00:00 [queued]>
[2024-04-23T09:47:39.897+0000] {taskinstance.py:1957} INFO - Dependencies all met for dep_context=requeueable deps ti=<TaskInstance: get_Data_Submission_Reddit_pipeline.get_Data_Submission_Reddit scheduled__2024-04-22T16:00:00+00:00 [queued]>
[2024-04-23T09:47:39.906+0000] {taskinstance.py:2171} INFO - Starting attempt 1 of 1
[2024-04-23T09:47:40.081+0000] {taskinstance.py:2192} INFO - Executing <Task(PythonOperator): get_Data_Submission_Reddit> on 2024-04-22 16:00:00+00:00
[2024-04-23T09:47:40.130+0000] {standard_task_runner.py:60} INFO - Started process 512 to run task
[2024-04-23T09:47:40.173+0000] {standard_task_runner.py:87} INFO - Running: ['***', 'tasks', 'run', 'get_Data_Submission_Reddit_pipeline', 'get_Data_Submission_Reddit', 'scheduled__2024-04-22T16:00:00+00:00', '--job-id', '326', '--raw', '--subdir', 'DAGS_FOLDER/GetPost.py', '--cfg-path', '/tmp/tmpls33y16b']
[2024-04-23T09:47:40.222+0000] {standard_task_runner.py:88} INFO - Job 326: Subtask get_Data_Submission_Reddit
[2024-04-23T09:47:40.493+0000] {task_command.py:423} INFO - Running <TaskInstance: get_Data_Submission_Reddit_pipeline.get_Data_Submission_Reddit scheduled__2024-04-22T16:00:00+00:00 [running]> on host 694ea5737885
[2024-04-23T09:47:40.907+0000] {taskinstance.py:2481} INFO - Exporting env vars: AIRFLOW_CTX_DAG_OWNER='***' AIRFLOW_CTX_DAG_ID='get_Data_Submission_Reddit_pipeline' AIRFLOW_CTX_TASK_ID='get_Data_Submission_Reddit' AIRFLOW_CTX_EXECUTION_DATE='2024-04-22T16:00:00+00:00' AIRFLOW_CTX_TRY_NUMBER='1' AIRFLOW_CTX_DAG_RUN_ID='scheduled__2024-04-22T16:00:00+00:00'
[2024-04-23T09:47:41.048+0000] {logging_mixin.py:188} INFO - True
[2024-04-23T09:47:43.319+0000] {logging_mixin.py:188} WARNING - /home/***/.local/lib/python3.8/site-packages/***/utils/context.py:315 AirflowContextDeprecationWarning: Accessing 'execution_date' from the template is deprecated and will be removed in a future version. Please use 'data_interval_start' or 'logical_date' instead.
[2024-04-23T09:47:43.341+0000] {python.py:201} INFO - Done. Returned value was: /opt/***/dags/staging/Submission_Reddit_Data_2024-04-22T16:00:00+00:00.json
[2024-04-23T09:47:43.466+0000] {taskinstance.py:1138} INFO - Marking task as SUCCESS. dag_id=get_Data_Submission_Reddit_pipeline, task_id=get_Data_Submission_Reddit, execution_date=20240422T160000, start_date=20240423T094739, end_date=20240423T094743
[2024-04-23T09:47:43.679+0000] {local_task_job_runner.py:234} INFO - Task exited with return code 0
[2024-04-23T09:47:43.734+0000] {taskinstance.py:3281} INFO - 0 downstream tasks scheduled from follow-on schedule check
