[2024-04-21T12:10:15.514+0000] {taskinstance.py:1957} INFO - Dependencies all met for dep_context=non-requeueable deps ti=<TaskInstance: get_Data_Submission_Reddit_pipeline.get_Data_Submission_Reddit scheduled__2024-04-21T04:00:00+00:00 [queued]>
[2024-04-21T12:10:15.547+0000] {taskinstance.py:1957} INFO - Dependencies all met for dep_context=requeueable deps ti=<TaskInstance: get_Data_Submission_Reddit_pipeline.get_Data_Submission_Reddit scheduled__2024-04-21T04:00:00+00:00 [queued]>
[2024-04-21T12:10:15.550+0000] {taskinstance.py:2171} INFO - Starting attempt 1 of 1
[2024-04-21T12:10:15.610+0000] {taskinstance.py:2192} INFO - Executing <Task(PythonOperator): get_Data_Submission_Reddit> on 2024-04-21 04:00:00+00:00
[2024-04-21T12:10:15.633+0000] {standard_task_runner.py:60} INFO - Started process 340 to run task
[2024-04-21T12:10:15.643+0000] {standard_task_runner.py:87} INFO - Running: ['***', 'tasks', 'run', 'get_Data_Submission_Reddit_pipeline', 'get_Data_Submission_Reddit', 'scheduled__2024-04-21T04:00:00+00:00', '--job-id', '12', '--raw', '--subdir', 'DAGS_FOLDER/GetPost.py', '--cfg-path', '/tmp/tmpsfpi0ykc']
[2024-04-21T12:10:15.697+0000] {standard_task_runner.py:88} INFO - Job 12: Subtask get_Data_Submission_Reddit
[2024-04-21T12:10:16.025+0000] {task_command.py:423} INFO - Running <TaskInstance: get_Data_Submission_Reddit_pipeline.get_Data_Submission_Reddit scheduled__2024-04-21T04:00:00+00:00 [running]> on host d4c97f52cb78
[2024-04-21T12:10:16.676+0000] {taskinstance.py:2481} INFO - Exporting env vars: AIRFLOW_CTX_DAG_OWNER='***' AIRFLOW_CTX_DAG_ID='get_Data_Submission_Reddit_pipeline' AIRFLOW_CTX_TASK_ID='get_Data_Submission_Reddit' AIRFLOW_CTX_EXECUTION_DATE='2024-04-21T04:00:00+00:00' AIRFLOW_CTX_TRY_NUMBER='1' AIRFLOW_CTX_DAG_RUN_ID='scheduled__2024-04-21T04:00:00+00:00'
[2024-04-21T12:10:17.261+0000] {logging_mixin.py:188} INFO - True
[2024-04-21T12:10:18.733+0000] {python.py:201} INFO - Done. Returned value was: None
[2024-04-21T12:10:18.746+0000] {taskinstance.py:1138} INFO - Marking task as SUCCESS. dag_id=get_Data_Submission_Reddit_pipeline, task_id=get_Data_Submission_Reddit, execution_date=20240421T040000, start_date=20240421T121015, end_date=20240421T121018
[2024-04-21T12:10:19.139+0000] {local_task_job_runner.py:234} INFO - Task exited with return code 0
[2024-04-21T12:10:19.255+0000] {taskinstance.py:3281} INFO - 0 downstream tasks scheduled from follow-on schedule check
[2024-04-22T04:32:59.841+0000] {taskinstance.py:1957} INFO - Dependencies all met for dep_context=non-requeueable deps ti=<TaskInstance: get_Data_Submission_Reddit_pipeline.get_Data_Submission_Reddit scheduled__2024-04-21T04:00:00+00:00 [queued]>
[2024-04-22T04:32:59.874+0000] {taskinstance.py:1957} INFO - Dependencies all met for dep_context=requeueable deps ti=<TaskInstance: get_Data_Submission_Reddit_pipeline.get_Data_Submission_Reddit scheduled__2024-04-21T04:00:00+00:00 [queued]>
[2024-04-22T04:32:59.875+0000] {taskinstance.py:2171} INFO - Starting attempt 1 of 1
[2024-04-22T04:32:59.955+0000] {taskinstance.py:2192} INFO - Executing <Task(PythonOperator): get_Data_Submission_Reddit> on 2024-04-21 04:00:00+00:00
[2024-04-22T04:32:59.999+0000] {standard_task_runner.py:60} INFO - Started process 1048 to run task
[2024-04-22T04:33:00.036+0000] {standard_task_runner.py:87} INFO - Running: ['***', 'tasks', 'run', 'get_Data_Submission_Reddit_pipeline', 'get_Data_Submission_Reddit', 'scheduled__2024-04-21T04:00:00+00:00', '--job-id', '44', '--raw', '--subdir', 'DAGS_FOLDER/GetPost.py', '--cfg-path', '/tmp/tmpau1zf_o_']
[2024-04-22T04:33:00.054+0000] {standard_task_runner.py:88} INFO - Job 44: Subtask get_Data_Submission_Reddit
[2024-04-22T04:33:00.235+0000] {task_command.py:423} INFO - Running <TaskInstance: get_Data_Submission_Reddit_pipeline.get_Data_Submission_Reddit scheduled__2024-04-21T04:00:00+00:00 [running]> on host d4c97f52cb78
[2024-04-22T04:33:00.601+0000] {taskinstance.py:2481} INFO - Exporting env vars: AIRFLOW_CTX_DAG_OWNER='***' AIRFLOW_CTX_DAG_ID='get_Data_Submission_Reddit_pipeline' AIRFLOW_CTX_TASK_ID='get_Data_Submission_Reddit' AIRFLOW_CTX_EXECUTION_DATE='2024-04-21T04:00:00+00:00' AIRFLOW_CTX_TRY_NUMBER='1' AIRFLOW_CTX_DAG_RUN_ID='scheduled__2024-04-21T04:00:00+00:00'
[2024-04-22T04:33:00.619+0000] {logging_mixin.py:188} INFO - True
[2024-04-22T04:33:02.668+0000] {logging_mixin.py:188} WARNING - /home/***/.local/lib/python3.8/site-packages/***/utils/context.py:315 AirflowContextDeprecationWarning: Accessing 'execution_date' from the template is deprecated and will be removed in a future version. Please use 'data_interval_start' or 'logical_date' instead.
[2024-04-22T04:33:02.690+0000] {taskinstance.py:2699} ERROR - Task failed with exception
Traceback (most recent call last):
  File "/home/airflow/.local/lib/python3.8/site-packages/airflow/models/taskinstance.py", line 433, in _execute_task
    result = execute_callable(context=context, **execute_callable_kwargs)
  File "/home/airflow/.local/lib/python3.8/site-packages/airflow/operators/python.py", line 199, in execute
    return_value = self.execute_callable()
  File "/home/airflow/.local/lib/python3.8/site-packages/airflow/operators/python.py", line 216, in execute_callable
    return self.python_callable(*self.op_args, **self.op_kwargs)
  File "/opt/airflow/dags/GetPost.py", line 46, in _get_Data_Submission_Reddit
    json.dump(list_datareddit, f)
  File "/usr/local/lib/python3.8/json/__init__.py", line 179, in dump
    for chunk in iterable:
  File "/usr/local/lib/python3.8/json/encoder.py", line 429, in _iterencode
    yield from _iterencode_list(o, _current_indent_level)
  File "/usr/local/lib/python3.8/json/encoder.py", line 325, in _iterencode_list
    yield from chunks
  File "/usr/local/lib/python3.8/json/encoder.py", line 405, in _iterencode_dict
    yield from chunks
  File "/usr/local/lib/python3.8/json/encoder.py", line 438, in _iterencode
    o = _default(o)
  File "/usr/local/lib/python3.8/json/encoder.py", line 179, in default
    raise TypeError(f'Object of type {o.__class__.__name__} '
TypeError: Object of type datetime is not JSON serializable
[2024-04-22T04:33:02.745+0000] {taskinstance.py:1138} INFO - Marking task as FAILED. dag_id=get_Data_Submission_Reddit_pipeline, task_id=get_Data_Submission_Reddit, execution_date=20240421T040000, start_date=20240422T043259, end_date=20240422T043302
[2024-04-22T04:33:02.896+0000] {standard_task_runner.py:107} ERROR - Failed to execute job 44 for task get_Data_Submission_Reddit (Object of type datetime is not JSON serializable; 1048)
[2024-04-22T04:33:03.009+0000] {local_task_job_runner.py:234} INFO - Task exited with return code 1
[2024-04-22T04:33:03.184+0000] {taskinstance.py:3281} INFO - 0 downstream tasks scheduled from follow-on schedule check
[2024-04-23T09:46:37.386+0000] {taskinstance.py:1957} INFO - Dependencies all met for dep_context=non-requeueable deps ti=<TaskInstance: get_Data_Submission_Reddit_pipeline.get_Data_Submission_Reddit scheduled__2024-04-21T04:00:00+00:00 [queued]>
[2024-04-23T09:46:37.472+0000] {taskinstance.py:1957} INFO - Dependencies all met for dep_context=requeueable deps ti=<TaskInstance: get_Data_Submission_Reddit_pipeline.get_Data_Submission_Reddit scheduled__2024-04-21T04:00:00+00:00 [queued]>
[2024-04-23T09:46:37.486+0000] {taskinstance.py:2171} INFO - Starting attempt 1 of 1
[2024-04-23T09:46:37.824+0000] {taskinstance.py:2192} INFO - Executing <Task(PythonOperator): get_Data_Submission_Reddit> on 2024-04-21 04:00:00+00:00
[2024-04-23T09:46:37.932+0000] {standard_task_runner.py:60} INFO - Started process 244 to run task
[2024-04-23T09:46:37.941+0000] {standard_task_runner.py:87} INFO - Running: ['***', 'tasks', 'run', 'get_Data_Submission_Reddit_pipeline', 'get_Data_Submission_Reddit', 'scheduled__2024-04-21T04:00:00+00:00', '--job-id', '215', '--raw', '--subdir', 'DAGS_FOLDER/GetPost.py', '--cfg-path', '/tmp/tmp1r7iawc3']
[2024-04-23T09:46:38.034+0000] {standard_task_runner.py:88} INFO - Job 215: Subtask get_Data_Submission_Reddit
[2024-04-23T09:46:38.491+0000] {task_command.py:423} INFO - Running <TaskInstance: get_Data_Submission_Reddit_pipeline.get_Data_Submission_Reddit scheduled__2024-04-21T04:00:00+00:00 [running]> on host 694ea5737885
[2024-04-23T09:46:39.202+0000] {taskinstance.py:2481} INFO - Exporting env vars: AIRFLOW_CTX_DAG_OWNER='***' AIRFLOW_CTX_DAG_ID='get_Data_Submission_Reddit_pipeline' AIRFLOW_CTX_TASK_ID='get_Data_Submission_Reddit' AIRFLOW_CTX_EXECUTION_DATE='2024-04-21T04:00:00+00:00' AIRFLOW_CTX_TRY_NUMBER='1' AIRFLOW_CTX_DAG_RUN_ID='scheduled__2024-04-21T04:00:00+00:00'
[2024-04-23T09:46:39.378+0000] {logging_mixin.py:188} INFO - True
[2024-04-23T09:46:42.091+0000] {logging_mixin.py:188} WARNING - /home/***/.local/lib/python3.8/site-packages/***/utils/context.py:315 AirflowContextDeprecationWarning: Accessing 'execution_date' from the template is deprecated and will be removed in a future version. Please use 'data_interval_start' or 'logical_date' instead.
[2024-04-23T09:46:42.130+0000] {python.py:201} INFO - Done. Returned value was: /opt/***/dags/staging/Submission_Reddit_Data_2024-04-21T04:00:00+00:00.json
[2024-04-23T09:46:42.257+0000] {taskinstance.py:1138} INFO - Marking task as SUCCESS. dag_id=get_Data_Submission_Reddit_pipeline, task_id=get_Data_Submission_Reddit, execution_date=20240421T040000, start_date=20240423T094637, end_date=20240423T094642
[2024-04-23T09:46:42.533+0000] {local_task_job_runner.py:234} INFO - Task exited with return code 0
[2024-04-23T09:46:42.643+0000] {taskinstance.py:3281} INFO - 0 downstream tasks scheduled from follow-on schedule check
