[2024-04-23T09:00:02.384+0000] {taskinstance.py:1957} INFO - Dependencies all met for dep_context=non-requeueable deps ti=<TaskInstance: get_Data_Submission_Reddit_pipeline.get_Data_Submission_Reddit scheduled__2024-04-23T08:00:00+00:00 [queued]>
[2024-04-23T09:00:02.390+0000] {taskinstance.py:1957} INFO - Dependencies all met for dep_context=requeueable deps ti=<TaskInstance: get_Data_Submission_Reddit_pipeline.get_Data_Submission_Reddit scheduled__2024-04-23T08:00:00+00:00 [queued]>
[2024-04-23T09:00:02.390+0000] {taskinstance.py:2171} INFO - Starting attempt 1 of 1
[2024-04-23T09:00:02.406+0000] {taskinstance.py:2192} INFO - Executing <Task(PythonOperator): get_Data_Submission_Reddit> on 2024-04-23 08:00:00+00:00
[2024-04-23T09:00:02.411+0000] {standard_task_runner.py:60} INFO - Started process 21228 to run task
[2024-04-23T09:00:02.414+0000] {standard_task_runner.py:87} INFO - Running: ['***', 'tasks', 'run', 'get_Data_Submission_Reddit_pipeline', 'get_Data_Submission_Reddit', 'scheduled__2024-04-23T08:00:00+00:00', '--job-id', '185', '--raw', '--subdir', 'DAGS_FOLDER/GetPost.py', '--cfg-path', '/tmp/tmpfb2ur3h7']
[2024-04-23T09:00:02.416+0000] {standard_task_runner.py:88} INFO - Job 185: Subtask get_Data_Submission_Reddit
[2024-04-23T09:00:02.455+0000] {task_command.py:423} INFO - Running <TaskInstance: get_Data_Submission_Reddit_pipeline.get_Data_Submission_Reddit scheduled__2024-04-23T08:00:00+00:00 [running]> on host 694ea5737885
[2024-04-23T09:00:02.598+0000] {taskinstance.py:2481} INFO - Exporting env vars: AIRFLOW_CTX_DAG_OWNER='***' AIRFLOW_CTX_DAG_ID='get_Data_Submission_Reddit_pipeline' AIRFLOW_CTX_TASK_ID='get_Data_Submission_Reddit' AIRFLOW_CTX_EXECUTION_DATE='2024-04-23T08:00:00+00:00' AIRFLOW_CTX_TRY_NUMBER='1' AIRFLOW_CTX_DAG_RUN_ID='scheduled__2024-04-23T08:00:00+00:00'
[2024-04-23T09:00:02.629+0000] {logging_mixin.py:188} INFO - True
[2024-04-23T09:00:04.106+0000] {logging_mixin.py:188} WARNING - /home/***/.local/lib/python3.8/site-packages/***/utils/context.py:315 AirflowContextDeprecationWarning: Accessing 'execution_date' from the template is deprecated and will be removed in a future version. Please use 'data_interval_start' or 'logical_date' instead.
[2024-04-23T09:00:04.108+0000] {python.py:201} INFO - Done. Returned value was: /opt/***/dags/staging/Submission_Reddit_Data_2024-04-23T08:00:00+00:00.json
[2024-04-23T09:00:04.163+0000] {taskinstance.py:1138} INFO - Marking task as SUCCESS. dag_id=get_Data_Submission_Reddit_pipeline, task_id=get_Data_Submission_Reddit, execution_date=20240423T080000, start_date=20240423T090002, end_date=20240423T090004
[2024-04-23T09:00:04.233+0000] {local_task_job_runner.py:234} INFO - Task exited with return code 0
[2024-04-23T09:00:04.268+0000] {taskinstance.py:3281} INFO - 0 downstream tasks scheduled from follow-on schedule check
[2024-04-23T09:48:30.758+0000] {taskinstance.py:1957} INFO - Dependencies all met for dep_context=non-requeueable deps ti=<TaskInstance: get_Data_Submission_Reddit_pipeline.get_Data_Submission_Reddit scheduled__2024-04-23T08:00:00+00:00 [queued]>
[2024-04-23T09:48:30.833+0000] {taskinstance.py:1957} INFO - Dependencies all met for dep_context=requeueable deps ti=<TaskInstance: get_Data_Submission_Reddit_pipeline.get_Data_Submission_Reddit scheduled__2024-04-23T08:00:00+00:00 [queued]>
[2024-04-23T09:48:30.835+0000] {taskinstance.py:2171} INFO - Starting attempt 1 of 1
[2024-04-23T09:48:30.887+0000] {taskinstance.py:2192} INFO - Executing <Task(PythonOperator): get_Data_Submission_Reddit> on 2024-04-23 08:00:00+00:00
[2024-04-23T09:48:30.946+0000] {standard_task_runner.py:60} INFO - Started process 661 to run task
[2024-04-23T09:48:31.002+0000] {standard_task_runner.py:87} INFO - Running: ['***', 'tasks', 'run', 'get_Data_Submission_Reddit_pipeline', 'get_Data_Submission_Reddit', 'scheduled__2024-04-23T08:00:00+00:00', '--job-id', '372', '--raw', '--subdir', 'DAGS_FOLDER/GetPost.py', '--cfg-path', '/tmp/tmpb1momzbz']
[2024-04-23T09:48:31.046+0000] {standard_task_runner.py:88} INFO - Job 372: Subtask get_Data_Submission_Reddit
[2024-04-23T09:48:31.354+0000] {task_command.py:423} INFO - Running <TaskInstance: get_Data_Submission_Reddit_pipeline.get_Data_Submission_Reddit scheduled__2024-04-23T08:00:00+00:00 [running]> on host 694ea5737885
[2024-04-23T09:48:31.643+0000] {taskinstance.py:2481} INFO - Exporting env vars: AIRFLOW_CTX_DAG_OWNER='***' AIRFLOW_CTX_DAG_ID='get_Data_Submission_Reddit_pipeline' AIRFLOW_CTX_TASK_ID='get_Data_Submission_Reddit' AIRFLOW_CTX_EXECUTION_DATE='2024-04-23T08:00:00+00:00' AIRFLOW_CTX_TRY_NUMBER='1' AIRFLOW_CTX_DAG_RUN_ID='scheduled__2024-04-23T08:00:00+00:00'
[2024-04-23T09:48:31.742+0000] {logging_mixin.py:188} INFO - True
[2024-04-23T09:48:34.047+0000] {logging_mixin.py:188} WARNING - /home/***/.local/lib/python3.8/site-packages/***/utils/context.py:315 AirflowContextDeprecationWarning: Accessing 'execution_date' from the template is deprecated and will be removed in a future version. Please use 'data_interval_start' or 'logical_date' instead.
[2024-04-23T09:48:34.060+0000] {python.py:201} INFO - Done. Returned value was: /opt/***/dags/staging/Submission_Reddit_Data_2024-04-23T08:00:00+00:00.json
[2024-04-23T09:48:34.160+0000] {taskinstance.py:1138} INFO - Marking task as SUCCESS. dag_id=get_Data_Submission_Reddit_pipeline, task_id=get_Data_Submission_Reddit, execution_date=20240423T080000, start_date=20240423T094830, end_date=20240423T094834
[2024-04-23T09:48:34.395+0000] {local_task_job_runner.py:234} INFO - Task exited with return code 0
[2024-04-23T09:48:34.442+0000] {taskinstance.py:3281} INFO - 0 downstream tasks scheduled from follow-on schedule check
