[2024-04-25T02:31:17.307+0000] {taskinstance.py:1957} INFO - Dependencies all met for dep_context=non-requeueable deps ti=<TaskInstance: get_Data_CommentSubmission_Reddit_pipeline.Create_CommentSubmission_table scheduled__2024-04-24T11:30:00+00:00 [queued]>
[2024-04-25T02:31:17.502+0000] {taskinstance.py:1957} INFO - Dependencies all met for dep_context=requeueable deps ti=<TaskInstance: get_Data_CommentSubmission_Reddit_pipeline.Create_CommentSubmission_table scheduled__2024-04-24T11:30:00+00:00 [queued]>
[2024-04-25T02:31:17.503+0000] {taskinstance.py:2171} INFO - Starting attempt 1 of 1
[2024-04-25T02:31:17.712+0000] {taskinstance.py:2192} INFO - Executing <Task(PythonOperator): Create_CommentSubmission_table> on 2024-04-24 11:30:00+00:00
[2024-04-25T02:31:17.751+0000] {standard_task_runner.py:60} INFO - Started process 204 to run task
[2024-04-25T02:31:17.778+0000] {standard_task_runner.py:87} INFO - Running: ['***', 'tasks', 'run', 'get_Data_CommentSubmission_Reddit_pipeline', 'Create_CommentSubmission_table', 'scheduled__2024-04-24T11:30:00+00:00', '--job-id', '522', '--raw', '--subdir', 'DAGS_FOLDER/GetComment.py', '--cfg-path', '/tmp/tmpd378dte2']
[2024-04-25T02:31:17.822+0000] {standard_task_runner.py:88} INFO - Job 522: Subtask Create_CommentSubmission_table
[2024-04-25T02:31:18.407+0000] {task_command.py:423} INFO - Running <TaskInstance: get_Data_CommentSubmission_Reddit_pipeline.Create_CommentSubmission_table scheduled__2024-04-24T11:30:00+00:00 [running]> on host 81ccd7ea228a
[2024-04-25T02:31:19.644+0000] {taskinstance.py:2481} INFO - Exporting env vars: AIRFLOW_CTX_DAG_OWNER='***' AIRFLOW_CTX_DAG_ID='get_Data_CommentSubmission_Reddit_pipeline' AIRFLOW_CTX_TASK_ID='Create_CommentSubmission_table' AIRFLOW_CTX_EXECUTION_DATE='2024-04-24T11:30:00+00:00' AIRFLOW_CTX_TRY_NUMBER='1' AIRFLOW_CTX_DAG_RUN_ID='scheduled__2024-04-24T11:30:00+00:00'
[2024-04-25T02:31:19.727+0000] {base.py:83} INFO - Using connection ID 'my_***_conn' for task execution.
[2024-04-25T02:31:19.795+0000] {taskinstance.py:2699} ERROR - Task failed with exception
Traceback (most recent call last):
  File "/home/airflow/.local/lib/python3.8/site-packages/airflow/models/taskinstance.py", line 433, in _execute_task
    result = execute_callable(context=context, **execute_callable_kwargs)
  File "/home/airflow/.local/lib/python3.8/site-packages/airflow/operators/python.py", line 199, in execute
    return_value = self.execute_callable()
  File "/home/airflow/.local/lib/python3.8/site-packages/airflow/operators/python.py", line 216, in execute_callable
    return self.python_callable(*self.op_args, **self.op_kwargs)
  File "/opt/airflow/dags/GetComment.py", line 56, in _Create_CommentSubmission_table
    connection = pg_hook.get_conn()
  File "/home/airflow/.local/lib/python3.8/site-packages/airflow/providers/postgres/hooks/postgres.py", line 158, in get_conn
    self.conn = psycopg2.connect(**conn_args)
  File "/home/airflow/.local/lib/python3.8/site-packages/psycopg2/__init__.py", line 122, in connect
    conn = _connect(dsn, connection_factory=connection_factory, **kwasync)
psycopg2.OperationalError: could not translate host name "mydb" to address: Name or service not known

[2024-04-25T02:31:19.869+0000] {taskinstance.py:1138} INFO - Marking task as FAILED. dag_id=get_Data_CommentSubmission_Reddit_pipeline, task_id=Create_CommentSubmission_table, execution_date=20240424T113000, start_date=20240425T023117, end_date=20240425T023119
[2024-04-25T02:31:20.109+0000] {standard_task_runner.py:107} ERROR - Failed to execute job 522 for task Create_CommentSubmission_table (could not translate host name "mydb" to address: Name or service not known
; 204)
[2024-04-25T02:31:20.248+0000] {local_task_job_runner.py:234} INFO - Task exited with return code 1
[2024-04-25T02:31:20.945+0000] {taskinstance.py:3281} INFO - 0 downstream tasks scheduled from follow-on schedule check
