[0m07:41:10.098133 [debug] [MainThread]: Sending event: {'category': 'dbt', 'action': 'invocation', 'label': 'start', 'context': [<snowplow_tracker.self_describing_json.SelfDescribingJson object at 0x7f1be85a9bd0>, <snowplow_tracker.self_describing_json.SelfDescribingJson object at 0x7f1be6953940>, <snowplow_tracker.self_describing_json.SelfDescribingJson object at 0x7f1be6951b10>]}


============================== 07:41:10.130724 | e3c7fa3d-f699-4120-a799-ceefd9b9bbcf ==============================
[0m07:41:10.130724 [info ] [MainThread]: Running with dbt=1.7.13
[0m07:41:10.132268 [debug] [MainThread]: running dbt with arguments {'printer_width': '80', 'indirect_selection': 'eager', 'write_json': 'True', 'log_cache_events': 'False', 'partial_parse': 'True', 'cache_selected_only': 'False', 'warn_error': 'None', 'debug': 'False', 'version_check': 'True', 'log_path': 'logs', 'profiles_dir': '/home/codespace/.dbt', 'fail_fast': 'False', 'use_colors': 'True', 'use_experimental_parser': 'False', 'no_print': 'None', 'quiet': 'False', 'log_format': 'default', 'static_parser': 'True', 'introspect': 'True', 'invocation_command': 'dbt init', 'target_path': 'None', 'warn_error_options': 'WarnErrorOptions(include=[], exclude=[])', 'send_anonymous_usage_stats': 'True'}
[0m07:41:10.133464 [warn ] [MainThread]: [ConfigFolderDirectory]: Unable to parse dict {'dir': PosixPath('/home/codespace/.dbt')}
[0m07:41:10.134620 [info ] [MainThread]: Creating dbt configuration folder at 
[0m07:41:32.498267 [debug] [MainThread]: Starter project path: /home/codespace/.cache/pypoetry/virtualenvs/redditproject-GBNrKKO8-py3.10/lib/python3.10/site-packages/dbt/include/starter_project
[0m07:41:32.503414 [info ] [MainThread]: 
Your new dbt project "redditproject" was created!

For more information on how to configure the profiles.yml file,
please consult the dbt documentation here:

  https://docs.getdbt.com/docs/configure-your-profile

One more thing:

Need help? Don't hesitate to reach out to us via GitHub issues or on Slack:

  https://community.getdbt.com/

Happy modeling!

[0m07:41:32.504370 [info ] [MainThread]: Setting up your profile.
[0m07:51:47.591871 [info ] [MainThread]: Profile redditproject written to /home/codespace/.dbt/profiles.yml using target's profile_template.yml and your supplied values. Run 'dbt debug' to validate the connection.
[0m07:51:47.602537 [debug] [MainThread]: Resource report: {"command_name": "init", "command_success": true, "command_wall_clock_time": 637.5104, "process_user_time": 5.582737, "process_kernel_time": 0.419986, "process_mem_max_rss": "95756", "process_in_blocks": "2384", "process_out_blocks": "23264"}
[0m07:51:47.604317 [debug] [MainThread]: Command `dbt init` succeeded at 07:51:47.603882 after 637.51 seconds
[0m07:51:47.606065 [debug] [MainThread]: Sending event: {'category': 'dbt', 'action': 'invocation', 'label': 'end', 'context': [<snowplow_tracker.self_describing_json.SelfDescribingJson object at 0x7f1be85a9bd0>, <snowplow_tracker.self_describing_json.SelfDescribingJson object at 0x7f1be72bff40>, <snowplow_tracker.self_describing_json.SelfDescribingJson object at 0x7f1be6950f10>]}
[0m07:51:47.607515 [debug] [MainThread]: Flushing usage events
