[2024-04-23T04:06:25.325+0000] {taskinstance.py:1957} INFO - Dependencies all met for dep_context=non-requeueable deps ti=<TaskInstance: get_Data_Submission_Reddit_pipeline.get_Data_Submission_Reddit scheduled__2024-04-22T18:00:00+00:00 [queued]>
[2024-04-23T04:06:25.487+0000] {taskinstance.py:1957} INFO - Dependencies all met for dep_context=requeueable deps ti=<TaskInstance: get_Data_Submission_Reddit_pipeline.get_Data_Submission_Reddit scheduled__2024-04-22T18:00:00+00:00 [queued]>
[2024-04-23T04:06:25.487+0000] {taskinstance.py:2171} INFO - Starting attempt 1 of 1
[2024-04-23T04:06:27.517+0000] {taskinstance.py:2192} INFO - Executing <Task(PythonOperator): get_Data_Submission_Reddit> on 2024-04-22 18:00:00+00:00
[2024-04-23T04:06:27.571+0000] {standard_task_runner.py:60} INFO - Started process 220 to run task
[2024-04-23T04:06:27.617+0000] {standard_task_runner.py:87} INFO - Running: ['***', 'tasks', 'run', 'get_Data_Submission_Reddit_pipeline', 'get_Data_Submission_Reddit', 'scheduled__2024-04-22T18:00:00+00:00', '--job-id', '157', '--raw', '--subdir', 'DAGS_FOLDER/GetPost.py', '--cfg-path', '/tmp/tmp8um88ffe']
[2024-04-23T04:06:27.637+0000] {standard_task_runner.py:88} INFO - Job 157: Subtask get_Data_Submission_Reddit
[2024-04-23T04:06:28.012+0000] {task_command.py:423} INFO - Running <TaskInstance: get_Data_Submission_Reddit_pipeline.get_Data_Submission_Reddit scheduled__2024-04-22T18:00:00+00:00 [running]> on host 694ea5737885
[2024-04-23T04:06:28.726+0000] {taskinstance.py:2481} INFO - Exporting env vars: AIRFLOW_CTX_DAG_OWNER='***' AIRFLOW_CTX_DAG_ID='get_Data_Submission_Reddit_pipeline' AIRFLOW_CTX_TASK_ID='get_Data_Submission_Reddit' AIRFLOW_CTX_EXECUTION_DATE='2024-04-22T18:00:00+00:00' AIRFLOW_CTX_TRY_NUMBER='1' AIRFLOW_CTX_DAG_RUN_ID='scheduled__2024-04-22T18:00:00+00:00'
[2024-04-23T04:06:28.876+0000] {logging_mixin.py:188} INFO - True
[2024-04-23T04:06:30.907+0000] {logging_mixin.py:188} WARNING - /home/***/.local/lib/python3.8/site-packages/***/utils/context.py:315 AirflowContextDeprecationWarning: Accessing 'execution_date' from the template is deprecated and will be removed in a future version. Please use 'data_interval_start' or 'logical_date' instead.
[2024-04-23T04:06:30.908+0000] {python.py:201} INFO - Done. Returned value was: None
[2024-04-23T04:06:30.937+0000] {taskinstance.py:1138} INFO - Marking task as SUCCESS. dag_id=get_Data_Submission_Reddit_pipeline, task_id=get_Data_Submission_Reddit, execution_date=20240422T180000, start_date=20240423T040625, end_date=20240423T040630
[2024-04-23T04:06:31.074+0000] {local_task_job_runner.py:234} INFO - Task exited with return code 0
[2024-04-23T04:06:31.123+0000] {taskinstance.py:3281} INFO - 0 downstream tasks scheduled from follow-on schedule check
[2024-04-23T09:47:40.585+0000] {taskinstance.py:1957} INFO - Dependencies all met for dep_context=non-requeueable deps ti=<TaskInstance: get_Data_Submission_Reddit_pipeline.get_Data_Submission_Reddit scheduled__2024-04-22T18:00:00+00:00 [queued]>
[2024-04-23T09:47:40.603+0000] {taskinstance.py:1957} INFO - Dependencies all met for dep_context=requeueable deps ti=<TaskInstance: get_Data_Submission_Reddit_pipeline.get_Data_Submission_Reddit scheduled__2024-04-22T18:00:00+00:00 [queued]>
[2024-04-23T09:47:40.603+0000] {taskinstance.py:2171} INFO - Starting attempt 1 of 1
[2024-04-23T09:47:40.985+0000] {taskinstance.py:2192} INFO - Executing <Task(PythonOperator): get_Data_Submission_Reddit> on 2024-04-22 18:00:00+00:00
[2024-04-23T09:47:41.051+0000] {standard_task_runner.py:60} INFO - Started process 522 to run task
[2024-04-23T09:47:41.118+0000] {standard_task_runner.py:87} INFO - Running: ['***', 'tasks', 'run', 'get_Data_Submission_Reddit_pipeline', 'get_Data_Submission_Reddit', 'scheduled__2024-04-22T18:00:00+00:00', '--job-id', '328', '--raw', '--subdir', 'DAGS_FOLDER/GetPost.py', '--cfg-path', '/tmp/tmpqd0hrze9']
[2024-04-23T09:47:41.143+0000] {standard_task_runner.py:88} INFO - Job 328: Subtask get_Data_Submission_Reddit
[2024-04-23T09:47:41.706+0000] {task_command.py:423} INFO - Running <TaskInstance: get_Data_Submission_Reddit_pipeline.get_Data_Submission_Reddit scheduled__2024-04-22T18:00:00+00:00 [running]> on host 694ea5737885
[2024-04-23T09:47:42.416+0000] {taskinstance.py:2481} INFO - Exporting env vars: AIRFLOW_CTX_DAG_OWNER='***' AIRFLOW_CTX_DAG_ID='get_Data_Submission_Reddit_pipeline' AIRFLOW_CTX_TASK_ID='get_Data_Submission_Reddit' AIRFLOW_CTX_EXECUTION_DATE='2024-04-22T18:00:00+00:00' AIRFLOW_CTX_TRY_NUMBER='1' AIRFLOW_CTX_DAG_RUN_ID='scheduled__2024-04-22T18:00:00+00:00'
[2024-04-23T09:47:42.675+0000] {logging_mixin.py:188} INFO - True
[2024-04-23T09:47:44.898+0000] {logging_mixin.py:188} WARNING - /home/***/.local/lib/python3.8/site-packages/***/utils/context.py:315 AirflowContextDeprecationWarning: Accessing 'execution_date' from the template is deprecated and will be removed in a future version. Please use 'data_interval_start' or 'logical_date' instead.
[2024-04-23T09:47:44.913+0000] {python.py:201} INFO - Done. Returned value was: /opt/***/dags/staging/Submission_Reddit_Data_2024-04-22T18:00:00+00:00.json
[2024-04-23T09:47:45.034+0000] {taskinstance.py:1138} INFO - Marking task as SUCCESS. dag_id=get_Data_Submission_Reddit_pipeline, task_id=get_Data_Submission_Reddit, execution_date=20240422T180000, start_date=20240423T094740, end_date=20240423T094745
[2024-04-23T09:47:45.237+0000] {local_task_job_runner.py:234} INFO - Task exited with return code 0
[2024-04-23T09:47:45.321+0000] {taskinstance.py:3281} INFO - 0 downstream tasks scheduled from follow-on schedule check
