[2024-04-21T12:10:14.415+0000] {taskinstance.py:1957} INFO - Dependencies all met for dep_context=non-requeueable deps ti=<TaskInstance: get_Data_Submission_Reddit_pipeline.get_Data_Submission_Reddit scheduled__2024-04-21T01:00:00+00:00 [queued]>
[2024-04-21T12:10:14.449+0000] {taskinstance.py:1957} INFO - Dependencies all met for dep_context=requeueable deps ti=<TaskInstance: get_Data_Submission_Reddit_pipeline.get_Data_Submission_Reddit scheduled__2024-04-21T01:00:00+00:00 [queued]>
[2024-04-21T12:10:14.450+0000] {taskinstance.py:2171} INFO - Starting attempt 1 of 1
[2024-04-21T12:10:14.505+0000] {taskinstance.py:2192} INFO - Executing <Task(PythonOperator): get_Data_Submission_Reddit> on 2024-04-21 01:00:00+00:00
[2024-04-21T12:10:14.524+0000] {standard_task_runner.py:60} INFO - Started process 336 to run task
[2024-04-21T12:10:14.552+0000] {standard_task_runner.py:87} INFO - Running: ['***', 'tasks', 'run', 'get_Data_Submission_Reddit_pipeline', 'get_Data_Submission_Reddit', 'scheduled__2024-04-21T01:00:00+00:00', '--job-id', '9', '--raw', '--subdir', 'DAGS_FOLDER/GetPost.py', '--cfg-path', '/tmp/tmpf1em9wdy']
[2024-04-21T12:10:14.563+0000] {standard_task_runner.py:88} INFO - Job 9: Subtask get_Data_Submission_Reddit
[2024-04-21T12:10:14.732+0000] {task_command.py:423} INFO - Running <TaskInstance: get_Data_Submission_Reddit_pipeline.get_Data_Submission_Reddit scheduled__2024-04-21T01:00:00+00:00 [running]> on host d4c97f52cb78
[2024-04-21T12:10:15.213+0000] {taskinstance.py:2481} INFO - Exporting env vars: AIRFLOW_CTX_DAG_OWNER='***' AIRFLOW_CTX_DAG_ID='get_Data_Submission_Reddit_pipeline' AIRFLOW_CTX_TASK_ID='get_Data_Submission_Reddit' AIRFLOW_CTX_EXECUTION_DATE='2024-04-21T01:00:00+00:00' AIRFLOW_CTX_TRY_NUMBER='1' AIRFLOW_CTX_DAG_RUN_ID='scheduled__2024-04-21T01:00:00+00:00'
[2024-04-21T12:10:15.532+0000] {logging_mixin.py:188} INFO - True
[2024-04-21T12:10:17.195+0000] {python.py:201} INFO - Done. Returned value was: None
[2024-04-21T12:10:17.326+0000] {taskinstance.py:1138} INFO - Marking task as SUCCESS. dag_id=get_Data_Submission_Reddit_pipeline, task_id=get_Data_Submission_Reddit, execution_date=20240421T010000, start_date=20240421T121014, end_date=20240421T121017
[2024-04-21T12:10:17.568+0000] {local_task_job_runner.py:234} INFO - Task exited with return code 0
[2024-04-21T12:10:17.615+0000] {taskinstance.py:3281} INFO - 0 downstream tasks scheduled from follow-on schedule check
[2024-04-22T04:32:58.172+0000] {taskinstance.py:1957} INFO - Dependencies all met for dep_context=non-requeueable deps ti=<TaskInstance: get_Data_Submission_Reddit_pipeline.get_Data_Submission_Reddit scheduled__2024-04-21T01:00:00+00:00 [queued]>
[2024-04-22T04:32:58.201+0000] {taskinstance.py:1957} INFO - Dependencies all met for dep_context=requeueable deps ti=<TaskInstance: get_Data_Submission_Reddit_pipeline.get_Data_Submission_Reddit scheduled__2024-04-21T01:00:00+00:00 [queued]>
[2024-04-22T04:32:58.212+0000] {taskinstance.py:2171} INFO - Starting attempt 1 of 1
[2024-04-22T04:32:58.393+0000] {taskinstance.py:2192} INFO - Executing <Task(PythonOperator): get_Data_Submission_Reddit> on 2024-04-21 01:00:00+00:00
[2024-04-22T04:32:58.420+0000] {standard_task_runner.py:60} INFO - Started process 1035 to run task
[2024-04-22T04:32:58.435+0000] {standard_task_runner.py:87} INFO - Running: ['***', 'tasks', 'run', 'get_Data_Submission_Reddit_pipeline', 'get_Data_Submission_Reddit', 'scheduled__2024-04-21T01:00:00+00:00', '--job-id', '41', '--raw', '--subdir', 'DAGS_FOLDER/GetPost.py', '--cfg-path', '/tmp/tmpb21wqu_m']
[2024-04-22T04:32:58.474+0000] {standard_task_runner.py:88} INFO - Job 41: Subtask get_Data_Submission_Reddit
[2024-04-22T04:32:58.930+0000] {task_command.py:423} INFO - Running <TaskInstance: get_Data_Submission_Reddit_pipeline.get_Data_Submission_Reddit scheduled__2024-04-21T01:00:00+00:00 [running]> on host d4c97f52cb78
[2024-04-22T04:32:59.366+0000] {taskinstance.py:2481} INFO - Exporting env vars: AIRFLOW_CTX_DAG_OWNER='***' AIRFLOW_CTX_DAG_ID='get_Data_Submission_Reddit_pipeline' AIRFLOW_CTX_TASK_ID='get_Data_Submission_Reddit' AIRFLOW_CTX_EXECUTION_DATE='2024-04-21T01:00:00+00:00' AIRFLOW_CTX_TRY_NUMBER='1' AIRFLOW_CTX_DAG_RUN_ID='scheduled__2024-04-21T01:00:00+00:00'
[2024-04-22T04:32:59.369+0000] {logging_mixin.py:188} INFO - True
[2024-04-22T04:33:01.154+0000] {logging_mixin.py:188} WARNING - /home/***/.local/lib/python3.8/site-packages/***/utils/context.py:315 AirflowContextDeprecationWarning: Accessing 'execution_date' from the template is deprecated and will be removed in a future version. Please use 'data_interval_start' or 'logical_date' instead.
[2024-04-22T04:33:01.173+0000] {taskinstance.py:2699} ERROR - Task failed with exception
Traceback (most recent call last):
  File "/home/airflow/.local/lib/python3.8/site-packages/airflow/models/taskinstance.py", line 433, in _execute_task
    result = execute_callable(context=context, **execute_callable_kwargs)
  File "/home/airflow/.local/lib/python3.8/site-packages/airflow/operators/python.py", line 199, in execute
    return_value = self.execute_callable()
  File "/home/airflow/.local/lib/python3.8/site-packages/airflow/operators/python.py", line 216, in execute_callable
    return self.python_callable(*self.op_args, **self.op_kwargs)
  File "/opt/airflow/dags/GetPost.py", line 46, in _get_Data_Submission_Reddit
    json.dump(list_datareddit, f)
  File "/usr/local/lib/python3.8/json/__init__.py", line 179, in dump
    for chunk in iterable:
  File "/usr/local/lib/python3.8/json/encoder.py", line 429, in _iterencode
    yield from _iterencode_list(o, _current_indent_level)
  File "/usr/local/lib/python3.8/json/encoder.py", line 325, in _iterencode_list
    yield from chunks
  File "/usr/local/lib/python3.8/json/encoder.py", line 405, in _iterencode_dict
    yield from chunks
  File "/usr/local/lib/python3.8/json/encoder.py", line 438, in _iterencode
    o = _default(o)
  File "/usr/local/lib/python3.8/json/encoder.py", line 179, in default
    raise TypeError(f'Object of type {o.__class__.__name__} '
TypeError: Object of type datetime is not JSON serializable
[2024-04-22T04:33:01.210+0000] {taskinstance.py:1138} INFO - Marking task as FAILED. dag_id=get_Data_Submission_Reddit_pipeline, task_id=get_Data_Submission_Reddit, execution_date=20240421T010000, start_date=20240422T043258, end_date=20240422T043301
[2024-04-22T04:33:01.355+0000] {standard_task_runner.py:107} ERROR - Failed to execute job 41 for task get_Data_Submission_Reddit (Object of type datetime is not JSON serializable; 1035)
[2024-04-22T04:33:01.469+0000] {local_task_job_runner.py:234} INFO - Task exited with return code 1
[2024-04-22T04:33:01.623+0000] {taskinstance.py:3281} INFO - 0 downstream tasks scheduled from follow-on schedule check
[2024-04-23T09:46:34.709+0000] {taskinstance.py:1957} INFO - Dependencies all met for dep_context=non-requeueable deps ti=<TaskInstance: get_Data_Submission_Reddit_pipeline.get_Data_Submission_Reddit scheduled__2024-04-21T01:00:00+00:00 [queued]>
[2024-04-23T09:46:34.764+0000] {taskinstance.py:1957} INFO - Dependencies all met for dep_context=requeueable deps ti=<TaskInstance: get_Data_Submission_Reddit_pipeline.get_Data_Submission_Reddit scheduled__2024-04-21T01:00:00+00:00 [queued]>
[2024-04-23T09:46:34.767+0000] {taskinstance.py:2171} INFO - Starting attempt 1 of 1
[2024-04-23T09:46:35.140+0000] {taskinstance.py:2192} INFO - Executing <Task(PythonOperator): get_Data_Submission_Reddit> on 2024-04-21 01:00:00+00:00
[2024-04-23T09:46:35.208+0000] {standard_task_runner.py:60} INFO - Started process 227 to run task
[2024-04-23T09:46:35.251+0000] {standard_task_runner.py:87} INFO - Running: ['***', 'tasks', 'run', 'get_Data_Submission_Reddit_pipeline', 'get_Data_Submission_Reddit', 'scheduled__2024-04-21T01:00:00+00:00', '--job-id', '209', '--raw', '--subdir', 'DAGS_FOLDER/GetPost.py', '--cfg-path', '/tmp/tmp1b9572xm']
[2024-04-23T09:46:35.297+0000] {standard_task_runner.py:88} INFO - Job 209: Subtask get_Data_Submission_Reddit
[2024-04-23T09:46:35.706+0000] {task_command.py:423} INFO - Running <TaskInstance: get_Data_Submission_Reddit_pipeline.get_Data_Submission_Reddit scheduled__2024-04-21T01:00:00+00:00 [running]> on host 694ea5737885
[2024-04-23T09:46:36.475+0000] {taskinstance.py:2481} INFO - Exporting env vars: AIRFLOW_CTX_DAG_OWNER='***' AIRFLOW_CTX_DAG_ID='get_Data_Submission_Reddit_pipeline' AIRFLOW_CTX_TASK_ID='get_Data_Submission_Reddit' AIRFLOW_CTX_EXECUTION_DATE='2024-04-21T01:00:00+00:00' AIRFLOW_CTX_TRY_NUMBER='1' AIRFLOW_CTX_DAG_RUN_ID='scheduled__2024-04-21T01:00:00+00:00'
[2024-04-23T09:46:36.682+0000] {logging_mixin.py:188} INFO - True
[2024-04-23T09:46:39.056+0000] {logging_mixin.py:188} WARNING - /home/***/.local/lib/python3.8/site-packages/***/utils/context.py:315 AirflowContextDeprecationWarning: Accessing 'execution_date' from the template is deprecated and will be removed in a future version. Please use 'data_interval_start' or 'logical_date' instead.
[2024-04-23T09:46:39.142+0000] {python.py:201} INFO - Done. Returned value was: /opt/***/dags/staging/Submission_Reddit_Data_2024-04-21T01:00:00+00:00.json
[2024-04-23T09:46:39.335+0000] {taskinstance.py:1138} INFO - Marking task as SUCCESS. dag_id=get_Data_Submission_Reddit_pipeline, task_id=get_Data_Submission_Reddit, execution_date=20240421T010000, start_date=20240423T094634, end_date=20240423T094639
[2024-04-23T09:46:39.704+0000] {local_task_job_runner.py:234} INFO - Task exited with return code 0
[2024-04-23T09:46:39.895+0000] {taskinstance.py:3281} INFO - 0 downstream tasks scheduled from follow-on schedule check
