[2024-04-22T08:00:02.015+0000] {taskinstance.py:1957} INFO - Dependencies all met for dep_context=non-requeueable deps ti=<TaskInstance: get_Data_Submission_Reddit_pipeline.get_Data_Submission_Reddit scheduled__2024-04-22T07:00:00+00:00 [queued]>
[2024-04-22T08:00:02.022+0000] {taskinstance.py:1957} INFO - Dependencies all met for dep_context=requeueable deps ti=<TaskInstance: get_Data_Submission_Reddit_pipeline.get_Data_Submission_Reddit scheduled__2024-04-22T07:00:00+00:00 [queued]>
[2024-04-22T08:00:02.022+0000] {taskinstance.py:2171} INFO - Starting attempt 1 of 1
[2024-04-22T08:00:02.036+0000] {taskinstance.py:2192} INFO - Executing <Task(PythonOperator): get_Data_Submission_Reddit> on 2024-04-22 07:00:00+00:00
[2024-04-22T08:00:02.043+0000] {standard_task_runner.py:60} INFO - Started process 13653 to run task
[2024-04-22T08:00:02.045+0000] {standard_task_runner.py:87} INFO - Running: ['***', 'tasks', 'run', 'get_Data_Submission_Reddit_pipeline', 'get_Data_Submission_Reddit', 'scheduled__2024-04-22T07:00:00+00:00', '--job-id', '78', '--raw', '--subdir', 'DAGS_FOLDER/GetPost.py', '--cfg-path', '/tmp/tmp7e_s9rfp']
[2024-04-22T08:00:02.047+0000] {standard_task_runner.py:88} INFO - Job 78: Subtask get_Data_Submission_Reddit
[2024-04-22T08:00:02.090+0000] {task_command.py:423} INFO - Running <TaskInstance: get_Data_Submission_Reddit_pipeline.get_Data_Submission_Reddit scheduled__2024-04-22T07:00:00+00:00 [running]> on host d4c97f52cb78
[2024-04-22T08:00:02.169+0000] {taskinstance.py:2481} INFO - Exporting env vars: AIRFLOW_CTX_DAG_OWNER='***' AIRFLOW_CTX_DAG_ID='get_Data_Submission_Reddit_pipeline' AIRFLOW_CTX_TASK_ID='get_Data_Submission_Reddit' AIRFLOW_CTX_EXECUTION_DATE='2024-04-22T07:00:00+00:00' AIRFLOW_CTX_TRY_NUMBER='1' AIRFLOW_CTX_DAG_RUN_ID='scheduled__2024-04-22T07:00:00+00:00'
[2024-04-22T08:00:02.249+0000] {logging_mixin.py:188} INFO - True
[2024-04-22T08:00:03.498+0000] {logging_mixin.py:188} WARNING - /home/***/.local/lib/python3.8/site-packages/***/utils/context.py:315 AirflowContextDeprecationWarning: Accessing 'execution_date' from the template is deprecated and will be removed in a future version. Please use 'data_interval_start' or 'logical_date' instead.
[2024-04-22T08:00:03.499+0000] {python.py:201} INFO - Done. Returned value was: None
[2024-04-22T08:00:03.507+0000] {taskinstance.py:1138} INFO - Marking task as SUCCESS. dag_id=get_Data_Submission_Reddit_pipeline, task_id=get_Data_Submission_Reddit, execution_date=20240422T070000, start_date=20240422T080002, end_date=20240422T080003
[2024-04-22T08:00:03.546+0000] {local_task_job_runner.py:234} INFO - Task exited with return code 0
[2024-04-22T08:00:03.565+0000] {taskinstance.py:3281} INFO - 0 downstream tasks scheduled from follow-on schedule check
[2024-04-23T09:47:23.074+0000] {taskinstance.py:1957} INFO - Dependencies all met for dep_context=non-requeueable deps ti=<TaskInstance: get_Data_Submission_Reddit_pipeline.get_Data_Submission_Reddit scheduled__2024-04-22T07:00:00+00:00 [queued]>
[2024-04-23T09:47:23.196+0000] {taskinstance.py:1957} INFO - Dependencies all met for dep_context=requeueable deps ti=<TaskInstance: get_Data_Submission_Reddit_pipeline.get_Data_Submission_Reddit scheduled__2024-04-22T07:00:00+00:00 [queued]>
[2024-04-23T09:47:23.201+0000] {taskinstance.py:2171} INFO - Starting attempt 1 of 1
[2024-04-23T09:47:23.668+0000] {taskinstance.py:2192} INFO - Executing <Task(PythonOperator): get_Data_Submission_Reddit> on 2024-04-22 07:00:00+00:00
[2024-04-23T09:47:23.709+0000] {standard_task_runner.py:60} INFO - Started process 435 to run task
[2024-04-23T09:47:23.745+0000] {standard_task_runner.py:87} INFO - Running: ['***', 'tasks', 'run', 'get_Data_Submission_Reddit_pipeline', 'get_Data_Submission_Reddit', 'scheduled__2024-04-22T07:00:00+00:00', '--job-id', '295', '--raw', '--subdir', 'DAGS_FOLDER/GetPost.py', '--cfg-path', '/tmp/tmprgmyd3ts']
[2024-04-23T09:47:23.816+0000] {standard_task_runner.py:88} INFO - Job 295: Subtask get_Data_Submission_Reddit
[2024-04-23T09:47:24.260+0000] {task_command.py:423} INFO - Running <TaskInstance: get_Data_Submission_Reddit_pipeline.get_Data_Submission_Reddit scheduled__2024-04-22T07:00:00+00:00 [running]> on host 694ea5737885
[2024-04-23T09:47:25.099+0000] {taskinstance.py:2481} INFO - Exporting env vars: AIRFLOW_CTX_DAG_OWNER='***' AIRFLOW_CTX_DAG_ID='get_Data_Submission_Reddit_pipeline' AIRFLOW_CTX_TASK_ID='get_Data_Submission_Reddit' AIRFLOW_CTX_EXECUTION_DATE='2024-04-22T07:00:00+00:00' AIRFLOW_CTX_TRY_NUMBER='1' AIRFLOW_CTX_DAG_RUN_ID='scheduled__2024-04-22T07:00:00+00:00'
[2024-04-23T09:47:25.342+0000] {logging_mixin.py:188} INFO - True
[2024-04-23T09:47:28.156+0000] {logging_mixin.py:188} WARNING - /home/***/.local/lib/python3.8/site-packages/***/utils/context.py:315 AirflowContextDeprecationWarning: Accessing 'execution_date' from the template is deprecated and will be removed in a future version. Please use 'data_interval_start' or 'logical_date' instead.
[2024-04-23T09:47:28.203+0000] {python.py:201} INFO - Done. Returned value was: /opt/***/dags/staging/Submission_Reddit_Data_2024-04-22T07:00:00+00:00.json
[2024-04-23T09:47:28.355+0000] {taskinstance.py:1138} INFO - Marking task as SUCCESS. dag_id=get_Data_Submission_Reddit_pipeline, task_id=get_Data_Submission_Reddit, execution_date=20240422T070000, start_date=20240423T094723, end_date=20240423T094728
[2024-04-23T09:47:29.093+0000] {local_task_job_runner.py:234} INFO - Task exited with return code 0
[2024-04-23T09:47:29.182+0000] {taskinstance.py:3281} INFO - 0 downstream tasks scheduled from follow-on schedule check
