[2024-04-21T12:10:18.075+0000] {taskinstance.py:1957} INFO - Dependencies all met for dep_context=non-requeueable deps ti=<TaskInstance: get_Data_Submission_Reddit_pipeline.get_Data_Submission_Reddit scheduled__2024-04-21T08:00:00+00:00 [queued]>
[2024-04-21T12:10:18.145+0000] {taskinstance.py:1957} INFO - Dependencies all met for dep_context=requeueable deps ti=<TaskInstance: get_Data_Submission_Reddit_pipeline.get_Data_Submission_Reddit scheduled__2024-04-21T08:00:00+00:00 [queued]>
[2024-04-21T12:10:18.146+0000] {taskinstance.py:2171} INFO - Starting attempt 1 of 1
[2024-04-21T12:10:18.506+0000] {taskinstance.py:2192} INFO - Executing <Task(PythonOperator): get_Data_Submission_Reddit> on 2024-04-21 08:00:00+00:00
[2024-04-21T12:10:18.523+0000] {standard_task_runner.py:60} INFO - Started process 355 to run task
[2024-04-21T12:10:18.547+0000] {standard_task_runner.py:87} INFO - Running: ['***', 'tasks', 'run', 'get_Data_Submission_Reddit_pipeline', 'get_Data_Submission_Reddit', 'scheduled__2024-04-21T08:00:00+00:00', '--job-id', '16', '--raw', '--subdir', 'DAGS_FOLDER/GetPost.py', '--cfg-path', '/tmp/tmp64euzh1t']
[2024-04-21T12:10:18.550+0000] {standard_task_runner.py:88} INFO - Job 16: Subtask get_Data_Submission_Reddit
[2024-04-21T12:10:18.838+0000] {task_command.py:423} INFO - Running <TaskInstance: get_Data_Submission_Reddit_pipeline.get_Data_Submission_Reddit scheduled__2024-04-21T08:00:00+00:00 [running]> on host d4c97f52cb78
[2024-04-21T12:10:19.217+0000] {taskinstance.py:2481} INFO - Exporting env vars: AIRFLOW_CTX_DAG_OWNER='***' AIRFLOW_CTX_DAG_ID='get_Data_Submission_Reddit_pipeline' AIRFLOW_CTX_TASK_ID='get_Data_Submission_Reddit' AIRFLOW_CTX_EXECUTION_DATE='2024-04-21T08:00:00+00:00' AIRFLOW_CTX_TRY_NUMBER='1' AIRFLOW_CTX_DAG_RUN_ID='scheduled__2024-04-21T08:00:00+00:00'
[2024-04-21T12:10:19.223+0000] {logging_mixin.py:188} INFO - True
[2024-04-21T12:10:20.408+0000] {python.py:201} INFO - Done. Returned value was: None
[2024-04-21T12:10:20.419+0000] {taskinstance.py:1138} INFO - Marking task as SUCCESS. dag_id=get_Data_Submission_Reddit_pipeline, task_id=get_Data_Submission_Reddit, execution_date=20240421T080000, start_date=20240421T121018, end_date=20240421T121020
[2024-04-21T12:10:20.468+0000] {local_task_job_runner.py:234} INFO - Task exited with return code 0
[2024-04-21T12:10:20.502+0000] {taskinstance.py:3281} INFO - 0 downstream tasks scheduled from follow-on schedule check
[2024-04-22T04:33:01.906+0000] {taskinstance.py:1957} INFO - Dependencies all met for dep_context=non-requeueable deps ti=<TaskInstance: get_Data_Submission_Reddit_pipeline.get_Data_Submission_Reddit scheduled__2024-04-21T08:00:00+00:00 [queued]>
[2024-04-22T04:33:02.000+0000] {taskinstance.py:1957} INFO - Dependencies all met for dep_context=requeueable deps ti=<TaskInstance: get_Data_Submission_Reddit_pipeline.get_Data_Submission_Reddit scheduled__2024-04-21T08:00:00+00:00 [queued]>
[2024-04-22T04:33:02.000+0000] {taskinstance.py:2171} INFO - Starting attempt 1 of 1
[2024-04-22T04:33:02.071+0000] {taskinstance.py:2192} INFO - Executing <Task(PythonOperator): get_Data_Submission_Reddit> on 2024-04-21 08:00:00+00:00
[2024-04-22T04:33:02.085+0000] {standard_task_runner.py:60} INFO - Started process 1055 to run task
[2024-04-22T04:33:02.107+0000] {standard_task_runner.py:87} INFO - Running: ['***', 'tasks', 'run', 'get_Data_Submission_Reddit_pipeline', 'get_Data_Submission_Reddit', 'scheduled__2024-04-21T08:00:00+00:00', '--job-id', '48', '--raw', '--subdir', 'DAGS_FOLDER/GetPost.py', '--cfg-path', '/tmp/tmpe0ek9ix9']
[2024-04-22T04:33:02.130+0000] {standard_task_runner.py:88} INFO - Job 48: Subtask get_Data_Submission_Reddit
[2024-04-22T04:33:02.376+0000] {task_command.py:423} INFO - Running <TaskInstance: get_Data_Submission_Reddit_pipeline.get_Data_Submission_Reddit scheduled__2024-04-21T08:00:00+00:00 [running]> on host d4c97f52cb78
[2024-04-22T04:33:02.817+0000] {taskinstance.py:2481} INFO - Exporting env vars: AIRFLOW_CTX_DAG_OWNER='***' AIRFLOW_CTX_DAG_ID='get_Data_Submission_Reddit_pipeline' AIRFLOW_CTX_TASK_ID='get_Data_Submission_Reddit' AIRFLOW_CTX_EXECUTION_DATE='2024-04-21T08:00:00+00:00' AIRFLOW_CTX_TRY_NUMBER='1' AIRFLOW_CTX_DAG_RUN_ID='scheduled__2024-04-21T08:00:00+00:00'
[2024-04-22T04:33:02.825+0000] {logging_mixin.py:188} INFO - True
[2024-04-22T04:33:04.784+0000] {logging_mixin.py:188} WARNING - /home/***/.local/lib/python3.8/site-packages/***/utils/context.py:315 AirflowContextDeprecationWarning: Accessing 'execution_date' from the template is deprecated and will be removed in a future version. Please use 'data_interval_start' or 'logical_date' instead.
[2024-04-22T04:33:04.785+0000] {taskinstance.py:2699} ERROR - Task failed with exception
Traceback (most recent call last):
  File "/home/airflow/.local/lib/python3.8/site-packages/airflow/models/taskinstance.py", line 433, in _execute_task
    result = execute_callable(context=context, **execute_callable_kwargs)
  File "/home/airflow/.local/lib/python3.8/site-packages/airflow/operators/python.py", line 199, in execute
    return_value = self.execute_callable()
  File "/home/airflow/.local/lib/python3.8/site-packages/airflow/operators/python.py", line 216, in execute_callable
    return self.python_callable(*self.op_args, **self.op_kwargs)
  File "/opt/airflow/dags/GetPost.py", line 46, in _get_Data_Submission_Reddit
    json.dump(list_datareddit, f)
  File "/usr/local/lib/python3.8/json/__init__.py", line 179, in dump
    for chunk in iterable:
  File "/usr/local/lib/python3.8/json/encoder.py", line 429, in _iterencode
    yield from _iterencode_list(o, _current_indent_level)
  File "/usr/local/lib/python3.8/json/encoder.py", line 325, in _iterencode_list
    yield from chunks
  File "/usr/local/lib/python3.8/json/encoder.py", line 405, in _iterencode_dict
    yield from chunks
  File "/usr/local/lib/python3.8/json/encoder.py", line 438, in _iterencode
    o = _default(o)
  File "/usr/local/lib/python3.8/json/encoder.py", line 179, in default
    raise TypeError(f'Object of type {o.__class__.__name__} '
TypeError: Object of type datetime is not JSON serializable
[2024-04-22T04:33:04.853+0000] {taskinstance.py:1138} INFO - Marking task as FAILED. dag_id=get_Data_Submission_Reddit_pipeline, task_id=get_Data_Submission_Reddit, execution_date=20240421T080000, start_date=20240422T043301, end_date=20240422T043304
[2024-04-22T04:33:04.918+0000] {standard_task_runner.py:107} ERROR - Failed to execute job 48 for task get_Data_Submission_Reddit (Object of type datetime is not JSON serializable; 1055)
[2024-04-22T04:33:04.988+0000] {local_task_job_runner.py:234} INFO - Task exited with return code 1
[2024-04-22T04:33:05.057+0000] {taskinstance.py:3281} INFO - 0 downstream tasks scheduled from follow-on schedule check
[2024-04-23T09:46:42.696+0000] {taskinstance.py:1957} INFO - Dependencies all met for dep_context=non-requeueable deps ti=<TaskInstance: get_Data_Submission_Reddit_pipeline.get_Data_Submission_Reddit scheduled__2024-04-21T08:00:00+00:00 [queued]>
[2024-04-23T09:46:42.762+0000] {taskinstance.py:1957} INFO - Dependencies all met for dep_context=requeueable deps ti=<TaskInstance: get_Data_Submission_Reddit_pipeline.get_Data_Submission_Reddit scheduled__2024-04-21T08:00:00+00:00 [queued]>
[2024-04-23T09:46:42.773+0000] {taskinstance.py:2171} INFO - Starting attempt 1 of 1
[2024-04-23T09:46:42.890+0000] {taskinstance.py:2192} INFO - Executing <Task(PythonOperator): get_Data_Submission_Reddit> on 2024-04-21 08:00:00+00:00
[2024-04-23T09:46:42.936+0000] {standard_task_runner.py:60} INFO - Started process 264 to run task
[2024-04-23T09:46:43.002+0000] {standard_task_runner.py:87} INFO - Running: ['***', 'tasks', 'run', 'get_Data_Submission_Reddit_pipeline', 'get_Data_Submission_Reddit', 'scheduled__2024-04-21T08:00:00+00:00', '--job-id', '226', '--raw', '--subdir', 'DAGS_FOLDER/GetPost.py', '--cfg-path', '/tmp/tmpnmqmdebv']
[2024-04-23T09:46:43.022+0000] {standard_task_runner.py:88} INFO - Job 226: Subtask get_Data_Submission_Reddit
[2024-04-23T09:46:43.427+0000] {task_command.py:423} INFO - Running <TaskInstance: get_Data_Submission_Reddit_pipeline.get_Data_Submission_Reddit scheduled__2024-04-21T08:00:00+00:00 [running]> on host 694ea5737885
[2024-04-23T09:46:44.173+0000] {taskinstance.py:2481} INFO - Exporting env vars: AIRFLOW_CTX_DAG_OWNER='***' AIRFLOW_CTX_DAG_ID='get_Data_Submission_Reddit_pipeline' AIRFLOW_CTX_TASK_ID='get_Data_Submission_Reddit' AIRFLOW_CTX_EXECUTION_DATE='2024-04-21T08:00:00+00:00' AIRFLOW_CTX_TRY_NUMBER='1' AIRFLOW_CTX_DAG_RUN_ID='scheduled__2024-04-21T08:00:00+00:00'
[2024-04-23T09:46:44.386+0000] {logging_mixin.py:188} INFO - True
[2024-04-23T09:46:46.615+0000] {logging_mixin.py:188} WARNING - /home/***/.local/lib/python3.8/site-packages/***/utils/context.py:315 AirflowContextDeprecationWarning: Accessing 'execution_date' from the template is deprecated and will be removed in a future version. Please use 'data_interval_start' or 'logical_date' instead.
[2024-04-23T09:46:46.631+0000] {python.py:201} INFO - Done. Returned value was: /opt/***/dags/staging/Submission_Reddit_Data_2024-04-21T08:00:00+00:00.json
[2024-04-23T09:46:46.782+0000] {taskinstance.py:1138} INFO - Marking task as SUCCESS. dag_id=get_Data_Submission_Reddit_pipeline, task_id=get_Data_Submission_Reddit, execution_date=20240421T080000, start_date=20240423T094642, end_date=20240423T094646
[2024-04-23T09:46:47.106+0000] {local_task_job_runner.py:234} INFO - Task exited with return code 0
[2024-04-23T09:46:48.023+0000] {taskinstance.py:3281} INFO - 0 downstream tasks scheduled from follow-on schedule check
