[2024-04-22T12:00:01.889+0000] {taskinstance.py:1957} INFO - Dependencies all met for dep_context=non-requeueable deps ti=<TaskInstance: get_Data_Submission_Reddit_pipeline.get_Data_Submission_Reddit scheduled__2024-04-22T11:00:00+00:00 [queued]>
[2024-04-22T12:00:01.898+0000] {taskinstance.py:1957} INFO - Dependencies all met for dep_context=requeueable deps ti=<TaskInstance: get_Data_Submission_Reddit_pipeline.get_Data_Submission_Reddit scheduled__2024-04-22T11:00:00+00:00 [queued]>
[2024-04-22T12:00:01.899+0000] {taskinstance.py:2171} INFO - Starting attempt 1 of 1
[2024-04-22T12:00:01.921+0000] {taskinstance.py:2192} INFO - Executing <Task(PythonOperator): get_Data_Submission_Reddit> on 2024-04-22 11:00:00+00:00
[2024-04-22T12:00:01.929+0000] {standard_task_runner.py:60} INFO - Started process 836 to run task
[2024-04-22T12:00:01.935+0000] {standard_task_runner.py:87} INFO - Running: ['***', 'tasks', 'run', 'get_Data_Submission_Reddit_pipeline', 'get_Data_Submission_Reddit', 'scheduled__2024-04-22T11:00:00+00:00', '--job-id', '142', '--raw', '--subdir', 'DAGS_FOLDER/GetPost.py', '--cfg-path', '/tmp/tmp_08mt7nl']
[2024-04-22T12:00:01.937+0000] {standard_task_runner.py:88} INFO - Job 142: Subtask get_Data_Submission_Reddit
[2024-04-22T12:00:01.999+0000] {task_command.py:423} INFO - Running <TaskInstance: get_Data_Submission_Reddit_pipeline.get_Data_Submission_Reddit scheduled__2024-04-22T11:00:00+00:00 [running]> on host 694ea5737885
[2024-04-22T12:00:02.202+0000] {taskinstance.py:2481} INFO - Exporting env vars: AIRFLOW_CTX_DAG_OWNER='***' AIRFLOW_CTX_DAG_ID='get_Data_Submission_Reddit_pipeline' AIRFLOW_CTX_TASK_ID='get_Data_Submission_Reddit' AIRFLOW_CTX_EXECUTION_DATE='2024-04-22T11:00:00+00:00' AIRFLOW_CTX_TRY_NUMBER='1' AIRFLOW_CTX_DAG_RUN_ID='scheduled__2024-04-22T11:00:00+00:00'
[2024-04-22T12:00:02.461+0000] {logging_mixin.py:188} INFO - True
[2024-04-22T12:00:03.851+0000] {logging_mixin.py:188} WARNING - /home/***/.local/lib/python3.8/site-packages/***/utils/context.py:315 AirflowContextDeprecationWarning: Accessing 'execution_date' from the template is deprecated and will be removed in a future version. Please use 'data_interval_start' or 'logical_date' instead.
[2024-04-22T12:00:03.853+0000] {python.py:201} INFO - Done. Returned value was: None
[2024-04-22T12:00:03.863+0000] {taskinstance.py:1138} INFO - Marking task as SUCCESS. dag_id=get_Data_Submission_Reddit_pipeline, task_id=get_Data_Submission_Reddit, execution_date=20240422T110000, start_date=20240422T120001, end_date=20240422T120003
[2024-04-22T12:00:03.928+0000] {local_task_job_runner.py:234} INFO - Task exited with return code 0
[2024-04-22T12:00:03.948+0000] {taskinstance.py:3281} INFO - 0 downstream tasks scheduled from follow-on schedule check
[2024-04-23T09:47:29.593+0000] {taskinstance.py:1957} INFO - Dependencies all met for dep_context=non-requeueable deps ti=<TaskInstance: get_Data_Submission_Reddit_pipeline.get_Data_Submission_Reddit scheduled__2024-04-22T11:00:00+00:00 [queued]>
[2024-04-23T09:47:29.718+0000] {taskinstance.py:1957} INFO - Dependencies all met for dep_context=requeueable deps ti=<TaskInstance: get_Data_Submission_Reddit_pipeline.get_Data_Submission_Reddit scheduled__2024-04-22T11:00:00+00:00 [queued]>
[2024-04-23T09:47:29.726+0000] {taskinstance.py:2171} INFO - Starting attempt 1 of 1
[2024-04-23T09:47:30.443+0000] {taskinstance.py:2192} INFO - Executing <Task(PythonOperator): get_Data_Submission_Reddit> on 2024-04-22 11:00:00+00:00
[2024-04-23T09:47:30.486+0000] {standard_task_runner.py:60} INFO - Started process 459 to run task
[2024-04-23T09:47:30.539+0000] {standard_task_runner.py:87} INFO - Running: ['***', 'tasks', 'run', 'get_Data_Submission_Reddit_pipeline', 'get_Data_Submission_Reddit', 'scheduled__2024-04-22T11:00:00+00:00', '--job-id', '306', '--raw', '--subdir', 'DAGS_FOLDER/GetPost.py', '--cfg-path', '/tmp/tmp0anq87h4']
[2024-04-23T09:47:30.604+0000] {standard_task_runner.py:88} INFO - Job 306: Subtask get_Data_Submission_Reddit
[2024-04-23T09:47:31.233+0000] {task_command.py:423} INFO - Running <TaskInstance: get_Data_Submission_Reddit_pipeline.get_Data_Submission_Reddit scheduled__2024-04-22T11:00:00+00:00 [running]> on host 694ea5737885
[2024-04-23T09:47:31.918+0000] {taskinstance.py:2481} INFO - Exporting env vars: AIRFLOW_CTX_DAG_OWNER='***' AIRFLOW_CTX_DAG_ID='get_Data_Submission_Reddit_pipeline' AIRFLOW_CTX_TASK_ID='get_Data_Submission_Reddit' AIRFLOW_CTX_EXECUTION_DATE='2024-04-22T11:00:00+00:00' AIRFLOW_CTX_TRY_NUMBER='1' AIRFLOW_CTX_DAG_RUN_ID='scheduled__2024-04-22T11:00:00+00:00'
[2024-04-23T09:47:32.045+0000] {logging_mixin.py:188} INFO - True
[2024-04-23T09:47:34.205+0000] {logging_mixin.py:188} WARNING - /home/***/.local/lib/python3.8/site-packages/***/utils/context.py:315 AirflowContextDeprecationWarning: Accessing 'execution_date' from the template is deprecated and will be removed in a future version. Please use 'data_interval_start' or 'logical_date' instead.
[2024-04-23T09:47:34.233+0000] {python.py:201} INFO - Done. Returned value was: /opt/***/dags/staging/Submission_Reddit_Data_2024-04-22T11:00:00+00:00.json
[2024-04-23T09:47:34.338+0000] {taskinstance.py:1138} INFO - Marking task as SUCCESS. dag_id=get_Data_Submission_Reddit_pipeline, task_id=get_Data_Submission_Reddit, execution_date=20240422T110000, start_date=20240423T094729, end_date=20240423T094734
[2024-04-23T09:47:34.535+0000] {local_task_job_runner.py:234} INFO - Task exited with return code 0
[2024-04-23T09:47:34.578+0000] {taskinstance.py:3281} INFO - 0 downstream tasks scheduled from follow-on schedule check
