[2024-04-23T08:00:02.426+0000] {taskinstance.py:1957} INFO - Dependencies all met for dep_context=non-requeueable deps ti=<TaskInstance: get_Data_Submission_Reddit_pipeline.get_Data_Submission_Reddit scheduled__2024-04-23T07:00:00+00:00 [queued]>
[2024-04-23T08:00:02.446+0000] {taskinstance.py:1957} INFO - Dependencies all met for dep_context=requeueable deps ti=<TaskInstance: get_Data_Submission_Reddit_pipeline.get_Data_Submission_Reddit scheduled__2024-04-23T07:00:00+00:00 [queued]>
[2024-04-23T08:00:02.446+0000] {taskinstance.py:2171} INFO - Starting attempt 1 of 1
[2024-04-23T08:00:02.471+0000] {taskinstance.py:2192} INFO - Executing <Task(PythonOperator): get_Data_Submission_Reddit> on 2024-04-23 07:00:00+00:00
[2024-04-23T08:00:02.478+0000] {standard_task_runner.py:60} INFO - Started process 16741 to run task
[2024-04-23T08:00:02.484+0000] {standard_task_runner.py:87} INFO - Running: ['***', 'tasks', 'run', 'get_Data_Submission_Reddit_pipeline', 'get_Data_Submission_Reddit', 'scheduled__2024-04-23T07:00:00+00:00', '--job-id', '183', '--raw', '--subdir', 'DAGS_FOLDER/GetPost.py', '--cfg-path', '/tmp/tmp0k9231ld']
[2024-04-23T08:00:02.487+0000] {standard_task_runner.py:88} INFO - Job 183: Subtask get_Data_Submission_Reddit
[2024-04-23T08:00:02.557+0000] {task_command.py:423} INFO - Running <TaskInstance: get_Data_Submission_Reddit_pipeline.get_Data_Submission_Reddit scheduled__2024-04-23T07:00:00+00:00 [running]> on host 694ea5737885
[2024-04-23T08:00:02.675+0000] {taskinstance.py:2481} INFO - Exporting env vars: AIRFLOW_CTX_DAG_OWNER='***' AIRFLOW_CTX_DAG_ID='get_Data_Submission_Reddit_pipeline' AIRFLOW_CTX_TASK_ID='get_Data_Submission_Reddit' AIRFLOW_CTX_EXECUTION_DATE='2024-04-23T07:00:00+00:00' AIRFLOW_CTX_TRY_NUMBER='1' AIRFLOW_CTX_DAG_RUN_ID='scheduled__2024-04-23T07:00:00+00:00'
[2024-04-23T08:00:02.792+0000] {logging_mixin.py:188} INFO - True
[2024-04-23T08:00:03.916+0000] {logging_mixin.py:188} WARNING - /home/***/.local/lib/python3.8/site-packages/***/utils/context.py:315 AirflowContextDeprecationWarning: Accessing 'execution_date' from the template is deprecated and will be removed in a future version. Please use 'data_interval_start' or 'logical_date' instead.
[2024-04-23T08:00:03.917+0000] {python.py:201} INFO - Done. Returned value was: /opt/***/dags/staging/Submission_Reddit_Data_2024-04-23T07:00:00+00:00.json
[2024-04-23T08:00:03.943+0000] {taskinstance.py:1138} INFO - Marking task as SUCCESS. dag_id=get_Data_Submission_Reddit_pipeline, task_id=get_Data_Submission_Reddit, execution_date=20240423T070000, start_date=20240423T080002, end_date=20240423T080003
[2024-04-23T08:00:03.979+0000] {local_task_job_runner.py:234} INFO - Task exited with return code 0
[2024-04-23T08:00:03.995+0000] {taskinstance.py:3281} INFO - 0 downstream tasks scheduled from follow-on schedule check
[2024-04-23T09:48:29.284+0000] {taskinstance.py:1957} INFO - Dependencies all met for dep_context=non-requeueable deps ti=<TaskInstance: get_Data_Submission_Reddit_pipeline.get_Data_Submission_Reddit scheduled__2024-04-23T07:00:00+00:00 [queued]>
[2024-04-23T09:48:29.349+0000] {taskinstance.py:1957} INFO - Dependencies all met for dep_context=requeueable deps ti=<TaskInstance: get_Data_Submission_Reddit_pipeline.get_Data_Submission_Reddit scheduled__2024-04-23T07:00:00+00:00 [queued]>
[2024-04-23T09:48:29.351+0000] {taskinstance.py:2171} INFO - Starting attempt 1 of 1
[2024-04-23T09:48:29.518+0000] {taskinstance.py:2192} INFO - Executing <Task(PythonOperator): get_Data_Submission_Reddit> on 2024-04-23 07:00:00+00:00
[2024-04-23T09:48:29.553+0000] {standard_task_runner.py:60} INFO - Started process 656 to run task
[2024-04-23T09:48:29.580+0000] {standard_task_runner.py:87} INFO - Running: ['***', 'tasks', 'run', 'get_Data_Submission_Reddit_pipeline', 'get_Data_Submission_Reddit', 'scheduled__2024-04-23T07:00:00+00:00', '--job-id', '370', '--raw', '--subdir', 'DAGS_FOLDER/GetPost.py', '--cfg-path', '/tmp/tmp_qty5t_7']
[2024-04-23T09:48:29.697+0000] {standard_task_runner.py:88} INFO - Job 370: Subtask get_Data_Submission_Reddit
[2024-04-23T09:48:30.061+0000] {task_command.py:423} INFO - Running <TaskInstance: get_Data_Submission_Reddit_pipeline.get_Data_Submission_Reddit scheduled__2024-04-23T07:00:00+00:00 [running]> on host 694ea5737885
[2024-04-23T09:48:30.532+0000] {taskinstance.py:2481} INFO - Exporting env vars: AIRFLOW_CTX_DAG_OWNER='***' AIRFLOW_CTX_DAG_ID='get_Data_Submission_Reddit_pipeline' AIRFLOW_CTX_TASK_ID='get_Data_Submission_Reddit' AIRFLOW_CTX_EXECUTION_DATE='2024-04-23T07:00:00+00:00' AIRFLOW_CTX_TRY_NUMBER='1' AIRFLOW_CTX_DAG_RUN_ID='scheduled__2024-04-23T07:00:00+00:00'
[2024-04-23T09:48:30.689+0000] {logging_mixin.py:188} INFO - True
[2024-04-23T09:48:32.645+0000] {logging_mixin.py:188} WARNING - /home/***/.local/lib/python3.8/site-packages/***/utils/context.py:315 AirflowContextDeprecationWarning: Accessing 'execution_date' from the template is deprecated and will be removed in a future version. Please use 'data_interval_start' or 'logical_date' instead.
[2024-04-23T09:48:32.670+0000] {python.py:201} INFO - Done. Returned value was: /opt/***/dags/staging/Submission_Reddit_Data_2024-04-23T07:00:00+00:00.json
[2024-04-23T09:48:32.782+0000] {taskinstance.py:1138} INFO - Marking task as SUCCESS. dag_id=get_Data_Submission_Reddit_pipeline, task_id=get_Data_Submission_Reddit, execution_date=20240423T070000, start_date=20240423T094829, end_date=20240423T094832
[2024-04-23T09:48:33.178+0000] {local_task_job_runner.py:234} INFO - Task exited with return code 0
[2024-04-23T09:48:33.369+0000] {taskinstance.py:3281} INFO - 0 downstream tasks scheduled from follow-on schedule check
