[2024-04-22T07:00:01.892+0000] {taskinstance.py:1957} INFO - Dependencies all met for dep_context=non-requeueable deps ti=<TaskInstance: get_Data_Submission_Reddit_pipeline.get_Data_Submission_Reddit scheduled__2024-04-22T06:00:00+00:00 [queued]>
[2024-04-22T07:00:01.899+0000] {taskinstance.py:1957} INFO - Dependencies all met for dep_context=requeueable deps ti=<TaskInstance: get_Data_Submission_Reddit_pipeline.get_Data_Submission_Reddit scheduled__2024-04-22T06:00:00+00:00 [queued]>
[2024-04-22T07:00:01.899+0000] {taskinstance.py:2171} INFO - Starting attempt 1 of 1
[2024-04-22T07:00:01.914+0000] {taskinstance.py:2192} INFO - Executing <Task(PythonOperator): get_Data_Submission_Reddit> on 2024-04-22 06:00:00+00:00
[2024-04-22T07:00:01.921+0000] {standard_task_runner.py:60} INFO - Started process 10022 to run task
[2024-04-22T07:00:01.923+0000] {standard_task_runner.py:87} INFO - Running: ['***', 'tasks', 'run', 'get_Data_Submission_Reddit_pipeline', 'get_Data_Submission_Reddit', 'scheduled__2024-04-22T06:00:00+00:00', '--job-id', '77', '--raw', '--subdir', 'DAGS_FOLDER/GetPost.py', '--cfg-path', '/tmp/tmp5xaqo80_']
[2024-04-22T07:00:01.925+0000] {standard_task_runner.py:88} INFO - Job 77: Subtask get_Data_Submission_Reddit
[2024-04-22T07:00:01.978+0000] {task_command.py:423} INFO - Running <TaskInstance: get_Data_Submission_Reddit_pipeline.get_Data_Submission_Reddit scheduled__2024-04-22T06:00:00+00:00 [running]> on host d4c97f52cb78
[2024-04-22T07:00:02.054+0000] {taskinstance.py:2481} INFO - Exporting env vars: AIRFLOW_CTX_DAG_OWNER='***' AIRFLOW_CTX_DAG_ID='get_Data_Submission_Reddit_pipeline' AIRFLOW_CTX_TASK_ID='get_Data_Submission_Reddit' AIRFLOW_CTX_EXECUTION_DATE='2024-04-22T06:00:00+00:00' AIRFLOW_CTX_TRY_NUMBER='1' AIRFLOW_CTX_DAG_RUN_ID='scheduled__2024-04-22T06:00:00+00:00'
[2024-04-22T07:00:02.133+0000] {logging_mixin.py:188} INFO - True
[2024-04-22T07:00:03.362+0000] {logging_mixin.py:188} WARNING - /home/***/.local/lib/python3.8/site-packages/***/utils/context.py:315 AirflowContextDeprecationWarning: Accessing 'execution_date' from the template is deprecated and will be removed in a future version. Please use 'data_interval_start' or 'logical_date' instead.
[2024-04-22T07:00:03.364+0000] {python.py:201} INFO - Done. Returned value was: None
[2024-04-22T07:00:03.375+0000] {taskinstance.py:1138} INFO - Marking task as SUCCESS. dag_id=get_Data_Submission_Reddit_pipeline, task_id=get_Data_Submission_Reddit, execution_date=20240422T060000, start_date=20240422T070001, end_date=20240422T070003
[2024-04-22T07:00:03.434+0000] {local_task_job_runner.py:234} INFO - Task exited with return code 0
[2024-04-22T07:00:03.456+0000] {taskinstance.py:3281} INFO - 0 downstream tasks scheduled from follow-on schedule check
[2024-04-23T09:47:21.366+0000] {taskinstance.py:1957} INFO - Dependencies all met for dep_context=non-requeueable deps ti=<TaskInstance: get_Data_Submission_Reddit_pipeline.get_Data_Submission_Reddit scheduled__2024-04-22T06:00:00+00:00 [queued]>
[2024-04-23T09:47:21.471+0000] {taskinstance.py:1957} INFO - Dependencies all met for dep_context=requeueable deps ti=<TaskInstance: get_Data_Submission_Reddit_pipeline.get_Data_Submission_Reddit scheduled__2024-04-22T06:00:00+00:00 [queued]>
[2024-04-23T09:47:21.544+0000] {taskinstance.py:2171} INFO - Starting attempt 1 of 1
[2024-04-23T09:47:21.896+0000] {taskinstance.py:2192} INFO - Executing <Task(PythonOperator): get_Data_Submission_Reddit> on 2024-04-22 06:00:00+00:00
[2024-04-23T09:47:21.978+0000] {standard_task_runner.py:60} INFO - Started process 431 to run task
[2024-04-23T09:47:22.001+0000] {standard_task_runner.py:87} INFO - Running: ['***', 'tasks', 'run', 'get_Data_Submission_Reddit_pipeline', 'get_Data_Submission_Reddit', 'scheduled__2024-04-22T06:00:00+00:00', '--job-id', '293', '--raw', '--subdir', 'DAGS_FOLDER/GetPost.py', '--cfg-path', '/tmp/tmp8wyd7xj4']
[2024-04-23T09:47:22.025+0000] {standard_task_runner.py:88} INFO - Job 293: Subtask get_Data_Submission_Reddit
[2024-04-23T09:47:22.529+0000] {task_command.py:423} INFO - Running <TaskInstance: get_Data_Submission_Reddit_pipeline.get_Data_Submission_Reddit scheduled__2024-04-22T06:00:00+00:00 [running]> on host 694ea5737885
[2024-04-23T09:47:23.397+0000] {taskinstance.py:2481} INFO - Exporting env vars: AIRFLOW_CTX_DAG_OWNER='***' AIRFLOW_CTX_DAG_ID='get_Data_Submission_Reddit_pipeline' AIRFLOW_CTX_TASK_ID='get_Data_Submission_Reddit' AIRFLOW_CTX_EXECUTION_DATE='2024-04-22T06:00:00+00:00' AIRFLOW_CTX_TRY_NUMBER='1' AIRFLOW_CTX_DAG_RUN_ID='scheduled__2024-04-22T06:00:00+00:00'
[2024-04-23T09:47:23.502+0000] {logging_mixin.py:188} INFO - True
[2024-04-23T09:47:26.342+0000] {logging_mixin.py:188} WARNING - /home/***/.local/lib/python3.8/site-packages/***/utils/context.py:315 AirflowContextDeprecationWarning: Accessing 'execution_date' from the template is deprecated and will be removed in a future version. Please use 'data_interval_start' or 'logical_date' instead.
[2024-04-23T09:47:26.393+0000] {python.py:201} INFO - Done. Returned value was: /opt/***/dags/staging/Submission_Reddit_Data_2024-04-22T06:00:00+00:00.json
[2024-04-23T09:47:26.715+0000] {taskinstance.py:1138} INFO - Marking task as SUCCESS. dag_id=get_Data_Submission_Reddit_pipeline, task_id=get_Data_Submission_Reddit, execution_date=20240422T060000, start_date=20240423T094721, end_date=20240423T094726
[2024-04-23T09:47:27.300+0000] {local_task_job_runner.py:234} INFO - Task exited with return code 0
[2024-04-23T09:47:27.571+0000] {taskinstance.py:3281} INFO - 0 downstream tasks scheduled from follow-on schedule check
