[2024-04-21T12:10:15.284+0000] {taskinstance.py:1957} INFO - Dependencies all met for dep_context=non-requeueable deps ti=<TaskInstance: get_Data_Submission_Reddit_pipeline.get_Data_Submission_Reddit scheduled__2024-04-21T03:00:00+00:00 [queued]>
[2024-04-21T12:10:15.339+0000] {taskinstance.py:1957} INFO - Dependencies all met for dep_context=requeueable deps ti=<TaskInstance: get_Data_Submission_Reddit_pipeline.get_Data_Submission_Reddit scheduled__2024-04-21T03:00:00+00:00 [queued]>
[2024-04-21T12:10:15.342+0000] {taskinstance.py:2171} INFO - Starting attempt 1 of 1
[2024-04-21T12:10:15.611+0000] {taskinstance.py:2192} INFO - Executing <Task(PythonOperator): get_Data_Submission_Reddit> on 2024-04-21 03:00:00+00:00
[2024-04-21T12:10:15.638+0000] {standard_task_runner.py:60} INFO - Started process 341 to run task
[2024-04-21T12:10:15.695+0000] {standard_task_runner.py:87} INFO - Running: ['***', 'tasks', 'run', 'get_Data_Submission_Reddit_pipeline', 'get_Data_Submission_Reddit', 'scheduled__2024-04-21T03:00:00+00:00', '--job-id', '11', '--raw', '--subdir', 'DAGS_FOLDER/GetPost.py', '--cfg-path', '/tmp/tmpfg3w9inm']
[2024-04-21T12:10:15.713+0000] {standard_task_runner.py:88} INFO - Job 11: Subtask get_Data_Submission_Reddit
[2024-04-21T12:10:15.907+0000] {task_command.py:423} INFO - Running <TaskInstance: get_Data_Submission_Reddit_pipeline.get_Data_Submission_Reddit scheduled__2024-04-21T03:00:00+00:00 [running]> on host d4c97f52cb78
[2024-04-21T12:10:16.400+0000] {taskinstance.py:2481} INFO - Exporting env vars: AIRFLOW_CTX_DAG_OWNER='***' AIRFLOW_CTX_DAG_ID='get_Data_Submission_Reddit_pipeline' AIRFLOW_CTX_TASK_ID='get_Data_Submission_Reddit' AIRFLOW_CTX_EXECUTION_DATE='2024-04-21T03:00:00+00:00' AIRFLOW_CTX_TRY_NUMBER='1' AIRFLOW_CTX_DAG_RUN_ID='scheduled__2024-04-21T03:00:00+00:00'
[2024-04-21T12:10:17.271+0000] {logging_mixin.py:188} INFO - True
[2024-04-21T12:10:18.775+0000] {python.py:201} INFO - Done. Returned value was: None
[2024-04-21T12:10:18.807+0000] {taskinstance.py:1138} INFO - Marking task as SUCCESS. dag_id=get_Data_Submission_Reddit_pipeline, task_id=get_Data_Submission_Reddit, execution_date=20240421T030000, start_date=20240421T121015, end_date=20240421T121018
[2024-04-21T12:10:19.142+0000] {local_task_job_runner.py:234} INFO - Task exited with return code 0
[2024-04-21T12:10:19.254+0000] {taskinstance.py:3281} INFO - 0 downstream tasks scheduled from follow-on schedule check
[2024-04-22T04:32:58.988+0000] {taskinstance.py:1957} INFO - Dependencies all met for dep_context=non-requeueable deps ti=<TaskInstance: get_Data_Submission_Reddit_pipeline.get_Data_Submission_Reddit scheduled__2024-04-21T03:00:00+00:00 [queued]>
[2024-04-22T04:32:59.048+0000] {taskinstance.py:1957} INFO - Dependencies all met for dep_context=requeueable deps ti=<TaskInstance: get_Data_Submission_Reddit_pipeline.get_Data_Submission_Reddit scheduled__2024-04-21T03:00:00+00:00 [queued]>
[2024-04-22T04:32:59.048+0000] {taskinstance.py:2171} INFO - Starting attempt 1 of 1
[2024-04-22T04:32:59.145+0000] {taskinstance.py:2192} INFO - Executing <Task(PythonOperator): get_Data_Submission_Reddit> on 2024-04-21 03:00:00+00:00
[2024-04-22T04:32:59.167+0000] {standard_task_runner.py:60} INFO - Started process 1038 to run task
[2024-04-22T04:32:59.227+0000] {standard_task_runner.py:87} INFO - Running: ['***', 'tasks', 'run', 'get_Data_Submission_Reddit_pipeline', 'get_Data_Submission_Reddit', 'scheduled__2024-04-21T03:00:00+00:00', '--job-id', '43', '--raw', '--subdir', 'DAGS_FOLDER/GetPost.py', '--cfg-path', '/tmp/tmpedh6oga2']
[2024-04-22T04:32:59.252+0000] {standard_task_runner.py:88} INFO - Job 43: Subtask get_Data_Submission_Reddit
[2024-04-22T04:32:59.442+0000] {task_command.py:423} INFO - Running <TaskInstance: get_Data_Submission_Reddit_pipeline.get_Data_Submission_Reddit scheduled__2024-04-21T03:00:00+00:00 [running]> on host d4c97f52cb78
[2024-04-22T04:32:59.781+0000] {taskinstance.py:2481} INFO - Exporting env vars: AIRFLOW_CTX_DAG_OWNER='***' AIRFLOW_CTX_DAG_ID='get_Data_Submission_Reddit_pipeline' AIRFLOW_CTX_TASK_ID='get_Data_Submission_Reddit' AIRFLOW_CTX_EXECUTION_DATE='2024-04-21T03:00:00+00:00' AIRFLOW_CTX_TRY_NUMBER='1' AIRFLOW_CTX_DAG_RUN_ID='scheduled__2024-04-21T03:00:00+00:00'
[2024-04-22T04:32:59.790+0000] {logging_mixin.py:188} INFO - True
[2024-04-22T04:33:01.445+0000] {logging_mixin.py:188} WARNING - /home/***/.local/lib/python3.8/site-packages/***/utils/context.py:315 AirflowContextDeprecationWarning: Accessing 'execution_date' from the template is deprecated and will be removed in a future version. Please use 'data_interval_start' or 'logical_date' instead.
[2024-04-22T04:33:01.479+0000] {taskinstance.py:2699} ERROR - Task failed with exception
Traceback (most recent call last):
  File "/home/airflow/.local/lib/python3.8/site-packages/airflow/models/taskinstance.py", line 433, in _execute_task
    result = execute_callable(context=context, **execute_callable_kwargs)
  File "/home/airflow/.local/lib/python3.8/site-packages/airflow/operators/python.py", line 199, in execute
    return_value = self.execute_callable()
  File "/home/airflow/.local/lib/python3.8/site-packages/airflow/operators/python.py", line 216, in execute_callable
    return self.python_callable(*self.op_args, **self.op_kwargs)
  File "/opt/airflow/dags/GetPost.py", line 46, in _get_Data_Submission_Reddit
    json.dump(list_datareddit, f)
  File "/usr/local/lib/python3.8/json/__init__.py", line 179, in dump
    for chunk in iterable:
  File "/usr/local/lib/python3.8/json/encoder.py", line 429, in _iterencode
    yield from _iterencode_list(o, _current_indent_level)
  File "/usr/local/lib/python3.8/json/encoder.py", line 325, in _iterencode_list
    yield from chunks
  File "/usr/local/lib/python3.8/json/encoder.py", line 405, in _iterencode_dict
    yield from chunks
  File "/usr/local/lib/python3.8/json/encoder.py", line 438, in _iterencode
    o = _default(o)
  File "/usr/local/lib/python3.8/json/encoder.py", line 179, in default
    raise TypeError(f'Object of type {o.__class__.__name__} '
TypeError: Object of type datetime is not JSON serializable
[2024-04-22T04:33:01.531+0000] {taskinstance.py:1138} INFO - Marking task as FAILED. dag_id=get_Data_Submission_Reddit_pipeline, task_id=get_Data_Submission_Reddit, execution_date=20240421T030000, start_date=20240422T043258, end_date=20240422T043301
[2024-04-22T04:33:01.599+0000] {standard_task_runner.py:107} ERROR - Failed to execute job 43 for task get_Data_Submission_Reddit (Object of type datetime is not JSON serializable; 1038)
[2024-04-22T04:33:01.745+0000] {local_task_job_runner.py:234} INFO - Task exited with return code 1
[2024-04-22T04:33:01.868+0000] {taskinstance.py:3281} INFO - 0 downstream tasks scheduled from follow-on schedule check
[2024-04-23T09:46:35.353+0000] {taskinstance.py:1957} INFO - Dependencies all met for dep_context=non-requeueable deps ti=<TaskInstance: get_Data_Submission_Reddit_pipeline.get_Data_Submission_Reddit scheduled__2024-04-21T03:00:00+00:00 [queued]>
[2024-04-23T09:46:35.518+0000] {taskinstance.py:1957} INFO - Dependencies all met for dep_context=requeueable deps ti=<TaskInstance: get_Data_Submission_Reddit_pipeline.get_Data_Submission_Reddit scheduled__2024-04-21T03:00:00+00:00 [queued]>
[2024-04-23T09:46:35.523+0000] {taskinstance.py:2171} INFO - Starting attempt 1 of 1
[2024-04-23T09:46:36.012+0000] {taskinstance.py:2192} INFO - Executing <Task(PythonOperator): get_Data_Submission_Reddit> on 2024-04-21 03:00:00+00:00
[2024-04-23T09:46:36.044+0000] {standard_task_runner.py:60} INFO - Started process 230 to run task
[2024-04-23T09:46:36.080+0000] {standard_task_runner.py:87} INFO - Running: ['***', 'tasks', 'run', 'get_Data_Submission_Reddit_pipeline', 'get_Data_Submission_Reddit', 'scheduled__2024-04-21T03:00:00+00:00', '--job-id', '212', '--raw', '--subdir', 'DAGS_FOLDER/GetPost.py', '--cfg-path', '/tmp/tmp9t19ef6t']
[2024-04-23T09:46:36.116+0000] {standard_task_runner.py:88} INFO - Job 212: Subtask get_Data_Submission_Reddit
[2024-04-23T09:46:36.493+0000] {task_command.py:423} INFO - Running <TaskInstance: get_Data_Submission_Reddit_pipeline.get_Data_Submission_Reddit scheduled__2024-04-21T03:00:00+00:00 [running]> on host 694ea5737885
[2024-04-23T09:46:37.007+0000] {taskinstance.py:2481} INFO - Exporting env vars: AIRFLOW_CTX_DAG_OWNER='***' AIRFLOW_CTX_DAG_ID='get_Data_Submission_Reddit_pipeline' AIRFLOW_CTX_TASK_ID='get_Data_Submission_Reddit' AIRFLOW_CTX_EXECUTION_DATE='2024-04-21T03:00:00+00:00' AIRFLOW_CTX_TRY_NUMBER='1' AIRFLOW_CTX_DAG_RUN_ID='scheduled__2024-04-21T03:00:00+00:00'
[2024-04-23T09:46:37.161+0000] {logging_mixin.py:188} INFO - True
[2024-04-23T09:46:39.507+0000] {logging_mixin.py:188} WARNING - /home/***/.local/lib/python3.8/site-packages/***/utils/context.py:315 AirflowContextDeprecationWarning: Accessing 'execution_date' from the template is deprecated and will be removed in a future version. Please use 'data_interval_start' or 'logical_date' instead.
[2024-04-23T09:46:39.548+0000] {python.py:201} INFO - Done. Returned value was: /opt/***/dags/staging/Submission_Reddit_Data_2024-04-21T03:00:00+00:00.json
[2024-04-23T09:46:39.796+0000] {taskinstance.py:1138} INFO - Marking task as SUCCESS. dag_id=get_Data_Submission_Reddit_pipeline, task_id=get_Data_Submission_Reddit, execution_date=20240421T030000, start_date=20240423T094635, end_date=20240423T094639
[2024-04-23T09:46:40.315+0000] {local_task_job_runner.py:234} INFO - Task exited with return code 0
[2024-04-23T09:46:40.486+0000] {taskinstance.py:3281} INFO - 0 downstream tasks scheduled from follow-on schedule check
