[2024-04-21T12:10:19.685+0000] {taskinstance.py:1957} INFO - Dependencies all met for dep_context=non-requeueable deps ti=<TaskInstance: get_Data_Submission_Reddit_pipeline.get_Data_Submission_Reddit scheduled__2024-04-21T11:00:00+00:00 [queued]>
[2024-04-21T12:10:19.695+0000] {taskinstance.py:1957} INFO - Dependencies all met for dep_context=requeueable deps ti=<TaskInstance: get_Data_Submission_Reddit_pipeline.get_Data_Submission_Reddit scheduled__2024-04-21T11:00:00+00:00 [queued]>
[2024-04-21T12:10:19.696+0000] {taskinstance.py:2171} INFO - Starting attempt 1 of 1
[2024-04-21T12:10:19.714+0000] {taskinstance.py:2192} INFO - Executing <Task(PythonOperator): get_Data_Submission_Reddit> on 2024-04-21 11:00:00+00:00
[2024-04-21T12:10:19.722+0000] {standard_task_runner.py:60} INFO - Started process 360 to run task
[2024-04-21T12:10:19.742+0000] {standard_task_runner.py:87} INFO - Running: ['***', 'tasks', 'run', 'get_Data_Submission_Reddit_pipeline', 'get_Data_Submission_Reddit', 'scheduled__2024-04-21T11:00:00+00:00', '--job-id', '19', '--raw', '--subdir', 'DAGS_FOLDER/GetPost.py', '--cfg-path', '/tmp/tmp9oepbt80']
[2024-04-21T12:10:19.749+0000] {standard_task_runner.py:88} INFO - Job 19: Subtask get_Data_Submission_Reddit
[2024-04-21T12:10:19.843+0000] {task_command.py:423} INFO - Running <TaskInstance: get_Data_Submission_Reddit_pipeline.get_Data_Submission_Reddit scheduled__2024-04-21T11:00:00+00:00 [running]> on host d4c97f52cb78
[2024-04-21T12:10:20.067+0000] {taskinstance.py:2481} INFO - Exporting env vars: AIRFLOW_CTX_DAG_OWNER='***' AIRFLOW_CTX_DAG_ID='get_Data_Submission_Reddit_pipeline' AIRFLOW_CTX_TASK_ID='get_Data_Submission_Reddit' AIRFLOW_CTX_EXECUTION_DATE='2024-04-21T11:00:00+00:00' AIRFLOW_CTX_TRY_NUMBER='1' AIRFLOW_CTX_DAG_RUN_ID='scheduled__2024-04-21T11:00:00+00:00'
[2024-04-21T12:10:20.072+0000] {logging_mixin.py:188} INFO - True
[2024-04-21T12:10:21.103+0000] {python.py:201} INFO - Done. Returned value was: None
[2024-04-21T12:10:21.116+0000] {taskinstance.py:1138} INFO - Marking task as SUCCESS. dag_id=get_Data_Submission_Reddit_pipeline, task_id=get_Data_Submission_Reddit, execution_date=20240421T110000, start_date=20240421T121019, end_date=20240421T121021
[2024-04-21T12:10:21.255+0000] {local_task_job_runner.py:234} INFO - Task exited with return code 0
[2024-04-21T12:10:21.295+0000] {taskinstance.py:3281} INFO - 0 downstream tasks scheduled from follow-on schedule check
[2024-04-22T04:33:03.563+0000] {taskinstance.py:1957} INFO - Dependencies all met for dep_context=non-requeueable deps ti=<TaskInstance: get_Data_Submission_Reddit_pipeline.get_Data_Submission_Reddit scheduled__2024-04-21T11:00:00+00:00 [queued]>
[2024-04-22T04:33:03.603+0000] {taskinstance.py:1957} INFO - Dependencies all met for dep_context=requeueable deps ti=<TaskInstance: get_Data_Submission_Reddit_pipeline.get_Data_Submission_Reddit scheduled__2024-04-21T11:00:00+00:00 [queued]>
[2024-04-22T04:33:03.604+0000] {taskinstance.py:2171} INFO - Starting attempt 1 of 1
[2024-04-22T04:33:03.764+0000] {taskinstance.py:2192} INFO - Executing <Task(PythonOperator): get_Data_Submission_Reddit> on 2024-04-21 11:00:00+00:00
[2024-04-22T04:33:03.817+0000] {standard_task_runner.py:60} INFO - Started process 1061 to run task
[2024-04-22T04:33:03.866+0000] {standard_task_runner.py:87} INFO - Running: ['***', 'tasks', 'run', 'get_Data_Submission_Reddit_pipeline', 'get_Data_Submission_Reddit', 'scheduled__2024-04-21T11:00:00+00:00', '--job-id', '51', '--raw', '--subdir', 'DAGS_FOLDER/GetPost.py', '--cfg-path', '/tmp/tmpdz45lnb7']
[2024-04-22T04:33:03.923+0000] {standard_task_runner.py:88} INFO - Job 51: Subtask get_Data_Submission_Reddit
[2024-04-22T04:33:04.118+0000] {task_command.py:423} INFO - Running <TaskInstance: get_Data_Submission_Reddit_pipeline.get_Data_Submission_Reddit scheduled__2024-04-21T11:00:00+00:00 [running]> on host d4c97f52cb78
[2024-04-22T04:33:04.572+0000] {taskinstance.py:2481} INFO - Exporting env vars: AIRFLOW_CTX_DAG_OWNER='***' AIRFLOW_CTX_DAG_ID='get_Data_Submission_Reddit_pipeline' AIRFLOW_CTX_TASK_ID='get_Data_Submission_Reddit' AIRFLOW_CTX_EXECUTION_DATE='2024-04-21T11:00:00+00:00' AIRFLOW_CTX_TRY_NUMBER='1' AIRFLOW_CTX_DAG_RUN_ID='scheduled__2024-04-21T11:00:00+00:00'
[2024-04-22T04:33:04.576+0000] {logging_mixin.py:188} INFO - True
[2024-04-22T04:33:06.054+0000] {logging_mixin.py:188} WARNING - /home/***/.local/lib/python3.8/site-packages/***/utils/context.py:315 AirflowContextDeprecationWarning: Accessing 'execution_date' from the template is deprecated and will be removed in a future version. Please use 'data_interval_start' or 'logical_date' instead.
[2024-04-22T04:33:06.067+0000] {taskinstance.py:2699} ERROR - Task failed with exception
Traceback (most recent call last):
  File "/home/airflow/.local/lib/python3.8/site-packages/airflow/models/taskinstance.py", line 433, in _execute_task
    result = execute_callable(context=context, **execute_callable_kwargs)
  File "/home/airflow/.local/lib/python3.8/site-packages/airflow/operators/python.py", line 199, in execute
    return_value = self.execute_callable()
  File "/home/airflow/.local/lib/python3.8/site-packages/airflow/operators/python.py", line 216, in execute_callable
    return self.python_callable(*self.op_args, **self.op_kwargs)
  File "/opt/airflow/dags/GetPost.py", line 46, in _get_Data_Submission_Reddit
    json.dump(list_datareddit, f)
  File "/usr/local/lib/python3.8/json/__init__.py", line 179, in dump
    for chunk in iterable:
  File "/usr/local/lib/python3.8/json/encoder.py", line 429, in _iterencode
    yield from _iterencode_list(o, _current_indent_level)
  File "/usr/local/lib/python3.8/json/encoder.py", line 325, in _iterencode_list
    yield from chunks
  File "/usr/local/lib/python3.8/json/encoder.py", line 405, in _iterencode_dict
    yield from chunks
  File "/usr/local/lib/python3.8/json/encoder.py", line 438, in _iterencode
    o = _default(o)
  File "/usr/local/lib/python3.8/json/encoder.py", line 179, in default
    raise TypeError(f'Object of type {o.__class__.__name__} '
TypeError: Object of type datetime is not JSON serializable
[2024-04-22T04:33:06.080+0000] {taskinstance.py:1138} INFO - Marking task as FAILED. dag_id=get_Data_Submission_Reddit_pipeline, task_id=get_Data_Submission_Reddit, execution_date=20240421T110000, start_date=20240422T043303, end_date=20240422T043306
[2024-04-22T04:33:06.100+0000] {standard_task_runner.py:107} ERROR - Failed to execute job 51 for task get_Data_Submission_Reddit (Object of type datetime is not JSON serializable; 1061)
[2024-04-22T04:33:06.115+0000] {local_task_job_runner.py:234} INFO - Task exited with return code 1
[2024-04-22T04:33:06.159+0000] {taskinstance.py:3281} INFO - 0 downstream tasks scheduled from follow-on schedule check
[2024-04-23T09:46:47.662+0000] {taskinstance.py:1957} INFO - Dependencies all met for dep_context=non-requeueable deps ti=<TaskInstance: get_Data_Submission_Reddit_pipeline.get_Data_Submission_Reddit scheduled__2024-04-21T11:00:00+00:00 [queued]>
[2024-04-23T09:46:47.732+0000] {taskinstance.py:1957} INFO - Dependencies all met for dep_context=requeueable deps ti=<TaskInstance: get_Data_Submission_Reddit_pipeline.get_Data_Submission_Reddit scheduled__2024-04-21T11:00:00+00:00 [queued]>
[2024-04-23T09:46:47.740+0000] {taskinstance.py:2171} INFO - Starting attempt 1 of 1
[2024-04-23T09:46:48.008+0000] {taskinstance.py:2192} INFO - Executing <Task(PythonOperator): get_Data_Submission_Reddit> on 2024-04-21 11:00:00+00:00
[2024-04-23T09:46:48.111+0000] {standard_task_runner.py:87} INFO - Running: ['***', 'tasks', 'run', 'get_Data_Submission_Reddit_pipeline', 'get_Data_Submission_Reddit', 'scheduled__2024-04-21T11:00:00+00:00', '--job-id', '235', '--raw', '--subdir', 'DAGS_FOLDER/GetPost.py', '--cfg-path', '/tmp/tmp1urp2s4g']
[2024-04-23T09:46:48.150+0000] {standard_task_runner.py:88} INFO - Job 235: Subtask get_Data_Submission_Reddit
[2024-04-23T09:46:48.052+0000] {standard_task_runner.py:60} INFO - Started process 284 to run task
[2024-04-23T09:46:48.627+0000] {task_command.py:423} INFO - Running <TaskInstance: get_Data_Submission_Reddit_pipeline.get_Data_Submission_Reddit scheduled__2024-04-21T11:00:00+00:00 [running]> on host 694ea5737885
[2024-04-23T09:46:49.051+0000] {taskinstance.py:2481} INFO - Exporting env vars: AIRFLOW_CTX_DAG_OWNER='***' AIRFLOW_CTX_DAG_ID='get_Data_Submission_Reddit_pipeline' AIRFLOW_CTX_TASK_ID='get_Data_Submission_Reddit' AIRFLOW_CTX_EXECUTION_DATE='2024-04-21T11:00:00+00:00' AIRFLOW_CTX_TRY_NUMBER='1' AIRFLOW_CTX_DAG_RUN_ID='scheduled__2024-04-21T11:00:00+00:00'
[2024-04-23T09:46:49.252+0000] {logging_mixin.py:188} INFO - True
[2024-04-23T09:46:51.266+0000] {logging_mixin.py:188} WARNING - /home/***/.local/lib/python3.8/site-packages/***/utils/context.py:315 AirflowContextDeprecationWarning: Accessing 'execution_date' from the template is deprecated and will be removed in a future version. Please use 'data_interval_start' or 'logical_date' instead.
[2024-04-23T09:46:51.281+0000] {python.py:201} INFO - Done. Returned value was: /opt/***/dags/staging/Submission_Reddit_Data_2024-04-21T11:00:00+00:00.json
[2024-04-23T09:46:51.385+0000] {taskinstance.py:1138} INFO - Marking task as SUCCESS. dag_id=get_Data_Submission_Reddit_pipeline, task_id=get_Data_Submission_Reddit, execution_date=20240421T110000, start_date=20240423T094647, end_date=20240423T094651
[2024-04-23T09:46:51.523+0000] {local_task_job_runner.py:234} INFO - Task exited with return code 0
[2024-04-23T09:46:51.675+0000] {taskinstance.py:3281} INFO - 0 downstream tasks scheduled from follow-on schedule check
