[2024-04-23T04:06:31.524+0000] {taskinstance.py:1957} INFO - Dependencies all met for dep_context=non-requeueable deps ti=<TaskInstance: get_Data_Submission_Reddit_pipeline.get_Data_Submission_Reddit scheduled__2024-04-22T21:00:00+00:00 [queued]>
[2024-04-23T04:06:31.573+0000] {taskinstance.py:1957} INFO - Dependencies all met for dep_context=requeueable deps ti=<TaskInstance: get_Data_Submission_Reddit_pipeline.get_Data_Submission_Reddit scheduled__2024-04-22T21:00:00+00:00 [queued]>
[2024-04-23T04:06:31.585+0000] {taskinstance.py:2171} INFO - Starting attempt 1 of 1
[2024-04-23T04:06:31.893+0000] {taskinstance.py:2192} INFO - Executing <Task(PythonOperator): get_Data_Submission_Reddit> on 2024-04-22 21:00:00+00:00
[2024-04-23T04:06:31.928+0000] {standard_task_runner.py:60} INFO - Started process 233 to run task
[2024-04-23T04:06:31.930+0000] {standard_task_runner.py:87} INFO - Running: ['***', 'tasks', 'run', 'get_Data_Submission_Reddit_pipeline', 'get_Data_Submission_Reddit', 'scheduled__2024-04-22T21:00:00+00:00', '--job-id', '164', '--raw', '--subdir', 'DAGS_FOLDER/GetPost.py', '--cfg-path', '/tmp/tmpd33smnpn']
[2024-04-23T04:06:31.941+0000] {standard_task_runner.py:88} INFO - Job 164: Subtask get_Data_Submission_Reddit
[2024-04-23T04:06:32.106+0000] {task_command.py:423} INFO - Running <TaskInstance: get_Data_Submission_Reddit_pipeline.get_Data_Submission_Reddit scheduled__2024-04-22T21:00:00+00:00 [running]> on host 694ea5737885
[2024-04-23T04:06:32.375+0000] {taskinstance.py:2481} INFO - Exporting env vars: AIRFLOW_CTX_DAG_OWNER='***' AIRFLOW_CTX_DAG_ID='get_Data_Submission_Reddit_pipeline' AIRFLOW_CTX_TASK_ID='get_Data_Submission_Reddit' AIRFLOW_CTX_EXECUTION_DATE='2024-04-22T21:00:00+00:00' AIRFLOW_CTX_TRY_NUMBER='1' AIRFLOW_CTX_DAG_RUN_ID='scheduled__2024-04-22T21:00:00+00:00'
[2024-04-23T04:06:32.459+0000] {logging_mixin.py:188} INFO - True
[2024-04-23T04:06:33.849+0000] {logging_mixin.py:188} WARNING - /home/***/.local/lib/python3.8/site-packages/***/utils/context.py:315 AirflowContextDeprecationWarning: Accessing 'execution_date' from the template is deprecated and will be removed in a future version. Please use 'data_interval_start' or 'logical_date' instead.
[2024-04-23T04:06:33.851+0000] {python.py:201} INFO - Done. Returned value was: None
[2024-04-23T04:06:33.862+0000] {taskinstance.py:1138} INFO - Marking task as SUCCESS. dag_id=get_Data_Submission_Reddit_pipeline, task_id=get_Data_Submission_Reddit, execution_date=20240422T210000, start_date=20240423T040631, end_date=20240423T040633
[2024-04-23T04:06:33.895+0000] {local_task_job_runner.py:234} INFO - Task exited with return code 0
[2024-04-23T04:06:33.916+0000] {taskinstance.py:3281} INFO - 0 downstream tasks scheduled from follow-on schedule check
[2024-04-23T09:47:52.809+0000] {taskinstance.py:1957} INFO - Dependencies all met for dep_context=non-requeueable deps ti=<TaskInstance: get_Data_Submission_Reddit_pipeline.get_Data_Submission_Reddit scheduled__2024-04-22T21:00:00+00:00 [queued]>
[2024-04-23T09:47:53.045+0000] {taskinstance.py:1957} INFO - Dependencies all met for dep_context=requeueable deps ti=<TaskInstance: get_Data_Submission_Reddit_pipeline.get_Data_Submission_Reddit scheduled__2024-04-22T21:00:00+00:00 [queued]>
[2024-04-23T09:47:53.051+0000] {taskinstance.py:2171} INFO - Starting attempt 1 of 1
[2024-04-23T09:47:53.412+0000] {taskinstance.py:2192} INFO - Executing <Task(PythonOperator): get_Data_Submission_Reddit> on 2024-04-22 21:00:00+00:00
[2024-04-23T09:47:53.455+0000] {standard_task_runner.py:60} INFO - Started process 562 to run task
[2024-04-23T09:47:53.487+0000] {standard_task_runner.py:87} INFO - Running: ['***', 'tasks', 'run', 'get_Data_Submission_Reddit_pipeline', 'get_Data_Submission_Reddit', 'scheduled__2024-04-22T21:00:00+00:00', '--job-id', '346', '--raw', '--subdir', 'DAGS_FOLDER/GetPost.py', '--cfg-path', '/tmp/tmpzbt2mniv']
[2024-04-23T09:47:53.532+0000] {standard_task_runner.py:88} INFO - Job 346: Subtask get_Data_Submission_Reddit
[2024-04-23T09:47:53.927+0000] {task_command.py:423} INFO - Running <TaskInstance: get_Data_Submission_Reddit_pipeline.get_Data_Submission_Reddit scheduled__2024-04-22T21:00:00+00:00 [running]> on host 694ea5737885
[2024-04-23T09:47:54.487+0000] {taskinstance.py:2481} INFO - Exporting env vars: AIRFLOW_CTX_DAG_OWNER='***' AIRFLOW_CTX_DAG_ID='get_Data_Submission_Reddit_pipeline' AIRFLOW_CTX_TASK_ID='get_Data_Submission_Reddit' AIRFLOW_CTX_EXECUTION_DATE='2024-04-22T21:00:00+00:00' AIRFLOW_CTX_TRY_NUMBER='1' AIRFLOW_CTX_DAG_RUN_ID='scheduled__2024-04-22T21:00:00+00:00'
[2024-04-23T09:47:54.608+0000] {logging_mixin.py:188} INFO - True
[2024-04-23T09:47:56.940+0000] {logging_mixin.py:188} WARNING - /home/***/.local/lib/python3.8/site-packages/***/utils/context.py:315 AirflowContextDeprecationWarning: Accessing 'execution_date' from the template is deprecated and will be removed in a future version. Please use 'data_interval_start' or 'logical_date' instead.
[2024-04-23T09:47:56.973+0000] {python.py:201} INFO - Done. Returned value was: /opt/***/dags/staging/Submission_Reddit_Data_2024-04-22T21:00:00+00:00.json
[2024-04-23T09:47:57.045+0000] {taskinstance.py:1138} INFO - Marking task as SUCCESS. dag_id=get_Data_Submission_Reddit_pipeline, task_id=get_Data_Submission_Reddit, execution_date=20240422T210000, start_date=20240423T094752, end_date=20240423T094757
[2024-04-23T09:47:57.162+0000] {local_task_job_runner.py:234} INFO - Task exited with return code 0
[2024-04-23T09:47:57.200+0000] {taskinstance.py:3281} INFO - 0 downstream tasks scheduled from follow-on schedule check
