[2024-04-22T04:30:32.116+0000] {taskinstance.py:1957} INFO - Dependencies all met for dep_context=non-requeueable deps ti=<TaskInstance: get_Data_Submission_Reddit_pipeline.get_Data_Submission_Reddit scheduled__2024-04-21T13:00:00+00:00 [queued]>
[2024-04-22T04:30:32.177+0000] {taskinstance.py:1957} INFO - Dependencies all met for dep_context=requeueable deps ti=<TaskInstance: get_Data_Submission_Reddit_pipeline.get_Data_Submission_Reddit scheduled__2024-04-21T13:00:00+00:00 [queued]>
[2024-04-22T04:30:32.179+0000] {taskinstance.py:2171} INFO - Starting attempt 1 of 1
[2024-04-22T04:30:32.252+0000] {taskinstance.py:2192} INFO - Executing <Task(PythonOperator): get_Data_Submission_Reddit> on 2024-04-21 13:00:00+00:00
[2024-04-22T04:30:32.272+0000] {standard_task_runner.py:60} INFO - Started process 867 to run task
[2024-04-22T04:30:32.311+0000] {standard_task_runner.py:87} INFO - Running: ['***', 'tasks', 'run', 'get_Data_Submission_Reddit_pipeline', 'get_Data_Submission_Reddit', 'scheduled__2024-04-21T13:00:00+00:00', '--job-id', '24', '--raw', '--subdir', 'DAGS_FOLDER/GetPost.py', '--cfg-path', '/tmp/tmpak_b09ra']
[2024-04-22T04:30:32.319+0000] {standard_task_runner.py:88} INFO - Job 24: Subtask get_Data_Submission_Reddit
[2024-04-22T04:30:32.578+0000] {task_command.py:423} INFO - Running <TaskInstance: get_Data_Submission_Reddit_pipeline.get_Data_Submission_Reddit scheduled__2024-04-21T13:00:00+00:00 [running]> on host d4c97f52cb78
[2024-04-22T04:30:33.118+0000] {taskinstance.py:2481} INFO - Exporting env vars: AIRFLOW_CTX_DAG_OWNER='***' AIRFLOW_CTX_DAG_ID='get_Data_Submission_Reddit_pipeline' AIRFLOW_CTX_TASK_ID='get_Data_Submission_Reddit' AIRFLOW_CTX_EXECUTION_DATE='2024-04-21T13:00:00+00:00' AIRFLOW_CTX_TRY_NUMBER='1' AIRFLOW_CTX_DAG_RUN_ID='scheduled__2024-04-21T13:00:00+00:00'
[2024-04-22T04:30:33.410+0000] {logging_mixin.py:188} INFO - True
[2024-04-22T04:30:35.167+0000] {logging_mixin.py:188} WARNING - /home/***/.local/lib/python3.8/site-packages/***/utils/context.py:315 AirflowContextDeprecationWarning: Accessing 'execution_date' from the template is deprecated and will be removed in a future version. Please use 'data_interval_start' or 'logical_date' instead.
[2024-04-22T04:30:35.182+0000] {taskinstance.py:2699} ERROR - Task failed with exception
Traceback (most recent call last):
  File "/home/airflow/.local/lib/python3.8/site-packages/airflow/models/taskinstance.py", line 433, in _execute_task
    result = execute_callable(context=context, **execute_callable_kwargs)
  File "/home/airflow/.local/lib/python3.8/site-packages/airflow/operators/python.py", line 199, in execute
    return_value = self.execute_callable()
  File "/home/airflow/.local/lib/python3.8/site-packages/airflow/operators/python.py", line 216, in execute_callable
    return self.python_callable(*self.op_args, **self.op_kwargs)
  File "/opt/airflow/dags/GetPost.py", line 46, in _get_Data_Submission_Reddit
    json.dump(data, f)
NameError: name 'data' is not defined
[2024-04-22T04:30:35.288+0000] {taskinstance.py:1138} INFO - Marking task as FAILED. dag_id=get_Data_Submission_Reddit_pipeline, task_id=get_Data_Submission_Reddit, execution_date=20240421T130000, start_date=20240422T043032, end_date=20240422T043035
[2024-04-22T04:30:36.034+0000] {standard_task_runner.py:107} ERROR - Failed to execute job 24 for task get_Data_Submission_Reddit (name 'data' is not defined; 867)
[2024-04-22T04:30:36.207+0000] {local_task_job_runner.py:234} INFO - Task exited with return code 1
[2024-04-22T04:30:36.447+0000] {taskinstance.py:3281} INFO - 0 downstream tasks scheduled from follow-on schedule check
[2024-04-22T04:33:04.655+0000] {taskinstance.py:1957} INFO - Dependencies all met for dep_context=non-requeueable deps ti=<TaskInstance: get_Data_Submission_Reddit_pipeline.get_Data_Submission_Reddit scheduled__2024-04-21T13:00:00+00:00 [queued]>
[2024-04-22T04:33:04.682+0000] {taskinstance.py:1957} INFO - Dependencies all met for dep_context=requeueable deps ti=<TaskInstance: get_Data_Submission_Reddit_pipeline.get_Data_Submission_Reddit scheduled__2024-04-21T13:00:00+00:00 [queued]>
[2024-04-22T04:33:04.683+0000] {taskinstance.py:2171} INFO - Starting attempt 1 of 1
[2024-04-22T04:33:04.727+0000] {taskinstance.py:2192} INFO - Executing <Task(PythonOperator): get_Data_Submission_Reddit> on 2024-04-21 13:00:00+00:00
[2024-04-22T04:33:04.777+0000] {standard_task_runner.py:60} INFO - Started process 1063 to run task
[2024-04-22T04:33:04.813+0000] {standard_task_runner.py:87} INFO - Running: ['***', 'tasks', 'run', 'get_Data_Submission_Reddit_pipeline', 'get_Data_Submission_Reddit', 'scheduled__2024-04-21T13:00:00+00:00', '--job-id', '52', '--raw', '--subdir', 'DAGS_FOLDER/GetPost.py', '--cfg-path', '/tmp/tmp4wqyfgom']
[2024-04-22T04:33:04.819+0000] {standard_task_runner.py:88} INFO - Job 52: Subtask get_Data_Submission_Reddit
[2024-04-22T04:33:04.970+0000] {task_command.py:423} INFO - Running <TaskInstance: get_Data_Submission_Reddit_pipeline.get_Data_Submission_Reddit scheduled__2024-04-21T13:00:00+00:00 [running]> on host d4c97f52cb78
[2024-04-22T04:33:05.209+0000] {taskinstance.py:2481} INFO - Exporting env vars: AIRFLOW_CTX_DAG_OWNER='***' AIRFLOW_CTX_DAG_ID='get_Data_Submission_Reddit_pipeline' AIRFLOW_CTX_TASK_ID='get_Data_Submission_Reddit' AIRFLOW_CTX_EXECUTION_DATE='2024-04-21T13:00:00+00:00' AIRFLOW_CTX_TRY_NUMBER='1' AIRFLOW_CTX_DAG_RUN_ID='scheduled__2024-04-21T13:00:00+00:00'
[2024-04-22T04:33:05.212+0000] {logging_mixin.py:188} INFO - True
[2024-04-22T04:33:06.415+0000] {logging_mixin.py:188} WARNING - /home/***/.local/lib/python3.8/site-packages/***/utils/context.py:315 AirflowContextDeprecationWarning: Accessing 'execution_date' from the template is deprecated and will be removed in a future version. Please use 'data_interval_start' or 'logical_date' instead.
[2024-04-22T04:33:06.417+0000] {taskinstance.py:2699} ERROR - Task failed with exception
Traceback (most recent call last):
  File "/home/airflow/.local/lib/python3.8/site-packages/airflow/models/taskinstance.py", line 433, in _execute_task
    result = execute_callable(context=context, **execute_callable_kwargs)
  File "/home/airflow/.local/lib/python3.8/site-packages/airflow/operators/python.py", line 199, in execute
    return_value = self.execute_callable()
  File "/home/airflow/.local/lib/python3.8/site-packages/airflow/operators/python.py", line 216, in execute_callable
    return self.python_callable(*self.op_args, **self.op_kwargs)
  File "/opt/airflow/dags/GetPost.py", line 46, in _get_Data_Submission_Reddit
    json.dump(list_datareddit, f)
  File "/usr/local/lib/python3.8/json/__init__.py", line 179, in dump
    for chunk in iterable:
  File "/usr/local/lib/python3.8/json/encoder.py", line 429, in _iterencode
    yield from _iterencode_list(o, _current_indent_level)
  File "/usr/local/lib/python3.8/json/encoder.py", line 325, in _iterencode_list
    yield from chunks
  File "/usr/local/lib/python3.8/json/encoder.py", line 405, in _iterencode_dict
    yield from chunks
  File "/usr/local/lib/python3.8/json/encoder.py", line 438, in _iterencode
    o = _default(o)
  File "/usr/local/lib/python3.8/json/encoder.py", line 179, in default
    raise TypeError(f'Object of type {o.__class__.__name__} '
TypeError: Object of type datetime is not JSON serializable
[2024-04-22T04:33:06.427+0000] {taskinstance.py:1138} INFO - Marking task as FAILED. dag_id=get_Data_Submission_Reddit_pipeline, task_id=get_Data_Submission_Reddit, execution_date=20240421T130000, start_date=20240422T043304, end_date=20240422T043306
[2024-04-22T04:33:06.449+0000] {standard_task_runner.py:107} ERROR - Failed to execute job 52 for task get_Data_Submission_Reddit (Object of type datetime is not JSON serializable; 1063)
[2024-04-22T04:33:06.487+0000] {local_task_job_runner.py:234} INFO - Task exited with return code 1
[2024-04-22T04:33:06.514+0000] {taskinstance.py:3281} INFO - 0 downstream tasks scheduled from follow-on schedule check
[2024-04-23T09:46:55.635+0000] {taskinstance.py:1957} INFO - Dependencies all met for dep_context=non-requeueable deps ti=<TaskInstance: get_Data_Submission_Reddit_pipeline.get_Data_Submission_Reddit scheduled__2024-04-21T13:00:00+00:00 [queued]>
[2024-04-23T09:46:55.691+0000] {taskinstance.py:1957} INFO - Dependencies all met for dep_context=requeueable deps ti=<TaskInstance: get_Data_Submission_Reddit_pipeline.get_Data_Submission_Reddit scheduled__2024-04-21T13:00:00+00:00 [queued]>
[2024-04-23T09:46:55.696+0000] {taskinstance.py:2171} INFO - Starting attempt 1 of 1
[2024-04-23T09:46:56.052+0000] {taskinstance.py:2192} INFO - Executing <Task(PythonOperator): get_Data_Submission_Reddit> on 2024-04-21 13:00:00+00:00
[2024-04-23T09:46:56.116+0000] {standard_task_runner.py:60} INFO - Started process 307 to run task
[2024-04-23T09:46:56.178+0000] {standard_task_runner.py:87} INFO - Running: ['***', 'tasks', 'run', 'get_Data_Submission_Reddit_pipeline', 'get_Data_Submission_Reddit', 'scheduled__2024-04-21T13:00:00+00:00', '--job-id', '245', '--raw', '--subdir', 'DAGS_FOLDER/GetPost.py', '--cfg-path', '/tmp/tmp04e5qls5']
[2024-04-23T09:46:56.204+0000] {standard_task_runner.py:88} INFO - Job 245: Subtask get_Data_Submission_Reddit
[2024-04-23T09:46:56.615+0000] {task_command.py:423} INFO - Running <TaskInstance: get_Data_Submission_Reddit_pipeline.get_Data_Submission_Reddit scheduled__2024-04-21T13:00:00+00:00 [running]> on host 694ea5737885
[2024-04-23T09:46:57.290+0000] {taskinstance.py:2481} INFO - Exporting env vars: AIRFLOW_CTX_DAG_OWNER='***' AIRFLOW_CTX_DAG_ID='get_Data_Submission_Reddit_pipeline' AIRFLOW_CTX_TASK_ID='get_Data_Submission_Reddit' AIRFLOW_CTX_EXECUTION_DATE='2024-04-21T13:00:00+00:00' AIRFLOW_CTX_TRY_NUMBER='1' AIRFLOW_CTX_DAG_RUN_ID='scheduled__2024-04-21T13:00:00+00:00'
[2024-04-23T09:46:57.445+0000] {logging_mixin.py:188} INFO - True
[2024-04-23T09:46:59.837+0000] {logging_mixin.py:188} WARNING - /home/***/.local/lib/python3.8/site-packages/***/utils/context.py:315 AirflowContextDeprecationWarning: Accessing 'execution_date' from the template is deprecated and will be removed in a future version. Please use 'data_interval_start' or 'logical_date' instead.
[2024-04-23T09:46:59.851+0000] {python.py:201} INFO - Done. Returned value was: /opt/***/dags/staging/Submission_Reddit_Data_2024-04-21T13:00:00+00:00.json
[2024-04-23T09:46:59.982+0000] {taskinstance.py:1138} INFO - Marking task as SUCCESS. dag_id=get_Data_Submission_Reddit_pipeline, task_id=get_Data_Submission_Reddit, execution_date=20240421T130000, start_date=20240423T094655, end_date=20240423T094659
[2024-04-23T09:47:00.230+0000] {local_task_job_runner.py:234} INFO - Task exited with return code 0
[2024-04-23T09:47:00.821+0000] {taskinstance.py:3281} INFO - 0 downstream tasks scheduled from follow-on schedule check
