[2024-04-21T12:10:15.655+0000] {taskinstance.py:1957} INFO - Dependencies all met for dep_context=non-requeueable deps ti=<TaskInstance: get_Data_Submission_Reddit_pipeline.get_Data_Submission_Reddit scheduled__2024-04-21T05:00:00+00:00 [queued]>
[2024-04-21T12:10:15.747+0000] {taskinstance.py:1957} INFO - Dependencies all met for dep_context=requeueable deps ti=<TaskInstance: get_Data_Submission_Reddit_pipeline.get_Data_Submission_Reddit scheduled__2024-04-21T05:00:00+00:00 [queued]>
[2024-04-21T12:10:15.749+0000] {taskinstance.py:2171} INFO - Starting attempt 1 of 1
[2024-04-21T12:10:16.236+0000] {taskinstance.py:2192} INFO - Executing <Task(PythonOperator): get_Data_Submission_Reddit> on 2024-04-21 05:00:00+00:00
[2024-04-21T12:10:16.300+0000] {standard_task_runner.py:87} INFO - Running: ['***', 'tasks', 'run', 'get_Data_Submission_Reddit_pipeline', 'get_Data_Submission_Reddit', 'scheduled__2024-04-21T05:00:00+00:00', '--job-id', '13', '--raw', '--subdir', 'DAGS_FOLDER/GetPost.py', '--cfg-path', '/tmp/tmpc5a11hmu']
[2024-04-21T12:10:16.320+0000] {standard_task_runner.py:88} INFO - Job 13: Subtask get_Data_Submission_Reddit
[2024-04-21T12:10:16.256+0000] {standard_task_runner.py:60} INFO - Started process 349 to run task
[2024-04-21T12:10:16.757+0000] {task_command.py:423} INFO - Running <TaskInstance: get_Data_Submission_Reddit_pipeline.get_Data_Submission_Reddit scheduled__2024-04-21T05:00:00+00:00 [running]> on host d4c97f52cb78
[2024-04-21T12:10:17.349+0000] {taskinstance.py:2481} INFO - Exporting env vars: AIRFLOW_CTX_DAG_OWNER='***' AIRFLOW_CTX_DAG_ID='get_Data_Submission_Reddit_pipeline' AIRFLOW_CTX_TASK_ID='get_Data_Submission_Reddit' AIRFLOW_CTX_EXECUTION_DATE='2024-04-21T05:00:00+00:00' AIRFLOW_CTX_TRY_NUMBER='1' AIRFLOW_CTX_DAG_RUN_ID='scheduled__2024-04-21T05:00:00+00:00'
[2024-04-21T12:10:17.404+0000] {logging_mixin.py:188} INFO - True
[2024-04-21T12:10:18.963+0000] {python.py:201} INFO - Done. Returned value was: None
[2024-04-21T12:10:18.990+0000] {taskinstance.py:1138} INFO - Marking task as SUCCESS. dag_id=get_Data_Submission_Reddit_pipeline, task_id=get_Data_Submission_Reddit, execution_date=20240421T050000, start_date=20240421T121015, end_date=20240421T121018
[2024-04-21T12:10:19.143+0000] {local_task_job_runner.py:234} INFO - Task exited with return code 0
[2024-04-21T12:10:19.200+0000] {taskinstance.py:3281} INFO - 0 downstream tasks scheduled from follow-on schedule check
[2024-04-22T04:32:59.913+0000] {taskinstance.py:1957} INFO - Dependencies all met for dep_context=non-requeueable deps ti=<TaskInstance: get_Data_Submission_Reddit_pipeline.get_Data_Submission_Reddit scheduled__2024-04-21T05:00:00+00:00 [queued]>
[2024-04-22T04:32:59.990+0000] {taskinstance.py:1957} INFO - Dependencies all met for dep_context=requeueable deps ti=<TaskInstance: get_Data_Submission_Reddit_pipeline.get_Data_Submission_Reddit scheduled__2024-04-21T05:00:00+00:00 [queued]>
[2024-04-22T04:32:59.991+0000] {taskinstance.py:2171} INFO - Starting attempt 1 of 1
[2024-04-22T04:33:00.336+0000] {taskinstance.py:2192} INFO - Executing <Task(PythonOperator): get_Data_Submission_Reddit> on 2024-04-21 05:00:00+00:00
[2024-04-22T04:33:00.370+0000] {standard_task_runner.py:60} INFO - Started process 1049 to run task
[2024-04-22T04:33:00.407+0000] {standard_task_runner.py:87} INFO - Running: ['***', 'tasks', 'run', 'get_Data_Submission_Reddit_pipeline', 'get_Data_Submission_Reddit', 'scheduled__2024-04-21T05:00:00+00:00', '--job-id', '45', '--raw', '--subdir', 'DAGS_FOLDER/GetPost.py', '--cfg-path', '/tmp/tmpyjnxpw8_']
[2024-04-22T04:33:00.431+0000] {standard_task_runner.py:88} INFO - Job 45: Subtask get_Data_Submission_Reddit
[2024-04-22T04:33:00.582+0000] {task_command.py:423} INFO - Running <TaskInstance: get_Data_Submission_Reddit_pipeline.get_Data_Submission_Reddit scheduled__2024-04-21T05:00:00+00:00 [running]> on host d4c97f52cb78
[2024-04-22T04:33:00.840+0000] {taskinstance.py:2481} INFO - Exporting env vars: AIRFLOW_CTX_DAG_OWNER='***' AIRFLOW_CTX_DAG_ID='get_Data_Submission_Reddit_pipeline' AIRFLOW_CTX_TASK_ID='get_Data_Submission_Reddit' AIRFLOW_CTX_EXECUTION_DATE='2024-04-21T05:00:00+00:00' AIRFLOW_CTX_TRY_NUMBER='1' AIRFLOW_CTX_DAG_RUN_ID='scheduled__2024-04-21T05:00:00+00:00'
[2024-04-22T04:33:00.859+0000] {logging_mixin.py:188} INFO - True
[2024-04-22T04:33:02.529+0000] {logging_mixin.py:188} WARNING - /home/***/.local/lib/python3.8/site-packages/***/utils/context.py:315 AirflowContextDeprecationWarning: Accessing 'execution_date' from the template is deprecated and will be removed in a future version. Please use 'data_interval_start' or 'logical_date' instead.
[2024-04-22T04:33:02.539+0000] {taskinstance.py:2699} ERROR - Task failed with exception
Traceback (most recent call last):
  File "/home/airflow/.local/lib/python3.8/site-packages/airflow/models/taskinstance.py", line 433, in _execute_task
    result = execute_callable(context=context, **execute_callable_kwargs)
  File "/home/airflow/.local/lib/python3.8/site-packages/airflow/operators/python.py", line 199, in execute
    return_value = self.execute_callable()
  File "/home/airflow/.local/lib/python3.8/site-packages/airflow/operators/python.py", line 216, in execute_callable
    return self.python_callable(*self.op_args, **self.op_kwargs)
  File "/opt/airflow/dags/GetPost.py", line 46, in _get_Data_Submission_Reddit
    json.dump(list_datareddit, f)
  File "/usr/local/lib/python3.8/json/__init__.py", line 179, in dump
    for chunk in iterable:
  File "/usr/local/lib/python3.8/json/encoder.py", line 429, in _iterencode
    yield from _iterencode_list(o, _current_indent_level)
  File "/usr/local/lib/python3.8/json/encoder.py", line 325, in _iterencode_list
    yield from chunks
  File "/usr/local/lib/python3.8/json/encoder.py", line 405, in _iterencode_dict
    yield from chunks
  File "/usr/local/lib/python3.8/json/encoder.py", line 438, in _iterencode
    o = _default(o)
  File "/usr/local/lib/python3.8/json/encoder.py", line 179, in default
    raise TypeError(f'Object of type {o.__class__.__name__} '
TypeError: Object of type datetime is not JSON serializable
[2024-04-22T04:33:02.604+0000] {taskinstance.py:1138} INFO - Marking task as FAILED. dag_id=get_Data_Submission_Reddit_pipeline, task_id=get_Data_Submission_Reddit, execution_date=20240421T050000, start_date=20240422T043259, end_date=20240422T043302
[2024-04-22T04:33:02.870+0000] {standard_task_runner.py:107} ERROR - Failed to execute job 45 for task get_Data_Submission_Reddit (Object of type datetime is not JSON serializable; 1049)
[2024-04-22T04:33:02.928+0000] {local_task_job_runner.py:234} INFO - Task exited with return code 1
[2024-04-22T04:33:03.075+0000] {taskinstance.py:3281} INFO - 0 downstream tasks scheduled from follow-on schedule check
[2024-04-23T09:46:38.459+0000] {taskinstance.py:1957} INFO - Dependencies all met for dep_context=non-requeueable deps ti=<TaskInstance: get_Data_Submission_Reddit_pipeline.get_Data_Submission_Reddit scheduled__2024-04-21T05:00:00+00:00 [queued]>
[2024-04-23T09:46:38.556+0000] {taskinstance.py:1957} INFO - Dependencies all met for dep_context=requeueable deps ti=<TaskInstance: get_Data_Submission_Reddit_pipeline.get_Data_Submission_Reddit scheduled__2024-04-21T05:00:00+00:00 [queued]>
[2024-04-23T09:46:38.561+0000] {taskinstance.py:2171} INFO - Starting attempt 1 of 1
[2024-04-23T09:46:39.464+0000] {taskinstance.py:2192} INFO - Executing <Task(PythonOperator): get_Data_Submission_Reddit> on 2024-04-21 05:00:00+00:00
[2024-04-23T09:46:39.521+0000] {standard_task_runner.py:60} INFO - Started process 251 to run task
[2024-04-23T09:46:39.532+0000] {standard_task_runner.py:87} INFO - Running: ['***', 'tasks', 'run', 'get_Data_Submission_Reddit_pipeline', 'get_Data_Submission_Reddit', 'scheduled__2024-04-21T05:00:00+00:00', '--job-id', '217', '--raw', '--subdir', 'DAGS_FOLDER/GetPost.py', '--cfg-path', '/tmp/tmpwg1luf05']
[2024-04-23T09:46:39.684+0000] {standard_task_runner.py:88} INFO - Job 217: Subtask get_Data_Submission_Reddit
[2024-04-23T09:46:40.195+0000] {task_command.py:423} INFO - Running <TaskInstance: get_Data_Submission_Reddit_pipeline.get_Data_Submission_Reddit scheduled__2024-04-21T05:00:00+00:00 [running]> on host 694ea5737885
[2024-04-23T09:46:41.046+0000] {taskinstance.py:2481} INFO - Exporting env vars: AIRFLOW_CTX_DAG_OWNER='***' AIRFLOW_CTX_DAG_ID='get_Data_Submission_Reddit_pipeline' AIRFLOW_CTX_TASK_ID='get_Data_Submission_Reddit' AIRFLOW_CTX_EXECUTION_DATE='2024-04-21T05:00:00+00:00' AIRFLOW_CTX_TRY_NUMBER='1' AIRFLOW_CTX_DAG_RUN_ID='scheduled__2024-04-21T05:00:00+00:00'
[2024-04-23T09:46:41.224+0000] {logging_mixin.py:188} INFO - True
[2024-04-23T09:46:43.867+0000] {logging_mixin.py:188} WARNING - /home/***/.local/lib/python3.8/site-packages/***/utils/context.py:315 AirflowContextDeprecationWarning: Accessing 'execution_date' from the template is deprecated and will be removed in a future version. Please use 'data_interval_start' or 'logical_date' instead.
[2024-04-23T09:46:43.872+0000] {python.py:201} INFO - Done. Returned value was: /opt/***/dags/staging/Submission_Reddit_Data_2024-04-21T05:00:00+00:00.json
[2024-04-23T09:46:44.017+0000] {taskinstance.py:1138} INFO - Marking task as SUCCESS. dag_id=get_Data_Submission_Reddit_pipeline, task_id=get_Data_Submission_Reddit, execution_date=20240421T050000, start_date=20240423T094638, end_date=20240423T094644
[2024-04-23T09:46:44.240+0000] {local_task_job_runner.py:234} INFO - Task exited with return code 0
[2024-04-23T09:46:45.010+0000] {taskinstance.py:3281} INFO - 0 downstream tasks scheduled from follow-on schedule check
