[2024-04-23T04:06:21.051+0000] {taskinstance.py:1957} INFO - Dependencies all met for dep_context=non-requeueable deps ti=<TaskInstance: get_Data_Submission_Reddit_pipeline.get_Data_Submission_Reddit scheduled__2024-04-22T15:00:00+00:00 [queued]>
[2024-04-23T04:06:21.138+0000] {taskinstance.py:1957} INFO - Dependencies all met for dep_context=requeueable deps ti=<TaskInstance: get_Data_Submission_Reddit_pipeline.get_Data_Submission_Reddit scheduled__2024-04-22T15:00:00+00:00 [queued]>
[2024-04-23T04:06:21.141+0000] {taskinstance.py:2171} INFO - Starting attempt 1 of 1
[2024-04-23T04:06:22.118+0000] {taskinstance.py:2192} INFO - Executing <Task(PythonOperator): get_Data_Submission_Reddit> on 2024-04-22 15:00:00+00:00
[2024-04-23T04:06:22.263+0000] {standard_task_runner.py:60} INFO - Started process 206 to run task
[2024-04-23T04:06:22.328+0000] {standard_task_runner.py:87} INFO - Running: ['***', 'tasks', 'run', 'get_Data_Submission_Reddit_pipeline', 'get_Data_Submission_Reddit', 'scheduled__2024-04-22T15:00:00+00:00', '--job-id', '152', '--raw', '--subdir', 'DAGS_FOLDER/GetPost.py', '--cfg-path', '/tmp/tmpcvqh9bdx']
[2024-04-23T04:06:22.373+0000] {standard_task_runner.py:88} INFO - Job 152: Subtask get_Data_Submission_Reddit
[2024-04-23T04:06:22.974+0000] {task_command.py:423} INFO - Running <TaskInstance: get_Data_Submission_Reddit_pipeline.get_Data_Submission_Reddit scheduled__2024-04-22T15:00:00+00:00 [running]> on host 694ea5737885
[2024-04-23T04:06:24.154+0000] {taskinstance.py:2481} INFO - Exporting env vars: AIRFLOW_CTX_DAG_OWNER='***' AIRFLOW_CTX_DAG_ID='get_Data_Submission_Reddit_pipeline' AIRFLOW_CTX_TASK_ID='get_Data_Submission_Reddit' AIRFLOW_CTX_EXECUTION_DATE='2024-04-22T15:00:00+00:00' AIRFLOW_CTX_TRY_NUMBER='1' AIRFLOW_CTX_DAG_RUN_ID='scheduled__2024-04-22T15:00:00+00:00'
[2024-04-23T04:06:25.113+0000] {logging_mixin.py:188} INFO - True
[2024-04-23T04:06:27.972+0000] {logging_mixin.py:188} WARNING - /home/***/.local/lib/python3.8/site-packages/***/utils/context.py:315 AirflowContextDeprecationWarning: Accessing 'execution_date' from the template is deprecated and will be removed in a future version. Please use 'data_interval_start' or 'logical_date' instead.
[2024-04-23T04:06:27.994+0000] {python.py:201} INFO - Done. Returned value was: None
[2024-04-23T04:06:28.055+0000] {taskinstance.py:1138} INFO - Marking task as SUCCESS. dag_id=get_Data_Submission_Reddit_pipeline, task_id=get_Data_Submission_Reddit, execution_date=20240422T150000, start_date=20240423T040621, end_date=20240423T040628
[2024-04-23T04:06:28.266+0000] {local_task_job_runner.py:234} INFO - Task exited with return code 0
[2024-04-23T04:06:28.361+0000] {taskinstance.py:3281} INFO - 0 downstream tasks scheduled from follow-on schedule check
[2024-04-23T09:47:38.805+0000] {taskinstance.py:1957} INFO - Dependencies all met for dep_context=non-requeueable deps ti=<TaskInstance: get_Data_Submission_Reddit_pipeline.get_Data_Submission_Reddit scheduled__2024-04-22T15:00:00+00:00 [queued]>
[2024-04-23T09:47:38.856+0000] {taskinstance.py:1957} INFO - Dependencies all met for dep_context=requeueable deps ti=<TaskInstance: get_Data_Submission_Reddit_pipeline.get_Data_Submission_Reddit scheduled__2024-04-22T15:00:00+00:00 [queued]>
[2024-04-23T09:47:38.864+0000] {taskinstance.py:2171} INFO - Starting attempt 1 of 1
[2024-04-23T09:47:39.197+0000] {taskinstance.py:2192} INFO - Executing <Task(PythonOperator): get_Data_Submission_Reddit> on 2024-04-22 15:00:00+00:00
[2024-04-23T09:47:39.239+0000] {standard_task_runner.py:60} INFO - Started process 507 to run task
[2024-04-23T09:47:39.260+0000] {standard_task_runner.py:87} INFO - Running: ['***', 'tasks', 'run', 'get_Data_Submission_Reddit_pipeline', 'get_Data_Submission_Reddit', 'scheduled__2024-04-22T15:00:00+00:00', '--job-id', '323', '--raw', '--subdir', 'DAGS_FOLDER/GetPost.py', '--cfg-path', '/tmp/tmp2fb6_ngx']
[2024-04-23T09:47:39.301+0000] {standard_task_runner.py:88} INFO - Job 323: Subtask get_Data_Submission_Reddit
[2024-04-23T09:47:39.629+0000] {task_command.py:423} INFO - Running <TaskInstance: get_Data_Submission_Reddit_pipeline.get_Data_Submission_Reddit scheduled__2024-04-22T15:00:00+00:00 [running]> on host 694ea5737885
[2024-04-23T09:47:40.123+0000] {taskinstance.py:2481} INFO - Exporting env vars: AIRFLOW_CTX_DAG_OWNER='***' AIRFLOW_CTX_DAG_ID='get_Data_Submission_Reddit_pipeline' AIRFLOW_CTX_TASK_ID='get_Data_Submission_Reddit' AIRFLOW_CTX_EXECUTION_DATE='2024-04-22T15:00:00+00:00' AIRFLOW_CTX_TRY_NUMBER='1' AIRFLOW_CTX_DAG_RUN_ID='scheduled__2024-04-22T15:00:00+00:00'
[2024-04-23T09:47:40.297+0000] {logging_mixin.py:188} INFO - True
[2024-04-23T09:47:42.496+0000] {logging_mixin.py:188} WARNING - /home/***/.local/lib/python3.8/site-packages/***/utils/context.py:315 AirflowContextDeprecationWarning: Accessing 'execution_date' from the template is deprecated and will be removed in a future version. Please use 'data_interval_start' or 'logical_date' instead.
[2024-04-23T09:47:42.509+0000] {python.py:201} INFO - Done. Returned value was: /opt/***/dags/staging/Submission_Reddit_Data_2024-04-22T15:00:00+00:00.json
[2024-04-23T09:47:42.700+0000] {taskinstance.py:1138} INFO - Marking task as SUCCESS. dag_id=get_Data_Submission_Reddit_pipeline, task_id=get_Data_Submission_Reddit, execution_date=20240422T150000, start_date=20240423T094738, end_date=20240423T094742
[2024-04-23T09:47:43.148+0000] {local_task_job_runner.py:234} INFO - Task exited with return code 0
[2024-04-23T09:47:43.299+0000] {taskinstance.py:3281} INFO - 0 downstream tasks scheduled from follow-on schedule check
