[2024-04-23T04:06:18.745+0000] {taskinstance.py:1957} INFO - Dependencies all met for dep_context=non-requeueable deps ti=<TaskInstance: get_Data_Submission_Reddit_pipeline.get_Data_Submission_Reddit scheduled__2024-04-22T14:00:00+00:00 [queued]>
[2024-04-23T04:06:18.898+0000] {taskinstance.py:1957} INFO - Dependencies all met for dep_context=requeueable deps ti=<TaskInstance: get_Data_Submission_Reddit_pipeline.get_Data_Submission_Reddit scheduled__2024-04-22T14:00:00+00:00 [queued]>
[2024-04-23T04:06:18.899+0000] {taskinstance.py:2171} INFO - Starting attempt 1 of 1
[2024-04-23T04:06:20.428+0000] {taskinstance.py:2192} INFO - Executing <Task(PythonOperator): get_Data_Submission_Reddit> on 2024-04-22 14:00:00+00:00
[2024-04-23T04:06:20.465+0000] {standard_task_runner.py:60} INFO - Started process 198 to run task
[2024-04-23T04:06:20.484+0000] {standard_task_runner.py:87} INFO - Running: ['***', 'tasks', 'run', 'get_Data_Submission_Reddit_pipeline', 'get_Data_Submission_Reddit', 'scheduled__2024-04-22T14:00:00+00:00', '--job-id', '150', '--raw', '--subdir', 'DAGS_FOLDER/GetPost.py', '--cfg-path', '/tmp/tmppjaiemft']
[2024-04-23T04:06:20.542+0000] {standard_task_runner.py:88} INFO - Job 150: Subtask get_Data_Submission_Reddit
[2024-04-23T04:06:21.026+0000] {task_command.py:423} INFO - Running <TaskInstance: get_Data_Submission_Reddit_pipeline.get_Data_Submission_Reddit scheduled__2024-04-22T14:00:00+00:00 [running]> on host 694ea5737885
[2024-04-23T04:06:21.609+0000] {taskinstance.py:2481} INFO - Exporting env vars: AIRFLOW_CTX_DAG_OWNER='***' AIRFLOW_CTX_DAG_ID='get_Data_Submission_Reddit_pipeline' AIRFLOW_CTX_TASK_ID='get_Data_Submission_Reddit' AIRFLOW_CTX_EXECUTION_DATE='2024-04-22T14:00:00+00:00' AIRFLOW_CTX_TRY_NUMBER='1' AIRFLOW_CTX_DAG_RUN_ID='scheduled__2024-04-22T14:00:00+00:00'
[2024-04-23T04:06:22.323+0000] {logging_mixin.py:188} INFO - True
[2024-04-23T04:06:25.534+0000] {logging_mixin.py:188} WARNING - /home/***/.local/lib/python3.8/site-packages/***/utils/context.py:315 AirflowContextDeprecationWarning: Accessing 'execution_date' from the template is deprecated and will be removed in a future version. Please use 'data_interval_start' or 'logical_date' instead.
[2024-04-23T04:06:25.663+0000] {python.py:201} INFO - Done. Returned value was: None
[2024-04-23T04:06:25.963+0000] {taskinstance.py:1138} INFO - Marking task as SUCCESS. dag_id=get_Data_Submission_Reddit_pipeline, task_id=get_Data_Submission_Reddit, execution_date=20240422T140000, start_date=20240423T040618, end_date=20240423T040625
[2024-04-23T04:06:27.650+0000] {local_task_job_runner.py:234} INFO - Task exited with return code 0
[2024-04-23T04:06:27.760+0000] {taskinstance.py:3281} INFO - 0 downstream tasks scheduled from follow-on schedule check
[2024-04-23T09:47:38.481+0000] {taskinstance.py:1957} INFO - Dependencies all met for dep_context=non-requeueable deps ti=<TaskInstance: get_Data_Submission_Reddit_pipeline.get_Data_Submission_Reddit scheduled__2024-04-22T14:00:00+00:00 [queued]>
[2024-04-23T09:47:38.535+0000] {taskinstance.py:1957} INFO - Dependencies all met for dep_context=requeueable deps ti=<TaskInstance: get_Data_Submission_Reddit_pipeline.get_Data_Submission_Reddit scheduled__2024-04-22T14:00:00+00:00 [queued]>
[2024-04-23T09:47:38.536+0000] {taskinstance.py:2171} INFO - Starting attempt 1 of 1
[2024-04-23T09:47:38.641+0000] {taskinstance.py:2192} INFO - Executing <Task(PythonOperator): get_Data_Submission_Reddit> on 2024-04-22 14:00:00+00:00
[2024-04-23T09:47:38.662+0000] {standard_task_runner.py:60} INFO - Started process 506 to run task
[2024-04-23T09:47:38.670+0000] {standard_task_runner.py:87} INFO - Running: ['***', 'tasks', 'run', 'get_Data_Submission_Reddit_pipeline', 'get_Data_Submission_Reddit', 'scheduled__2024-04-22T14:00:00+00:00', '--job-id', '322', '--raw', '--subdir', 'DAGS_FOLDER/GetPost.py', '--cfg-path', '/tmp/tmp4msbd7ox']
[2024-04-23T09:47:38.709+0000] {standard_task_runner.py:88} INFO - Job 322: Subtask get_Data_Submission_Reddit
[2024-04-23T09:47:38.965+0000] {task_command.py:423} INFO - Running <TaskInstance: get_Data_Submission_Reddit_pipeline.get_Data_Submission_Reddit scheduled__2024-04-22T14:00:00+00:00 [running]> on host 694ea5737885
[2024-04-23T09:47:39.833+0000] {taskinstance.py:2481} INFO - Exporting env vars: AIRFLOW_CTX_DAG_OWNER='***' AIRFLOW_CTX_DAG_ID='get_Data_Submission_Reddit_pipeline' AIRFLOW_CTX_TASK_ID='get_Data_Submission_Reddit' AIRFLOW_CTX_EXECUTION_DATE='2024-04-22T14:00:00+00:00' AIRFLOW_CTX_TRY_NUMBER='1' AIRFLOW_CTX_DAG_RUN_ID='scheduled__2024-04-22T14:00:00+00:00'
[2024-04-23T09:47:39.973+0000] {logging_mixin.py:188} INFO - True
[2024-04-23T09:47:42.308+0000] {logging_mixin.py:188} WARNING - /home/***/.local/lib/python3.8/site-packages/***/utils/context.py:315 AirflowContextDeprecationWarning: Accessing 'execution_date' from the template is deprecated and will be removed in a future version. Please use 'data_interval_start' or 'logical_date' instead.
[2024-04-23T09:47:42.394+0000] {python.py:201} INFO - Done. Returned value was: /opt/***/dags/staging/Submission_Reddit_Data_2024-04-22T14:00:00+00:00.json
[2024-04-23T09:47:42.608+0000] {taskinstance.py:1138} INFO - Marking task as SUCCESS. dag_id=get_Data_Submission_Reddit_pipeline, task_id=get_Data_Submission_Reddit, execution_date=20240422T140000, start_date=20240423T094738, end_date=20240423T094742
[2024-04-23T09:47:43.150+0000] {local_task_job_runner.py:234} INFO - Task exited with return code 0
[2024-04-23T09:47:43.278+0000] {taskinstance.py:3281} INFO - 0 downstream tasks scheduled from follow-on schedule check
