[2024-04-23T04:06:32.139+0000] {taskinstance.py:1957} INFO - Dependencies all met for dep_context=non-requeueable deps ti=<TaskInstance: get_Data_Submission_Reddit_pipeline.get_Data_Submission_Reddit scheduled__2024-04-22T22:00:00+00:00 [queued]>
[2024-04-23T04:06:32.184+0000] {taskinstance.py:1957} INFO - Dependencies all met for dep_context=requeueable deps ti=<TaskInstance: get_Data_Submission_Reddit_pipeline.get_Data_Submission_Reddit scheduled__2024-04-22T22:00:00+00:00 [queued]>
[2024-04-23T04:06:32.185+0000] {taskinstance.py:2171} INFO - Starting attempt 1 of 1
[2024-04-23T04:06:32.234+0000] {taskinstance.py:2192} INFO - Executing <Task(PythonOperator): get_Data_Submission_Reddit> on 2024-04-22 22:00:00+00:00
[2024-04-23T04:06:32.241+0000] {standard_task_runner.py:60} INFO - Started process 234 to run task
[2024-04-23T04:06:32.272+0000] {standard_task_runner.py:87} INFO - Running: ['***', 'tasks', 'run', 'get_Data_Submission_Reddit_pipeline', 'get_Data_Submission_Reddit', 'scheduled__2024-04-22T22:00:00+00:00', '--job-id', '165', '--raw', '--subdir', 'DAGS_FOLDER/GetPost.py', '--cfg-path', '/tmp/tmp5qvurxch']
[2024-04-23T04:06:32.277+0000] {standard_task_runner.py:88} INFO - Job 165: Subtask get_Data_Submission_Reddit
[2024-04-23T04:06:32.454+0000] {task_command.py:423} INFO - Running <TaskInstance: get_Data_Submission_Reddit_pipeline.get_Data_Submission_Reddit scheduled__2024-04-22T22:00:00+00:00 [running]> on host 694ea5737885
[2024-04-23T04:06:32.899+0000] {taskinstance.py:2481} INFO - Exporting env vars: AIRFLOW_CTX_DAG_OWNER='***' AIRFLOW_CTX_DAG_ID='get_Data_Submission_Reddit_pipeline' AIRFLOW_CTX_TASK_ID='get_Data_Submission_Reddit' AIRFLOW_CTX_EXECUTION_DATE='2024-04-22T22:00:00+00:00' AIRFLOW_CTX_TRY_NUMBER='1' AIRFLOW_CTX_DAG_RUN_ID='scheduled__2024-04-22T22:00:00+00:00'
[2024-04-23T04:06:32.981+0000] {logging_mixin.py:188} INFO - True
[2024-04-23T04:06:34.384+0000] {logging_mixin.py:188} WARNING - /home/***/.local/lib/python3.8/site-packages/***/utils/context.py:315 AirflowContextDeprecationWarning: Accessing 'execution_date' from the template is deprecated and will be removed in a future version. Please use 'data_interval_start' or 'logical_date' instead.
[2024-04-23T04:06:34.389+0000] {python.py:201} INFO - Done. Returned value was: None
[2024-04-23T04:06:34.404+0000] {taskinstance.py:1138} INFO - Marking task as SUCCESS. dag_id=get_Data_Submission_Reddit_pipeline, task_id=get_Data_Submission_Reddit, execution_date=20240422T220000, start_date=20240423T040632, end_date=20240423T040634
[2024-04-23T04:06:34.479+0000] {local_task_job_runner.py:234} INFO - Task exited with return code 0
[2024-04-23T04:06:34.500+0000] {taskinstance.py:3281} INFO - 0 downstream tasks scheduled from follow-on schedule check
[2024-04-23T09:47:53.830+0000] {taskinstance.py:1957} INFO - Dependencies all met for dep_context=non-requeueable deps ti=<TaskInstance: get_Data_Submission_Reddit_pipeline.get_Data_Submission_Reddit scheduled__2024-04-22T22:00:00+00:00 [queued]>
[2024-04-23T09:47:53.874+0000] {taskinstance.py:1957} INFO - Dependencies all met for dep_context=requeueable deps ti=<TaskInstance: get_Data_Submission_Reddit_pipeline.get_Data_Submission_Reddit scheduled__2024-04-22T22:00:00+00:00 [queued]>
[2024-04-23T09:47:53.874+0000] {taskinstance.py:2171} INFO - Starting attempt 1 of 1
[2024-04-23T09:47:54.173+0000] {taskinstance.py:2192} INFO - Executing <Task(PythonOperator): get_Data_Submission_Reddit> on 2024-04-22 22:00:00+00:00
[2024-04-23T09:47:54.198+0000] {standard_task_runner.py:60} INFO - Started process 566 to run task
[2024-04-23T09:47:54.252+0000] {standard_task_runner.py:87} INFO - Running: ['***', 'tasks', 'run', 'get_Data_Submission_Reddit_pipeline', 'get_Data_Submission_Reddit', 'scheduled__2024-04-22T22:00:00+00:00', '--job-id', '348', '--raw', '--subdir', 'DAGS_FOLDER/GetPost.py', '--cfg-path', '/tmp/tmpe3i2et90']
[2024-04-23T09:47:54.302+0000] {standard_task_runner.py:88} INFO - Job 348: Subtask get_Data_Submission_Reddit
[2024-04-23T09:47:54.633+0000] {task_command.py:423} INFO - Running <TaskInstance: get_Data_Submission_Reddit_pipeline.get_Data_Submission_Reddit scheduled__2024-04-22T22:00:00+00:00 [running]> on host 694ea5737885
[2024-04-23T09:47:55.695+0000] {taskinstance.py:2481} INFO - Exporting env vars: AIRFLOW_CTX_DAG_OWNER='***' AIRFLOW_CTX_DAG_ID='get_Data_Submission_Reddit_pipeline' AIRFLOW_CTX_TASK_ID='get_Data_Submission_Reddit' AIRFLOW_CTX_EXECUTION_DATE='2024-04-22T22:00:00+00:00' AIRFLOW_CTX_TRY_NUMBER='1' AIRFLOW_CTX_DAG_RUN_ID='scheduled__2024-04-22T22:00:00+00:00'
[2024-04-23T09:47:55.869+0000] {logging_mixin.py:188} INFO - True
[2024-04-23T09:47:57.721+0000] {logging_mixin.py:188} WARNING - /home/***/.local/lib/python3.8/site-packages/***/utils/context.py:315 AirflowContextDeprecationWarning: Accessing 'execution_date' from the template is deprecated and will be removed in a future version. Please use 'data_interval_start' or 'logical_date' instead.
[2024-04-23T09:47:57.732+0000] {python.py:201} INFO - Done. Returned value was: /opt/***/dags/staging/Submission_Reddit_Data_2024-04-22T22:00:00+00:00.json
[2024-04-23T09:47:57.775+0000] {taskinstance.py:1138} INFO - Marking task as SUCCESS. dag_id=get_Data_Submission_Reddit_pipeline, task_id=get_Data_Submission_Reddit, execution_date=20240422T220000, start_date=20240423T094753, end_date=20240423T094757
[2024-04-23T09:47:57.837+0000] {local_task_job_runner.py:234} INFO - Task exited with return code 0
[2024-04-23T09:47:57.869+0000] {taskinstance.py:3281} INFO - 0 downstream tasks scheduled from follow-on schedule check
