[2024-04-22T04:30:36.375+0000] {taskinstance.py:1957} INFO - Dependencies all met for dep_context=non-requeueable deps ti=<TaskInstance: get_Data_Submission_Reddit_pipeline.get_Data_Submission_Reddit scheduled__2024-04-21T19:00:00+00:00 [queued]>
[2024-04-22T04:30:36.572+0000] {taskinstance.py:1957} INFO - Dependencies all met for dep_context=requeueable deps ti=<TaskInstance: get_Data_Submission_Reddit_pipeline.get_Data_Submission_Reddit scheduled__2024-04-21T19:00:00+00:00 [queued]>
[2024-04-22T04:30:36.576+0000] {taskinstance.py:2171} INFO - Starting attempt 1 of 1
[2024-04-22T04:30:36.956+0000] {taskinstance.py:2192} INFO - Executing <Task(PythonOperator): get_Data_Submission_Reddit> on 2024-04-21 19:00:00+00:00
[2024-04-22T04:30:36.975+0000] {standard_task_runner.py:60} INFO - Started process 884 to run task
[2024-04-22T04:30:36.995+0000] {standard_task_runner.py:87} INFO - Running: ['***', 'tasks', 'run', 'get_Data_Submission_Reddit_pipeline', 'get_Data_Submission_Reddit', 'scheduled__2024-04-21T19:00:00+00:00', '--job-id', '30', '--raw', '--subdir', 'DAGS_FOLDER/GetPost.py', '--cfg-path', '/tmp/tmpwsk1tq81']
[2024-04-22T04:30:37.011+0000] {standard_task_runner.py:88} INFO - Job 30: Subtask get_Data_Submission_Reddit
[2024-04-22T04:30:37.194+0000] {task_command.py:423} INFO - Running <TaskInstance: get_Data_Submission_Reddit_pipeline.get_Data_Submission_Reddit scheduled__2024-04-21T19:00:00+00:00 [running]> on host d4c97f52cb78
[2024-04-22T04:30:37.740+0000] {taskinstance.py:2481} INFO - Exporting env vars: AIRFLOW_CTX_DAG_OWNER='***' AIRFLOW_CTX_DAG_ID='get_Data_Submission_Reddit_pipeline' AIRFLOW_CTX_TASK_ID='get_Data_Submission_Reddit' AIRFLOW_CTX_EXECUTION_DATE='2024-04-21T19:00:00+00:00' AIRFLOW_CTX_TRY_NUMBER='1' AIRFLOW_CTX_DAG_RUN_ID='scheduled__2024-04-21T19:00:00+00:00'
[2024-04-22T04:30:37.743+0000] {logging_mixin.py:188} INFO - True
[2024-04-22T04:30:39.387+0000] {logging_mixin.py:188} WARNING - /home/***/.local/lib/python3.8/site-packages/***/utils/context.py:315 AirflowContextDeprecationWarning: Accessing 'execution_date' from the template is deprecated and will be removed in a future version. Please use 'data_interval_start' or 'logical_date' instead.
[2024-04-22T04:30:39.388+0000] {taskinstance.py:2699} ERROR - Task failed with exception
Traceback (most recent call last):
  File "/home/airflow/.local/lib/python3.8/site-packages/airflow/models/taskinstance.py", line 433, in _execute_task
    result = execute_callable(context=context, **execute_callable_kwargs)
  File "/home/airflow/.local/lib/python3.8/site-packages/airflow/operators/python.py", line 199, in execute
    return_value = self.execute_callable()
  File "/home/airflow/.local/lib/python3.8/site-packages/airflow/operators/python.py", line 216, in execute_callable
    return self.python_callable(*self.op_args, **self.op_kwargs)
  File "/opt/airflow/dags/GetPost.py", line 46, in _get_Data_Submission_Reddit
    json.dump(data, f)
NameError: name 'data' is not defined
[2024-04-22T04:30:39.411+0000] {taskinstance.py:1138} INFO - Marking task as FAILED. dag_id=get_Data_Submission_Reddit_pipeline, task_id=get_Data_Submission_Reddit, execution_date=20240421T190000, start_date=20240422T043036, end_date=20240422T043039
[2024-04-22T04:30:39.612+0000] {standard_task_runner.py:107} ERROR - Failed to execute job 30 for task get_Data_Submission_Reddit (name 'data' is not defined; 884)
[2024-04-22T04:30:39.637+0000] {local_task_job_runner.py:234} INFO - Task exited with return code 1
[2024-04-22T04:30:39.691+0000] {taskinstance.py:3281} INFO - 0 downstream tasks scheduled from follow-on schedule check
[2024-04-22T04:33:11.226+0000] {taskinstance.py:1957} INFO - Dependencies all met for dep_context=non-requeueable deps ti=<TaskInstance: get_Data_Submission_Reddit_pipeline.get_Data_Submission_Reddit scheduled__2024-04-21T19:00:00+00:00 [queued]>
[2024-04-22T04:33:11.237+0000] {taskinstance.py:1957} INFO - Dependencies all met for dep_context=requeueable deps ti=<TaskInstance: get_Data_Submission_Reddit_pipeline.get_Data_Submission_Reddit scheduled__2024-04-21T19:00:00+00:00 [queued]>
[2024-04-22T04:33:11.237+0000] {taskinstance.py:2171} INFO - Starting attempt 1 of 1
[2024-04-22T04:33:11.284+0000] {taskinstance.py:2192} INFO - Executing <Task(PythonOperator): get_Data_Submission_Reddit> on 2024-04-21 19:00:00+00:00
[2024-04-22T04:33:11.319+0000] {standard_task_runner.py:60} INFO - Started process 1082 to run task
[2024-04-22T04:33:11.336+0000] {standard_task_runner.py:87} INFO - Running: ['***', 'tasks', 'run', 'get_Data_Submission_Reddit_pipeline', 'get_Data_Submission_Reddit', 'scheduled__2024-04-21T19:00:00+00:00', '--job-id', '59', '--raw', '--subdir', 'DAGS_FOLDER/GetPost.py', '--cfg-path', '/tmp/tmprbkq64iz']
[2024-04-22T04:33:11.342+0000] {standard_task_runner.py:88} INFO - Job 59: Subtask get_Data_Submission_Reddit
[2024-04-22T04:33:11.560+0000] {task_command.py:423} INFO - Running <TaskInstance: get_Data_Submission_Reddit_pipeline.get_Data_Submission_Reddit scheduled__2024-04-21T19:00:00+00:00 [running]> on host d4c97f52cb78
[2024-04-22T04:33:11.859+0000] {taskinstance.py:2481} INFO - Exporting env vars: AIRFLOW_CTX_DAG_OWNER='***' AIRFLOW_CTX_DAG_ID='get_Data_Submission_Reddit_pipeline' AIRFLOW_CTX_TASK_ID='get_Data_Submission_Reddit' AIRFLOW_CTX_EXECUTION_DATE='2024-04-21T19:00:00+00:00' AIRFLOW_CTX_TRY_NUMBER='1' AIRFLOW_CTX_DAG_RUN_ID='scheduled__2024-04-21T19:00:00+00:00'
[2024-04-22T04:33:11.866+0000] {logging_mixin.py:188} INFO - True
[2024-04-22T04:33:13.368+0000] {logging_mixin.py:188} WARNING - /home/***/.local/lib/python3.8/site-packages/***/utils/context.py:315 AirflowContextDeprecationWarning: Accessing 'execution_date' from the template is deprecated and will be removed in a future version. Please use 'data_interval_start' or 'logical_date' instead.
[2024-04-22T04:33:13.372+0000] {taskinstance.py:2699} ERROR - Task failed with exception
Traceback (most recent call last):
  File "/home/airflow/.local/lib/python3.8/site-packages/airflow/models/taskinstance.py", line 433, in _execute_task
    result = execute_callable(context=context, **execute_callable_kwargs)
  File "/home/airflow/.local/lib/python3.8/site-packages/airflow/operators/python.py", line 199, in execute
    return_value = self.execute_callable()
  File "/home/airflow/.local/lib/python3.8/site-packages/airflow/operators/python.py", line 216, in execute_callable
    return self.python_callable(*self.op_args, **self.op_kwargs)
  File "/opt/airflow/dags/GetPost.py", line 46, in _get_Data_Submission_Reddit
    json.dump(list_datareddit, f)
  File "/usr/local/lib/python3.8/json/__init__.py", line 179, in dump
    for chunk in iterable:
  File "/usr/local/lib/python3.8/json/encoder.py", line 429, in _iterencode
    yield from _iterencode_list(o, _current_indent_level)
  File "/usr/local/lib/python3.8/json/encoder.py", line 325, in _iterencode_list
    yield from chunks
  File "/usr/local/lib/python3.8/json/encoder.py", line 405, in _iterencode_dict
    yield from chunks
  File "/usr/local/lib/python3.8/json/encoder.py", line 438, in _iterencode
    o = _default(o)
  File "/usr/local/lib/python3.8/json/encoder.py", line 179, in default
    raise TypeError(f'Object of type {o.__class__.__name__} '
TypeError: Object of type datetime is not JSON serializable
[2024-04-22T04:33:13.413+0000] {taskinstance.py:1138} INFO - Marking task as FAILED. dag_id=get_Data_Submission_Reddit_pipeline, task_id=get_Data_Submission_Reddit, execution_date=20240421T190000, start_date=20240422T043311, end_date=20240422T043313
[2024-04-22T04:33:13.848+0000] {standard_task_runner.py:107} ERROR - Failed to execute job 59 for task get_Data_Submission_Reddit (Object of type datetime is not JSON serializable; 1082)
[2024-04-22T04:33:13.911+0000] {local_task_job_runner.py:234} INFO - Task exited with return code 1
[2024-04-22T04:33:14.132+0000] {taskinstance.py:3281} INFO - 0 downstream tasks scheduled from follow-on schedule check
[2024-04-23T09:47:01.082+0000] {taskinstance.py:1957} INFO - Dependencies all met for dep_context=non-requeueable deps ti=<TaskInstance: get_Data_Submission_Reddit_pipeline.get_Data_Submission_Reddit scheduled__2024-04-21T19:00:00+00:00 [queued]>
[2024-04-23T09:47:01.244+0000] {taskinstance.py:1957} INFO - Dependencies all met for dep_context=requeueable deps ti=<TaskInstance: get_Data_Submission_Reddit_pipeline.get_Data_Submission_Reddit scheduled__2024-04-21T19:00:00+00:00 [queued]>
[2024-04-23T09:47:01.300+0000] {taskinstance.py:2171} INFO - Starting attempt 1 of 1
[2024-04-23T09:47:01.690+0000] {taskinstance.py:2192} INFO - Executing <Task(PythonOperator): get_Data_Submission_Reddit> on 2024-04-21 19:00:00+00:00
[2024-04-23T09:47:01.866+0000] {standard_task_runner.py:60} INFO - Started process 341 to run task
[2024-04-23T09:47:01.938+0000] {standard_task_runner.py:87} INFO - Running: ['***', 'tasks', 'run', 'get_Data_Submission_Reddit_pipeline', 'get_Data_Submission_Reddit', 'scheduled__2024-04-21T19:00:00+00:00', '--job-id', '257', '--raw', '--subdir', 'DAGS_FOLDER/GetPost.py', '--cfg-path', '/tmp/tmpsacv110d']
[2024-04-23T09:47:01.977+0000] {standard_task_runner.py:88} INFO - Job 257: Subtask get_Data_Submission_Reddit
[2024-04-23T09:47:02.446+0000] {task_command.py:423} INFO - Running <TaskInstance: get_Data_Submission_Reddit_pipeline.get_Data_Submission_Reddit scheduled__2024-04-21T19:00:00+00:00 [running]> on host 694ea5737885
[2024-04-23T09:47:03.465+0000] {taskinstance.py:2481} INFO - Exporting env vars: AIRFLOW_CTX_DAG_OWNER='***' AIRFLOW_CTX_DAG_ID='get_Data_Submission_Reddit_pipeline' AIRFLOW_CTX_TASK_ID='get_Data_Submission_Reddit' AIRFLOW_CTX_EXECUTION_DATE='2024-04-21T19:00:00+00:00' AIRFLOW_CTX_TRY_NUMBER='1' AIRFLOW_CTX_DAG_RUN_ID='scheduled__2024-04-21T19:00:00+00:00'
[2024-04-23T09:47:03.865+0000] {logging_mixin.py:188} INFO - True
[2024-04-23T09:47:06.671+0000] {logging_mixin.py:188} WARNING - /home/***/.local/lib/python3.8/site-packages/***/utils/context.py:315 AirflowContextDeprecationWarning: Accessing 'execution_date' from the template is deprecated and will be removed in a future version. Please use 'data_interval_start' or 'logical_date' instead.
[2024-04-23T09:47:06.672+0000] {python.py:201} INFO - Done. Returned value was: /opt/***/dags/staging/Submission_Reddit_Data_2024-04-21T19:00:00+00:00.json
[2024-04-23T09:47:07.076+0000] {taskinstance.py:1138} INFO - Marking task as SUCCESS. dag_id=get_Data_Submission_Reddit_pipeline, task_id=get_Data_Submission_Reddit, execution_date=20240421T190000, start_date=20240423T094701, end_date=20240423T094707
[2024-04-23T09:47:08.312+0000] {local_task_job_runner.py:234} INFO - Task exited with return code 0
[2024-04-23T09:47:08.418+0000] {taskinstance.py:3281} INFO - 0 downstream tasks scheduled from follow-on schedule check
