[2024-04-22T10:00:01.257+0000] {taskinstance.py:1957} INFO - Dependencies all met for dep_context=non-requeueable deps ti=<TaskInstance: get_Data_Submission_Reddit_pipeline.get_Data_Submission_Reddit scheduled__2024-04-22T09:00:00+00:00 [queued]>
[2024-04-22T10:00:01.264+0000] {taskinstance.py:1957} INFO - Dependencies all met for dep_context=requeueable deps ti=<TaskInstance: get_Data_Submission_Reddit_pipeline.get_Data_Submission_Reddit scheduled__2024-04-22T09:00:00+00:00 [queued]>
[2024-04-22T10:00:01.264+0000] {taskinstance.py:2171} INFO - Starting attempt 1 of 1
[2024-04-22T10:00:01.280+0000] {taskinstance.py:2192} INFO - Executing <Task(PythonOperator): get_Data_Submission_Reddit> on 2024-04-22 09:00:00+00:00
[2024-04-22T10:00:01.291+0000] {standard_task_runner.py:60} INFO - Started process 2361 to run task
[2024-04-22T10:00:01.296+0000] {standard_task_runner.py:87} INFO - Running: ['***', 'tasks', 'run', 'get_Data_Submission_Reddit_pipeline', 'get_Data_Submission_Reddit', 'scheduled__2024-04-22T09:00:00+00:00', '--job-id', '137', '--raw', '--subdir', 'DAGS_FOLDER/GetPost.py', '--cfg-path', '/tmp/tmpbiur1dbt']
[2024-04-22T10:00:01.297+0000] {standard_task_runner.py:88} INFO - Job 137: Subtask get_Data_Submission_Reddit
[2024-04-22T10:00:01.345+0000] {task_command.py:423} INFO - Running <TaskInstance: get_Data_Submission_Reddit_pipeline.get_Data_Submission_Reddit scheduled__2024-04-22T09:00:00+00:00 [running]> on host 694ea5737885
[2024-04-22T10:00:01.430+0000] {taskinstance.py:2481} INFO - Exporting env vars: AIRFLOW_CTX_DAG_OWNER='***' AIRFLOW_CTX_DAG_ID='get_Data_Submission_Reddit_pipeline' AIRFLOW_CTX_TASK_ID='get_Data_Submission_Reddit' AIRFLOW_CTX_EXECUTION_DATE='2024-04-22T09:00:00+00:00' AIRFLOW_CTX_TRY_NUMBER='1' AIRFLOW_CTX_DAG_RUN_ID='scheduled__2024-04-22T09:00:00+00:00'
[2024-04-22T10:00:01.459+0000] {logging_mixin.py:188} INFO - True
[2024-04-22T10:00:02.996+0000] {logging_mixin.py:188} WARNING - /home/***/.local/lib/python3.8/site-packages/***/utils/context.py:315 AirflowContextDeprecationWarning: Accessing 'execution_date' from the template is deprecated and will be removed in a future version. Please use 'data_interval_start' or 'logical_date' instead.
[2024-04-22T10:00:02.997+0000] {python.py:201} INFO - Done. Returned value was: None
[2024-04-22T10:00:03.004+0000] {taskinstance.py:1138} INFO - Marking task as SUCCESS. dag_id=get_Data_Submission_Reddit_pipeline, task_id=get_Data_Submission_Reddit, execution_date=20240422T090000, start_date=20240422T100001, end_date=20240422T100003
[2024-04-22T10:00:03.030+0000] {local_task_job_runner.py:234} INFO - Task exited with return code 0
[2024-04-22T10:00:03.046+0000] {taskinstance.py:3281} INFO - 0 downstream tasks scheduled from follow-on schedule check
[2024-04-23T09:47:25.043+0000] {taskinstance.py:1957} INFO - Dependencies all met for dep_context=non-requeueable deps ti=<TaskInstance: get_Data_Submission_Reddit_pipeline.get_Data_Submission_Reddit scheduled__2024-04-22T09:00:00+00:00 [queued]>
[2024-04-23T09:47:25.205+0000] {taskinstance.py:1957} INFO - Dependencies all met for dep_context=requeueable deps ti=<TaskInstance: get_Data_Submission_Reddit_pipeline.get_Data_Submission_Reddit scheduled__2024-04-22T09:00:00+00:00 [queued]>
[2024-04-23T09:47:25.229+0000] {taskinstance.py:2171} INFO - Starting attempt 1 of 1
[2024-04-23T09:47:25.448+0000] {taskinstance.py:2192} INFO - Executing <Task(PythonOperator): get_Data_Submission_Reddit> on 2024-04-22 09:00:00+00:00
[2024-04-23T09:47:25.555+0000] {standard_task_runner.py:60} INFO - Started process 444 to run task
[2024-04-23T09:47:25.655+0000] {standard_task_runner.py:87} INFO - Running: ['***', 'tasks', 'run', 'get_Data_Submission_Reddit_pipeline', 'get_Data_Submission_Reddit', 'scheduled__2024-04-22T09:00:00+00:00', '--job-id', '299', '--raw', '--subdir', 'DAGS_FOLDER/GetPost.py', '--cfg-path', '/tmp/tmp8zudk8lw']
[2024-04-23T09:47:25.691+0000] {standard_task_runner.py:88} INFO - Job 299: Subtask get_Data_Submission_Reddit
[2024-04-23T09:47:26.366+0000] {task_command.py:423} INFO - Running <TaskInstance: get_Data_Submission_Reddit_pipeline.get_Data_Submission_Reddit scheduled__2024-04-22T09:00:00+00:00 [running]> on host 694ea5737885
[2024-04-23T09:47:27.840+0000] {taskinstance.py:2481} INFO - Exporting env vars: AIRFLOW_CTX_DAG_OWNER='***' AIRFLOW_CTX_DAG_ID='get_Data_Submission_Reddit_pipeline' AIRFLOW_CTX_TASK_ID='get_Data_Submission_Reddit' AIRFLOW_CTX_EXECUTION_DATE='2024-04-22T09:00:00+00:00' AIRFLOW_CTX_TRY_NUMBER='1' AIRFLOW_CTX_DAG_RUN_ID='scheduled__2024-04-22T09:00:00+00:00'
[2024-04-23T09:47:28.008+0000] {logging_mixin.py:188} INFO - True
[2024-04-23T09:47:30.478+0000] {logging_mixin.py:188} WARNING - /home/***/.local/lib/python3.8/site-packages/***/utils/context.py:315 AirflowContextDeprecationWarning: Accessing 'execution_date' from the template is deprecated and will be removed in a future version. Please use 'data_interval_start' or 'logical_date' instead.
[2024-04-23T09:47:30.501+0000] {python.py:201} INFO - Done. Returned value was: /opt/***/dags/staging/Submission_Reddit_Data_2024-04-22T09:00:00+00:00.json
[2024-04-23T09:47:30.817+0000] {taskinstance.py:1138} INFO - Marking task as SUCCESS. dag_id=get_Data_Submission_Reddit_pipeline, task_id=get_Data_Submission_Reddit, execution_date=20240422T090000, start_date=20240423T094725, end_date=20240423T094730
[2024-04-23T09:47:31.000+0000] {local_task_job_runner.py:234} INFO - Task exited with return code 0
[2024-04-23T09:47:31.150+0000] {taskinstance.py:3281} INFO - 0 downstream tasks scheduled from follow-on schedule check
