[2024-04-22T09:09:16.893+0000] {taskinstance.py:1957} INFO - Dependencies all met for dep_context=non-requeueable deps ti=<TaskInstance: get_Data_CommentSubmission_Reddit_pipeline.get_Data_CommentSubmission_Reddit scheduled__2024-04-21T11:00:00+00:00 [queued]>
[2024-04-22T09:09:16.939+0000] {taskinstance.py:1957} INFO - Dependencies all met for dep_context=requeueable deps ti=<TaskInstance: get_Data_CommentSubmission_Reddit_pipeline.get_Data_CommentSubmission_Reddit scheduled__2024-04-21T11:00:00+00:00 [queued]>
[2024-04-22T09:09:16.941+0000] {taskinstance.py:2171} INFO - Starting attempt 1 of 1
[2024-04-22T09:09:16.995+0000] {taskinstance.py:2192} INFO - Executing <Task(PythonOperator): get_Data_CommentSubmission_Reddit> on 2024-04-21 11:00:00+00:00
[2024-04-22T09:09:17.010+0000] {standard_task_runner.py:60} INFO - Started process 18119 to run task
[2024-04-22T09:09:17.039+0000] {standard_task_runner.py:87} INFO - Running: ['***', 'tasks', 'run', 'get_Data_CommentSubmission_Reddit_pipeline', 'get_Data_CommentSubmission_Reddit', 'scheduled__2024-04-21T11:00:00+00:00', '--job-id', '92', '--raw', '--subdir', 'DAGS_FOLDER/GetComment.py', '--cfg-path', '/tmp/tmp548hnufa']
[2024-04-22T09:09:17.051+0000] {standard_task_runner.py:88} INFO - Job 92: Subtask get_Data_CommentSubmission_Reddit
[2024-04-22T09:09:17.266+0000] {task_command.py:423} INFO - Running <TaskInstance: get_Data_CommentSubmission_Reddit_pipeline.get_Data_CommentSubmission_Reddit scheduled__2024-04-21T11:00:00+00:00 [running]> on host d4c97f52cb78
[2024-04-22T09:09:17.439+0000] {taskinstance.py:2481} INFO - Exporting env vars: AIRFLOW_CTX_DAG_OWNER='***' AIRFLOW_CTX_DAG_ID='get_Data_CommentSubmission_Reddit_pipeline' AIRFLOW_CTX_TASK_ID='get_Data_CommentSubmission_Reddit' AIRFLOW_CTX_EXECUTION_DATE='2024-04-21T11:00:00+00:00' AIRFLOW_CTX_TRY_NUMBER='1' AIRFLOW_CTX_DAG_RUN_ID='scheduled__2024-04-21T11:00:00+00:00'
[2024-04-22T09:09:17.599+0000] {logging_mixin.py:188} INFO - True
[2024-04-22T09:09:18.793+0000] {taskinstance.py:2699} ERROR - Task failed with exception
Traceback (most recent call last):
  File "/home/airflow/.local/lib/python3.8/site-packages/airflow/models/taskinstance.py", line 433, in _execute_task
    result = execute_callable(context=context, **execute_callable_kwargs)
  File "/home/airflow/.local/lib/python3.8/site-packages/airflow/operators/python.py", line 199, in execute
    return_value = self.execute_callable()
  File "/home/airflow/.local/lib/python3.8/site-packages/airflow/operators/python.py", line 216, in execute_callable
    return self.python_callable(*self.op_args, **self.op_kwargs)
  File "/opt/airflow/dags/GetComment.py", line 35, in _get_Data_CommentSubmission_Reddit
    for comment in reddit.comment("dataengineering").new(limit=20):
  File "/home/airflow/.local/lib/python3.8/site-packages/praw/models/reddit/base.py", line 35, in __getattr__
    self._fetch()
  File "/home/airflow/.local/lib/python3.8/site-packages/praw/models/reddit/comment.py", line 192, in _fetch
    raise ClientException(f"No data returned for comment {self.fullname}")
praw.exceptions.ClientException: No data returned for comment t1_dataengineering
[2024-04-22T09:09:18.810+0000] {taskinstance.py:1138} INFO - Marking task as FAILED. dag_id=get_Data_CommentSubmission_Reddit_pipeline, task_id=get_Data_CommentSubmission_Reddit, execution_date=20240421T110000, start_date=20240422T090916, end_date=20240422T090918
[2024-04-22T09:09:19.019+0000] {standard_task_runner.py:107} ERROR - Failed to execute job 92 for task get_Data_CommentSubmission_Reddit (No data returned for comment t1_dataengineering; 18119)
[2024-04-22T09:09:19.066+0000] {local_task_job_runner.py:234} INFO - Task exited with return code 1
[2024-04-22T09:09:19.118+0000] {taskinstance.py:3281} INFO - 0 downstream tasks scheduled from follow-on schedule check
